<?xml version="1.0" encoding="UTF-8" standalone="yes"?><!DOCTYPE report PUBLIC "-//JACOCO//DTD Report 1.1//EN" "report.dtd"><report name="app"><sessioninfo id="unknownhost-872db0dd" start="1746699736040" dump="1746699762581"/><package name="at/aau/serg/websocketbrokerdemo/data/properties"><class name="at/aau/serg/websocketbrokerdemo/data/properties/Utility" sourcefilename="Utility.kt"><method name="&lt;init&gt;" desc="(ILjava/lang/String;IIIILjava/lang/String;ZLjava/lang/String;)V" line="3"><counter type="INSTRUCTION" missed="37" covered="0"/><counter type="LINE" missed="10" covered="0"/><counter type="COMPLEXITY" missed="1" covered="0"/><counter type="METHOD" missed="1" covered="0"/></method><method name="getId" desc="()I" line="4"><counter type="INSTRUCTION" missed="3" covered="0"/><counter type="LINE" missed="1" covered="0"/><counter type="COMPLEXITY" missed="1" covered="0"/><counter type="METHOD" missed="1" covered="0"/></method><method name="getName" desc="()Ljava/lang/String;" line="5"><counter type="INSTRUCTION" missed="3" covered="0"/><counter type="LINE" missed="1" covered="0"/><counter type="COMPLEXITY" missed="1" covered="0"/><counter type="METHOD" missed="1" covered="0"/></method><method name="getPurchasePrice" desc="()I" line="6"><counter type="INSTRUCTION" missed="3" covered="0"/><counter type="LINE" missed="1" covered="0"/><counter type="COMPLEXITY" missed="1" covered="0"/><counter type="METHOD" missed="1" covered="0"/></method><method name="getPosition" desc="()I" line="7"><counter type="INSTRUCTION" missed="3" covered="0"/><counter type="LINE" missed="1" covered="0"/><counter type="COMPLEXITY" missed="1" covered="0"/><counter type="METHOD" missed="1" covered="0"/></method><method name="getRentOneUtilityMultiplier" desc="()I" line="8"><counter type="INSTRUCTION" missed="3" covered="0"/><counter type="LINE" missed="1" covered="0"/><counter type="COMPLEXITY" missed="1" covered="0"/><counter type="METHOD" missed="1" covered="0"/></method><method name="getRentTwoUtilitiesMultiplier" desc="()I" line="9"><counter type="INSTRUCTION" missed="3" covered="0"/><counter type="LINE" missed="1" covered="0"/><counter type="COMPLEXITY" missed="1" covered="0"/><counter type="METHOD" missed="1" covered="0"/></method><method name="getImage" desc="()Ljava/lang/String;" line="10"><counter type="INSTRUCTION" missed="3" covered="0"/><counter type="LINE" missed="1" covered="0"/><counter type="COMPLEXITY" missed="1" covered="0"/><counter type="METHOD" missed="1" covered="0"/></method><method name="isMortgaged" desc="()Z" line="11"><counter type="INSTRUCTION" missed="3" covered="0"/><counter type="LINE" missed="1" covered="0"/><counter type="COMPLEXITY" missed="1" covered="0"/><counter type="METHOD" missed="1" covered="0"/></method><method name="getOwnerId" desc="()Ljava/lang/String;" line="11"><counter type="INSTRUCTION" missed="3" covered="0"/><counter type="LINE" missed="1" covered="0"/><counter type="COMPLEXITY" missed="1" covered="0"/><counter type="METHOD" missed="1" covered="0"/></method><method name="setOwnerId" desc="(Ljava/lang/String;)V" line="11"><counter type="INSTRUCTION" missed="4" covered="0"/><counter type="LINE" missed="1" covered="0"/><counter type="COMPLEXITY" missed="1" covered="0"/><counter type="METHOD" missed="1" covered="0"/></method><counter type="INSTRUCTION" missed="68" covered="0"/><counter type="LINE" missed="10" covered="0"/><counter type="COMPLEXITY" missed="11" covered="0"/><counter type="METHOD" missed="11" covered="0"/><counter type="CLASS" missed="1" covered="0"/></class><class name="at/aau/serg/websocketbrokerdemo/data/properties/PropertyViewModel" sourcefilename="PropertyViewModel.kt"><method name="&lt;init&gt;" desc="()V" line="8"><counter type="INSTRUCTION" missed="3" covered="0"/><counter type="LINE" missed="1" covered="0"/><counter type="COMPLEXITY" missed="1" covered="0"/><counter type="METHOD" missed="1" covered="0"/></method><method name="getProperties" desc="(Landroid/content/Context;)Ljava/util/List;" line="11"><counter type="INSTRUCTION" missed="50" covered="0"/><counter type="LINE" missed="9" covered="0"/><counter type="COMPLEXITY" missed="1" covered="0"/><counter type="METHOD" missed="1" covered="0"/></method><counter type="INSTRUCTION" missed="53" covered="0"/><counter type="LINE" missed="10" covered="0"/><counter type="COMPLEXITY" missed="2" covered="0"/><counter type="METHOD" missed="2" covered="0"/><counter type="CLASS" missed="1" covered="0"/></class><class name="at/aau/serg/websocketbrokerdemo/data/properties/PropertyJsonWrapper" sourcefilename="PropertyJsonWrapper.kt"><method name="&lt;init&gt;" desc="(Ljava/util/List;Ljava/util/List;Ljava/util/List;)V" line="3"><counter type="INSTRUCTION" missed="21" covered="0"/><counter type="LINE" missed="4" covered="0"/><counter type="COMPLEXITY" missed="1" covered="0"/><counter type="METHOD" missed="1" covered="0"/></method><method name="getProperties" desc="()Ljava/util/List;" line="4"><counter type="INSTRUCTION" missed="3" covered="0"/><counter type="LINE" missed="1" covered="0"/><counter type="COMPLEXITY" missed="1" covered="0"/><counter type="METHOD" missed="1" covered="0"/></method><method name="getTrainStations" desc="()Ljava/util/List;" line="5"><counter type="INSTRUCTION" missed="3" covered="0"/><counter type="LINE" missed="1" covered="0"/><counter type="COMPLEXITY" missed="1" covered="0"/><counter type="METHOD" missed="1" covered="0"/></method><method name="getUtilities" desc="()Ljava/util/List;" line="6"><counter type="INSTRUCTION" missed="3" covered="0"/><counter type="LINE" missed="1" covered="0"/><counter type="COMPLEXITY" missed="1" covered="0"/><counter type="METHOD" missed="1" covered="0"/></method><counter type="INSTRUCTION" missed="30" covered="0"/><counter type="LINE" missed="4" covered="0"/><counter type="COMPLEXITY" missed="4" covered="0"/><counter type="METHOD" missed="4" covered="0"/><counter type="CLASS" missed="1" covered="0"/></class><class name="at/aau/serg/websocketbrokerdemo/data/properties/TrainStation" sourcefilename="TrainStation.kt"><method name="&lt;init&gt;" desc="(ILjava/lang/String;IIIIIILjava/lang/String;ZLjava/lang/String;)V" line="3"><counter type="INSTRUCTION" missed="43" covered="0"/><counter type="LINE" missed="12" covered="0"/><counter type="COMPLEXITY" missed="1" covered="0"/><counter type="METHOD" missed="1" covered="0"/></method><method name="getId" desc="()I" line="4"><counter type="INSTRUCTION" missed="3" covered="0"/><counter type="LINE" missed="1" covered="0"/><counter type="COMPLEXITY" missed="1" covered="0"/><counter type="METHOD" missed="1" covered="0"/></method><method name="getName" desc="()Ljava/lang/String;" line="5"><counter type="INSTRUCTION" missed="3" covered="0"/><counter type="LINE" missed="1" covered="0"/><counter type="COMPLEXITY" missed="1" covered="0"/><counter type="METHOD" missed="1" covered="0"/></method><method name="getPurchasePrice" desc="()I" line="6"><counter type="INSTRUCTION" missed="3" covered="0"/><counter type="LINE" missed="1" covered="0"/><counter type="COMPLEXITY" missed="1" covered="0"/><counter type="METHOD" missed="1" covered="0"/></method><method name="getPosition" desc="()I" line="7"><counter type="INSTRUCTION" missed="3" covered="0"/><counter type="LINE" missed="1" covered="0"/><counter type="COMPLEXITY" missed="1" covered="0"/><counter type="METHOD" missed="1" covered="0"/></method><method name="getBaseRent" desc="()I" line="8"><counter type="INSTRUCTION" missed="3" covered="0"/><counter type="LINE" missed="1" covered="0"/><counter type="COMPLEXITY" missed="1" covered="0"/><counter type="METHOD" missed="1" covered="0"/></method><method name="getRent2Stations" desc="()I" line="9"><counter type="INSTRUCTION" missed="3" covered="0"/><counter type="LINE" missed="1" covered="0"/><counter type="COMPLEXITY" missed="1" covered="0"/><counter type="METHOD" missed="1" covered="0"/></method><method name="getRent3Stations" desc="()I" line="10"><counter type="INSTRUCTION" missed="3" covered="0"/><counter type="LINE" missed="1" covered="0"/><counter type="COMPLEXITY" missed="1" covered="0"/><counter type="METHOD" missed="1" covered="0"/></method><method name="getRent4Stations" desc="()I" line="11"><counter type="INSTRUCTION" missed="3" covered="0"/><counter type="LINE" missed="1" covered="0"/><counter type="COMPLEXITY" missed="1" covered="0"/><counter type="METHOD" missed="1" covered="0"/></method><method name="getImage" desc="()Ljava/lang/String;" line="12"><counter type="INSTRUCTION" missed="3" covered="0"/><counter type="LINE" missed="1" covered="0"/><counter type="COMPLEXITY" missed="1" covered="0"/><counter type="METHOD" missed="1" covered="0"/></method><method name="isMortgaged" desc="()Z" line="13"><counter type="INSTRUCTION" missed="3" covered="0"/><counter type="LINE" missed="1" covered="0"/><counter type="COMPLEXITY" missed="1" covered="0"/><counter type="METHOD" missed="1" covered="0"/></method><method name="getOwnerId" desc="()Ljava/lang/String;" line="13"><counter type="INSTRUCTION" missed="3" covered="0"/><counter type="LINE" missed="1" covered="0"/><counter type="COMPLEXITY" missed="1" covered="0"/><counter type="METHOD" missed="1" covered="0"/></method><method name="setOwnerId" desc="(Ljava/lang/String;)V" line="13"><counter type="INSTRUCTION" missed="4" covered="0"/><counter type="LINE" missed="1" covered="0"/><counter type="COMPLEXITY" missed="1" covered="0"/><counter type="METHOD" missed="1" covered="0"/></method><counter type="INSTRUCTION" missed="80" covered="0"/><counter type="LINE" missed="12" covered="0"/><counter type="COMPLEXITY" missed="13" covered="0"/><counter type="METHOD" missed="13" covered="0"/><counter type="CLASS" missed="1" covered="0"/></class><class name="at/aau/serg/websocketbrokerdemo/data/properties/PropertyViewModel$getProperties$wrapperType$1" sourcefilename="PropertyViewModel.kt"><method name="&lt;init&gt;" desc="()V" line="15"><counter type="INSTRUCTION" missed="3" covered="0"/><counter type="LINE" missed="1" covered="0"/><counter type="COMPLEXITY" missed="1" covered="0"/><counter type="METHOD" missed="1" covered="0"/></method><counter type="INSTRUCTION" missed="3" covered="0"/><counter type="LINE" missed="1" covered="0"/><counter type="COMPLEXITY" missed="1" covered="0"/><counter type="METHOD" missed="1" covered="0"/><counter type="CLASS" missed="1" covered="0"/></class><class name="at/aau/serg/websocketbrokerdemo/data/properties/JsonUtilsKt" sourcefilename="JsonUtils.kt"><method name="loadJsonFromAssets" desc="(Landroid/content/Context;Ljava/lang/String;)Ljava/lang/String;" line="7"><counter type="INSTRUCTION" missed="59" covered="0"/><counter type="BRANCH" missed="2" covered="0"/><counter type="LINE" missed="1" covered="0"/><counter type="COMPLEXITY" missed="2" covered="0"/><counter type="METHOD" missed="1" covered="0"/></method><counter type="INSTRUCTION" missed="59" covered="0"/><counter type="BRANCH" missed="2" covered="0"/><counter type="LINE" missed="1" covered="0"/><counter type="COMPLEXITY" missed="2" covered="0"/><counter type="METHOD" missed="1" covered="0"/><counter type="CLASS" missed="1" covered="0"/></class><class name="at/aau/serg/websocketbrokerdemo/data/properties/ImageUtilsKt" sourcefilename="ImageUtils.kt"><method name="getDrawableIdFromName" desc="(Ljava/lang/String;Landroid/content/Context;)I" line="6"><counter type="INSTRUCTION" missed="14" covered="0"/><counter type="LINE" missed="1" covered="0"/><counter type="COMPLEXITY" missed="1" covered="0"/><counter type="METHOD" missed="1" covered="0"/></method><counter type="INSTRUCTION" missed="14" covered="0"/><counter type="LINE" missed="1" covered="0"/><counter type="COMPLEXITY" missed="1" covered="0"/><counter type="METHOD" missed="1" covered="0"/><counter type="CLASS" missed="1" covered="0"/></class><class name="at/aau/serg/websocketbrokerdemo/data/properties/DummyProperty" sourcefilename="Property.kt"><method name="&lt;init&gt;" desc="(IILat/aau/serg/websocketbrokerdemo/data/properties/PropertyColor;Ljava/lang/String;)V" line="13"><counter type="INSTRUCTION" missed="25" covered="0"/><counter type="LINE" missed="8" covered="0"/><counter type="COMPLEXITY" missed="1" covered="0"/><counter type="METHOD" missed="1" covered="0"/></method><method name="&lt;init&gt;" desc="(IILat/aau/serg/websocketbrokerdemo/data/properties/PropertyColor;Ljava/lang/String;ILkotlin/jvm/internal/DefaultConstructorMarker;)V" line="13"><counter type="INSTRUCTION" missed="12" covered="0"/><counter type="LINE" missed="3" covered="0"/><counter type="COMPLEXITY" missed="1" covered="0"/><counter type="METHOD" missed="1" covered="0"/></method><method name="getId" desc="()I" line="14"><counter type="INSTRUCTION" missed="3" covered="0"/><counter type="LINE" missed="1" covered="0"/><counter type="COMPLEXITY" missed="1" covered="0"/><counter type="METHOD" missed="1" covered="0"/></method><method name="getPosition" desc="()I" line="15"><counter type="INSTRUCTION" missed="3" covered="0"/><counter type="LINE" missed="1" covered="0"/><counter type="COMPLEXITY" missed="1" covered="0"/><counter type="METHOD" missed="1" covered="0"/></method><method name="getColor" desc="()Lat/aau/serg/websocketbrokerdemo/data/properties/PropertyColor;" line="16"><counter type="INSTRUCTION" missed="3" covered="0"/><counter type="LINE" missed="1" covered="0"/><counter type="COMPLEXITY" missed="1" covered="0"/><counter type="METHOD" missed="1" covered="0"/></method><method name="getOwnerId" desc="()Ljava/lang/String;" line="17"><counter type="INSTRUCTION" missed="3" covered="0"/><counter type="LINE" missed="1" covered="0"/><counter type="COMPLEXITY" missed="1" covered="0"/><counter type="METHOD" missed="1" covered="0"/></method><method name="setOwnerId" desc="(Ljava/lang/String;)V" line="17"><counter type="INSTRUCTION" missed="4" covered="0"/><counter type="LINE" missed="1" covered="0"/><counter type="COMPLEXITY" missed="1" covered="0"/><counter type="METHOD" missed="1" covered="0"/></method><method name="getName" desc="()Ljava/lang/String;" line="19"><counter type="INSTRUCTION" missed="3" covered="0"/><counter type="LINE" missed="1" covered="0"/><counter type="COMPLEXITY" missed="1" covered="0"/><counter type="METHOD" missed="1" covered="0"/></method><method name="getPurchasePrice" desc="()I" line="20"><counter type="INSTRUCTION" missed="3" covered="0"/><counter type="LINE" missed="1" covered="0"/><counter type="COMPLEXITY" missed="1" covered="0"/><counter type="METHOD" missed="1" covered="0"/></method><method name="getImage" desc="()Ljava/lang/String;" line="21"><counter type="INSTRUCTION" missed="3" covered="0"/><counter type="LINE" missed="1" covered="0"/><counter type="COMPLEXITY" missed="1" covered="0"/><counter type="METHOD" missed="1" covered="0"/></method><method name="isMortgaged" desc="()Z" line="22"><counter type="INSTRUCTION" missed="3" covered="0"/><counter type="LINE" missed="1" covered="0"/><counter type="COMPLEXITY" missed="1" covered="0"/><counter type="METHOD" missed="1" covered="0"/></method><counter type="INSTRUCTION" missed="65" covered="0"/><counter type="LINE" missed="10" covered="0"/><counter type="COMPLEXITY" missed="11" covered="0"/><counter type="METHOD" missed="11" covered="0"/><counter type="CLASS" missed="1" covered="0"/></class><class name="at/aau/serg/websocketbrokerdemo/data/properties/PropertyExtensionsKt" sourcefilename="PropertyExtensions.kt"><method name="copyWithOwner" desc="(Lat/aau/serg/websocketbrokerdemo/data/properties/Property;Ljava/lang/String;)Lat/aau/serg/websocketbrokerdemo/data/properties/Property;" line="4"><counter type="INSTRUCTION" missed="85" covered="0"/><counter type="BRANCH" missed="6" covered="0"/><counter type="LINE" missed="5" covered="0"/><counter type="COMPLEXITY" missed="4" covered="0"/><counter type="METHOD" missed="1" covered="0"/></method><counter type="INSTRUCTION" missed="85" covered="0"/><counter type="BRANCH" missed="6" covered="0"/><counter type="LINE" missed="5" covered="0"/><counter type="COMPLEXITY" missed="4" covered="0"/><counter type="METHOD" missed="1" covered="0"/><counter type="CLASS" missed="1" covered="0"/></class><class name="at/aau/serg/websocketbrokerdemo/data/properties/PropertyColor" sourcefilename="PropertyColor.kt"><method name="getEntries" desc="()Lkotlin/enums/EnumEntries;" line="15"><counter type="INSTRUCTION" missed="2" covered="0"/><counter type="LINE" missed="1" covered="0"/><counter type="COMPLEXITY" missed="1" covered="0"/><counter type="METHOD" missed="1" covered="0"/></method><method name="&lt;clinit&gt;" desc="()V" line="4"><counter type="INSTRUCTION" missed="73" covered="0"/><counter type="LINE" missed="11" covered="0"/><counter type="COMPLEXITY" missed="1" covered="0"/><counter type="METHOD" missed="1" covered="0"/></method><counter type="INSTRUCTION" missed="75" covered="0"/><counter type="LINE" missed="12" covered="0"/><counter type="COMPLEXITY" missed="2" covered="0"/><counter type="METHOD" missed="2" covered="0"/><counter type="CLASS" missed="1" covered="0"/></class><class name="at/aau/serg/websocketbrokerdemo/data/properties/Property" sourcefilename="Property.kt"/><class name="at/aau/serg/websocketbrokerdemo/data/properties/HouseableProperty" sourcefilename="HouseableProperty.kt"><method name="&lt;init&gt;" desc="(ILjava/lang/String;IIIIIIIIIIILjava/lang/String;ZLjava/lang/String;)V" line="3"><counter type="INSTRUCTION" missed="58" covered="0"/><counter type="LINE" missed="17" covered="0"/><counter type="COMPLEXITY" missed="1" covered="0"/><counter type="METHOD" missed="1" covered="0"/></method><method name="getId" desc="()I" line="4"><counter type="INSTRUCTION" missed="3" covered="0"/><counter type="LINE" missed="1" covered="0"/><counter type="COMPLEXITY" missed="1" covered="0"/><counter type="METHOD" missed="1" covered="0"/></method><method name="getName" desc="()Ljava/lang/String;" line="5"><counter type="INSTRUCTION" missed="3" covered="0"/><counter type="LINE" missed="1" covered="0"/><counter type="COMPLEXITY" missed="1" covered="0"/><counter type="METHOD" missed="1" covered="0"/></method><method name="getPurchasePrice" desc="()I" line="6"><counter type="INSTRUCTION" missed="3" covered="0"/><counter type="LINE" missed="1" covered="0"/><counter type="COMPLEXITY" missed="1" covered="0"/><counter type="METHOD" missed="1" covered="0"/></method><method name="getPosition" desc="()I" line="7"><counter type="INSTRUCTION" missed="3" covered="0"/><counter type="LINE" missed="1" covered="0"/><counter type="COMPLEXITY" missed="1" covered="0"/><counter type="METHOD" missed="1" covered="0"/></method><method name="getBaseRent" desc="()I" line="8"><counter type="INSTRUCTION" missed="3" covered="0"/><counter type="LINE" missed="1" covered="0"/><counter type="COMPLEXITY" missed="1" covered="0"/><counter type="METHOD" missed="1" covered="0"/></method><method name="getRent1House" desc="()I" line="9"><counter type="INSTRUCTION" missed="3" covered="0"/><counter type="LINE" missed="1" covered="0"/><counter type="COMPLEXITY" missed="1" covered="0"/><counter type="METHOD" missed="1" covered="0"/></method><method name="getRent2Houses" desc="()I" line="10"><counter type="INSTRUCTION" missed="3" covered="0"/><counter type="LINE" missed="1" covered="0"/><counter type="COMPLEXITY" missed="1" covered="0"/><counter type="METHOD" missed="1" covered="0"/></method><method name="getRent3Houses" desc="()I" line="11"><counter type="INSTRUCTION" missed="3" covered="0"/><counter type="LINE" missed="1" covered="0"/><counter type="COMPLEXITY" missed="1" covered="0"/><counter type="METHOD" missed="1" covered="0"/></method><method name="getRent4Houses" desc="()I" line="12"><counter type="INSTRUCTION" missed="3" covered="0"/><counter type="LINE" missed="1" covered="0"/><counter type="COMPLEXITY" missed="1" covered="0"/><counter type="METHOD" missed="1" covered="0"/></method><method name="getRentHotel" desc="()I" line="13"><counter type="INSTRUCTION" missed="3" covered="0"/><counter type="LINE" missed="1" covered="0"/><counter type="COMPLEXITY" missed="1" covered="0"/><counter type="METHOD" missed="1" covered="0"/></method><method name="getHousePrice" desc="()I" line="14"><counter type="INSTRUCTION" missed="3" covered="0"/><counter type="LINE" missed="1" covered="0"/><counter type="COMPLEXITY" missed="1" covered="0"/><counter type="METHOD" missed="1" covered="0"/></method><method name="getHotelPrice" desc="()I" line="15"><counter type="INSTRUCTION" missed="3" covered="0"/><counter type="LINE" missed="1" covered="0"/><counter type="COMPLEXITY" missed="1" covered="0"/><counter type="METHOD" missed="1" covered="0"/></method><method name="getMortgageValue" desc="()I" line="16"><counter type="INSTRUCTION" missed="3" covered="0"/><counter type="LINE" missed="1" covered="0"/><counter type="COMPLEXITY" missed="1" covered="0"/><counter type="METHOD" missed="1" covered="0"/></method><method name="getImage" desc="()Ljava/lang/String;" line="17"><counter type="INSTRUCTION" missed="3" covered="0"/><counter type="LINE" missed="1" covered="0"/><counter type="COMPLEXITY" missed="1" covered="0"/><counter type="METHOD" missed="1" covered="0"/></method><method name="isMortgaged" desc="()Z" line="18"><counter type="INSTRUCTION" missed="3" covered="0"/><counter type="LINE" missed="1" covered="0"/><counter type="COMPLEXITY" missed="1" covered="0"/><counter type="METHOD" missed="1" covered="0"/></method><method name="getOwnerId" desc="()Ljava/lang/String;" line="18"><counter type="INSTRUCTION" missed="3" covered="0"/><counter type="LINE" missed="1" covered="0"/><counter type="COMPLEXITY" missed="1" covered="0"/><counter type="METHOD" missed="1" covered="0"/></method><method name="setOwnerId" desc="(Ljava/lang/String;)V" line="18"><counter type="INSTRUCTION" missed="4" covered="0"/><counter type="LINE" missed="1" covered="0"/><counter type="COMPLEXITY" missed="1" covered="0"/><counter type="METHOD" missed="1" covered="0"/></method><counter type="INSTRUCTION" missed="110" covered="0"/><counter type="LINE" missed="17" covered="0"/><counter type="COMPLEXITY" missed="18" covered="0"/><counter type="METHOD" missed="18" covered="0"/><counter type="CLASS" missed="1" covered="0"/></class><sourcefile name="PropertyExtensions.kt"><line nr="4" mi="3" ci="0" mb="0" cb="0"/><line nr="5" mi="26" ci="0" mb="2" cb="0"/><line nr="6" mi="21" ci="0" mb="2" cb="0"/><line nr="7" mi="19" ci="0" mb="2" cb="0"/><line nr="8" mi="13" ci="0" mb="0" cb="0"/><counter type="INSTRUCTION" missed="85" covered="0"/><counter type="BRANCH" missed="6" covered="0"/><counter type="LINE" missed="5" covered="0"/><counter type="COMPLEXITY" missed="4" covered="0"/><counter type="METHOD" missed="1" covered="0"/><counter type="CLASS" missed="1" covered="0"/></sourcefile><sourcefile name="JsonUtils.kt"><line nr="7" mi="53" ci="0" mb="2" cb="0"/><counter type="INSTRUCTION" missed="59" covered="0"/><counter type="BRANCH" missed="2" covered="0"/><counter type="LINE" missed="1" covered="0"/><counter type="COMPLEXITY" missed="2" covered="0"/><counter type="METHOD" missed="1" covered="0"/><counter type="CLASS" missed="1" covered="0"/></sourcefile><sourcefile name="PropertyJsonWrapper.kt"><line nr="3" mi="3" ci="0" mb="0" cb="0"/><line nr="4" mi="6" ci="0" mb="0" cb="0"/><line nr="5" mi="6" ci="0" mb="0" cb="0"/><line nr="6" mi="6" ci="0" mb="0" cb="0"/><counter type="INSTRUCTION" missed="30" covered="0"/><counter type="LINE" missed="4" covered="0"/><counter type="COMPLEXITY" missed="4" covered="0"/><counter type="METHOD" missed="4" covered="0"/><counter type="CLASS" missed="1" covered="0"/></sourcefile><sourcefile name="PropertyViewModel.kt"><line nr="8" mi="3" ci="0" mb="0" cb="0"/><line nr="11" mi="4" ci="0" mb="0" cb="0"/><line nr="12" mi="4" ci="0" mb="0" cb="0"/><line nr="15" mi="8" ci="0" mb="0" cb="0"/><line nr="16" mi="9" ci="0" mb="0" cb="0"/><line nr="18" mi="5" ci="0" mb="0" cb="0"/><line nr="20" mi="6" ci="0" mb="0" cb="0"/><line nr="21" mi="6" ci="0" mb="0" cb="0"/><line nr="22" mi="6" ci="0" mb="0" cb="0"/><line nr="24" mi="2" ci="0" mb="0" cb="0"/><counter type="INSTRUCTION" missed="56" covered="0"/><counter type="LINE" missed="10" covered="0"/><counter type="COMPLEXITY" missed="3" covered="0"/><counter type="METHOD" missed="3" covered="0"/><counter type="CLASS" missed="2" covered="0"/></sourcefile><sourcefile name="PropertyColor.kt"><line nr="4" mi="6" ci="0" mb="0" cb="0"/><line nr="5" mi="6" ci="0" mb="0" cb="0"/><line nr="6" mi="6" ci="0" mb="0" cb="0"/><line nr="7" mi="6" ci="0" mb="0" cb="0"/><line nr="8" mi="6" ci="0" mb="0" cb="0"/><line nr="9" mi="6" ci="0" mb="0" cb="0"/><line nr="10" mi="6" ci="0" mb="0" cb="0"/><line nr="11" mi="6" ci="0" mb="0" cb="0"/><line nr="12" mi="6" ci="0" mb="0" cb="0"/><line nr="13" mi="6" ci="0" mb="0" cb="0"/><line nr="14" mi="13" ci="0" mb="0" cb="0"/><line nr="15" mi="1" ci="0" mb="0" cb="0"/><counter type="INSTRUCTION" missed="75" covered="0"/><counter type="LINE" missed="12" covered="0"/><counter type="COMPLEXITY" missed="2" covered="0"/><counter type="METHOD" missed="2" covered="0"/><counter type="CLASS" missed="1" covered="0"/></sourcefile><sourcefile name="HouseableProperty.kt"><line nr="3" mi="1" ci="0" mb="0" cb="0"/><line nr="4" mi="6" ci="0" mb="0" cb="0"/><line nr="5" mi="6" ci="0" mb="0" cb="0"/><line nr="6" mi="6" ci="0" mb="0" cb="0"/><line nr="7" mi="6" ci="0" mb="0" cb="0"/><line nr="8" mi="6" ci="0" mb="0" cb="0"/><line nr="9" mi="6" ci="0" mb="0" cb="0"/><line nr="10" mi="6" ci="0" mb="0" cb="0"/><line nr="11" mi="6" ci="0" mb="0" cb="0"/><line nr="12" mi="6" ci="0" mb="0" cb="0"/><line nr="13" mi="6" ci="0" mb="0" cb="0"/><line nr="14" mi="6" ci="0" mb="0" cb="0"/><line nr="15" mi="6" ci="0" mb="0" cb="0"/><line nr="16" mi="6" ci="0" mb="0" cb="0"/><line nr="17" mi="6" ci="0" mb="0" cb="0"/><line nr="18" mi="16" ci="0" mb="0" cb="0"/><line nr="19" mi="3" ci="0" mb="0" cb="0"/><counter type="INSTRUCTION" missed="110" covered="0"/><counter type="LINE" missed="17" covered="0"/><counter type="COMPLEXITY" missed="18" covered="0"/><counter type="METHOD" missed="18" covered="0"/><counter type="CLASS" missed="1" covered="0"/></sourcefile><sourcefile name="TrainStation.kt"><line nr="3" mi="1" ci="0" mb="0" cb="0"/><line nr="4" mi="6" ci="0" mb="0" cb="0"/><line nr="5" mi="6" ci="0" mb="0" cb="0"/><line nr="6" mi="6" ci="0" mb="0" cb="0"/><line nr="7" mi="6" ci="0" mb="0" cb="0"/><line nr="8" mi="6" ci="0" mb="0" cb="0"/><line nr="9" mi="6" ci="0" mb="0" cb="0"/><line nr="10" mi="6" ci="0" mb="0" cb="0"/><line nr="11" mi="6" ci="0" mb="0" cb="0"/><line nr="12" mi="6" ci="0" mb="0" cb="0"/><line nr="13" mi="16" ci="0" mb="0" cb="0"/><line nr="14" mi="3" ci="0" mb="0" cb="0"/><counter type="INSTRUCTION" missed="80" covered="0"/><counter type="LINE" missed="12" covered="0"/><counter type="COMPLEXITY" missed="13" covered="0"/><counter type="METHOD" missed="13" covered="0"/><counter type="CLASS" missed="1" covered="0"/></sourcefile><sourcefile name="ImageUtils.kt"><line nr="6" mi="8" ci="0" mb="0" cb="0"/><counter type="INSTRUCTION" missed="14" covered="0"/><counter type="LINE" missed="1" covered="0"/><counter type="COMPLEXITY" missed="1" covered="0"/><counter type="METHOD" missed="1" covered="0"/><counter type="CLASS" missed="1" covered="0"/></sourcefile><sourcefile name="Utility.kt"><line nr="3" mi="1" ci="0" mb="0" cb="0"/><line nr="4" mi="6" ci="0" mb="0" cb="0"/><line nr="5" mi="6" ci="0" mb="0" cb="0"/><line nr="6" mi="6" ci="0" mb="0" cb="0"/><line nr="7" mi="6" ci="0" mb="0" cb="0"/><line nr="8" mi="6" ci="0" mb="0" cb="0"/><line nr="9" mi="6" ci="0" mb="0" cb="0"/><line nr="10" mi="6" ci="0" mb="0" cb="0"/><line nr="11" mi="16" ci="0" mb="0" cb="0"/><line nr="12" mi="3" ci="0" mb="0" cb="0"/><counter type="INSTRUCTION" missed="68" covered="0"/><counter type="LINE" missed="10" covered="0"/><counter type="COMPLEXITY" missed="11" covered="0"/><counter type="METHOD" missed="11" covered="0"/><counter type="CLASS" missed="1" covered="0"/></sourcefile><sourcefile name="Property.kt"><line nr="13" mi="10" ci="0" mb="0" cb="0"/><line nr="14" mi="6" ci="0" mb="0" cb="0"/><line nr="15" mi="6" ci="0" mb="0" cb="0"/><line nr="16" mi="6" ci="0" mb="0" cb="0"/><line nr="17" mi="12" ci="0" mb="0" cb="0"/><line nr="18" mi="4" ci="0" mb="0" cb="0"/><line nr="19" mi="6" ci="0" mb="0" cb="0"/><line nr="20" mi="3" ci="0" mb="0" cb="0"/><line nr="21" mi="6" ci="0" mb="0" cb="0"/><line nr="22" mi="3" ci="0" mb="0" cb="0"/><counter type="INSTRUCTION" missed="65" covered="0"/><counter type="LINE" missed="10" covered="0"/><counter type="COMPLEXITY" missed="11" covered="0"/><counter type="METHOD" missed="11" covered="0"/><counter type="CLASS" missed="1" covered="0"/></sourcefile><counter type="INSTRUCTION" missed="642" covered="0"/><counter type="BRANCH" missed="8" covered="0"/><counter type="LINE" missed="82" covered="0"/><counter type="COMPLEXITY" missed="69" covered="0"/><counter type="METHOD" missed="65" covered="0"/><counter type="CLASS" missed="11" covered="0"/></package><package name="at/aau/serg/websocketbrokerdemo"><class name="at/aau/serg/websocketbrokerdemo/MainActivity$MonopolyWebSocketApp$5$1" sourcefilename="MainActivity.kt"><method name="invokeSuspend" desc="(Ljava/lang/Object;)Ljava/lang/Object;" line="142"><counter type="INSTRUCTION" missed="60" covered="0"/><counter type="BRANCH" missed="8" covered="0"/><counter type="LINE" missed="13" covered="0"/><counter type="COMPLEXITY" missed="5" covered="0"/><counter type="METHOD" missed="1" covered="0"/></method><counter type="INSTRUCTION" missed="60" covered="0"/><counter type="BRANCH" missed="8" covered="0"/><counter type="LINE" missed="13" covered="0"/><counter type="COMPLEXITY" missed="5" covered="0"/><counter type="METHOD" missed="1" covered="0"/><counter type="CLASS" missed="1" covered="0"/></class><class name="at/aau/serg/websocketbrokerdemo/MainActivity$MonopolyWebSocketApp$1$1" sourcefilename="MainActivity.kt"><method name="invokeSuspend" desc="(Ljava/lang/Object;)Ljava/lang/Object;" line="60"><counter type="INSTRUCTION" missed="26" covered="0"/><counter type="BRANCH" missed="4" covered="0"/><counter type="LINE" missed="6" covered="0"/><counter type="COMPLEXITY" missed="3" covered="0"/><counter type="METHOD" missed="1" covered="0"/></method><counter type="INSTRUCTION" missed="26" covered="0"/><counter type="BRANCH" missed="4" covered="0"/><counter type="LINE" missed="6" covered="0"/><counter type="COMPLEXITY" missed="3" covered="0"/><counter type="METHOD" missed="1" covered="0"/><counter type="CLASS" missed="1" covered="0"/></class><class name="at/aau/serg/websocketbrokerdemo/AuthActivityKt" sourcefilename="AuthActivity.kt"><method name="AuthNavigation" desc="(Landroidx/compose/runtime/Composer;I)V" line="49"><counter type="INSTRUCTION" missed="76" covered="0"/><counter type="BRANCH" missed="10" covered="0"/><counter type="LINE" missed="4" covered="0"/><counter type="COMPLEXITY" missed="6" covered="0"/><counter type="METHOD" missed="1" covered="0"/></method><method name="AuthNavigation$lambda$1$lambda$0" desc="(Landroidx/navigation/NavHostController;Landroidx/navigation/NavGraphBuilder;)Lkotlin/Unit;" line="52"><counter type="INSTRUCTION" missed="35" covered="0"/><counter type="LINE" missed="3" covered="0"/><counter type="COMPLEXITY" missed="1" covered="0"/><counter type="METHOD" missed="1" covered="0"/></method><counter type="INSTRUCTION" missed="111" covered="0"/><counter type="BRANCH" missed="10" covered="0"/><counter type="LINE" missed="7" covered="0"/><counter type="COMPLEXITY" missed="7" covered="0"/><counter type="METHOD" missed="2" covered="0"/><counter type="CLASS" missed="1" covered="0"/></class><class name="at/aau/serg/websocketbrokerdemo/GameWebSocketClient$createListener$1" sourcefilename="GameWebSocketClient.kt"><method name="&lt;init&gt;" desc="(Lat/aau/serg/websocketbrokerdemo/GameWebSocketClient;)V" line="89"><counter type="INSTRUCTION" missed="6" covered="0"/><counter type="LINE" missed="1" covered="0"/><counter type="COMPLEXITY" missed="1" covered="0"/><counter type="METHOD" missed="1" covered="0"/></method><method name="onOpen" desc="(Lokhttp3/WebSocket;Lokhttp3/Response;)V" line="91"><counter type="INSTRUCTION" missed="18" covered="0"/><counter type="LINE" missed="3" covered="0"/><counter type="COMPLEXITY" missed="1" covered="0"/><counter type="METHOD" missed="1" covered="0"/></method><method name="onMessage" desc="(Lokhttp3/WebSocket;Ljava/lang/String;)V" line="96"><counter type="INSTRUCTION" missed="334" covered="0"/><counter type="BRANCH" missed="36" covered="0"/><counter type="LINE" missed="52" covered="0"/><counter type="COMPLEXITY" missed="19" covered="0"/><counter type="METHOD" missed="1" covered="0"/></method><method name="onMessage" desc="(Lokhttp3/WebSocket;Lokio/ByteString;)V" line="182"><counter type="INSTRUCTION" missed="13" covered="0"/><counter type="LINE" missed="2" covered="0"/><counter type="COMPLEXITY" missed="1" covered="0"/><counter type="METHOD" missed="1" covered="0"/></method><method name="onClosing" desc="(Lokhttp3/WebSocket;ILjava/lang/String;)V" line="186"><counter type="INSTRUCTION" missed="17" covered="0"/><counter type="LINE" missed="3" covered="0"/><counter type="COMPLEXITY" missed="1" covered="0"/><counter type="METHOD" missed="1" covered="0"/></method><method name="onClosed" desc="(Lokhttp3/WebSocket;ILjava/lang/String;)V" line="191"><counter type="INSTRUCTION" missed="16" covered="0"/><counter type="LINE" missed="3" covered="0"/><counter type="COMPLEXITY" missed="1" covered="0"/><counter type="METHOD" missed="1" covered="0"/></method><method name="onFailure" desc="(Lokhttp3/WebSocket;Ljava/lang/Throwable;Lokhttp3/Response;)V" line="197"><counter type="INSTRUCTION" missed="35" covered="0"/><counter type="BRANCH" missed="2" covered="0"/><counter type="LINE" missed="5" covered="0"/><counter type="COMPLEXITY" missed="2" covered="0"/><counter type="METHOD" missed="1" covered="0"/></method><counter type="INSTRUCTION" missed="439" covered="0"/><counter type="BRANCH" missed="38" covered="0"/><counter type="LINE" missed="69" covered="0"/><counter type="COMPLEXITY" missed="26" covered="0"/><counter type="METHOD" missed="7" covered="0"/><counter type="CLASS" missed="1" covered="0"/></class><class name="at/aau/serg/websocketbrokerdemo/MainActivity$MonopolyWebSocketApp$4$1" sourcefilename="MainActivity.kt"><method name="invokeSuspend" desc="(Ljava/lang/Object;)Ljava/lang/Object;" line="88"><counter type="INSTRUCTION" missed="35" covered="0"/><counter type="BRANCH" missed="4" covered="0"/><counter type="LINE" missed="4" covered="0"/><counter type="COMPLEXITY" missed="3" covered="0"/><counter type="METHOD" missed="1" covered="0"/></method><counter type="INSTRUCTION" missed="35" covered="0"/><counter type="BRANCH" missed="4" covered="0"/><counter type="LINE" missed="4" covered="0"/><counter type="COMPLEXITY" missed="3" covered="0"/><counter type="METHOD" missed="1" covered="0"/><counter type="CLASS" missed="1" covered="0"/></class><class name="at/aau/serg/websocketbrokerdemo/GameWebSocketClient$createListener$1$onMessage$type$1" sourcefilename="GameWebSocketClient.kt"><method name="&lt;init&gt;" desc="()V" line="124"><counter type="INSTRUCTION" missed="3" covered="0"/><counter type="LINE" missed="1" covered="0"/><counter type="COMPLEXITY" missed="1" covered="0"/><counter type="METHOD" missed="1" covered="0"/></method><counter type="INSTRUCTION" missed="3" covered="0"/><counter type="LINE" missed="1" covered="0"/><counter type="COMPLEXITY" missed="1" covered="0"/><counter type="METHOD" missed="1" covered="0"/><counter type="CLASS" missed="1" covered="0"/></class><class name="at/aau/serg/websocketbrokerdemo/GameWebSocketClient$sendInitMessage$1$1$1" sourcefilename="GameWebSocketClient.kt"><method name="invokeSuspend" desc="(Ljava/lang/Object;)Ljava/lang/Object;" line="73"><counter type="INSTRUCTION" missed="44" covered="0"/><counter type="BRANCH" missed="6" covered="0"/><counter type="LINE" missed="10" covered="0"/><counter type="COMPLEXITY" missed="4" covered="0"/><counter type="METHOD" missed="1" covered="0"/></method><counter type="INSTRUCTION" missed="44" covered="0"/><counter type="BRANCH" missed="6" covered="0"/><counter type="LINE" missed="10" covered="0"/><counter type="COMPLEXITY" missed="4" covered="0"/><counter type="METHOD" missed="1" covered="0"/><counter type="CLASS" missed="1" covered="0"/></class><class name="at/aau/serg/websocketbrokerdemo/GameWebSocketClient" sourcefilename="GameWebSocketClient.kt"><method name="&lt;init&gt;" desc="(Landroid/content/Context;Lkotlin/jvm/functions/Function0;Lkotlin/jvm/functions/Function1;Lkotlin/jvm/functions/Function2;Lkotlin/jvm/functions/Function1;Lkotlin/jvm/functions/Function1;Lkotlin/jvm/functions/Function1;Lkotlinx/coroutines/CoroutineDispatcher;Lkotlin/jvm/functions/Function2;Lkotlin/jvm/functions/Function3;Lkotlin/jvm/functions/Function3;)V" line="24"><counter type="INSTRUCTION" missed="97" covered="0"/><counter type="LINE" missed="19" covered="0"/><counter type="COMPLEXITY" missed="1" covered="0"/><counter type="METHOD" missed="1" covered="0"/></method><method name="&lt;init&gt;" desc="(Landroid/content/Context;Lkotlin/jvm/functions/Function0;Lkotlin/jvm/functions/Function1;Lkotlin/jvm/functions/Function2;Lkotlin/jvm/functions/Function1;Lkotlin/jvm/functions/Function1;Lkotlin/jvm/functions/Function1;Lkotlinx/coroutines/CoroutineDispatcher;Lkotlin/jvm/functions/Function2;Lkotlin/jvm/functions/Function3;Lkotlin/jvm/functions/Function3;ILkotlin/jvm/internal/DefaultConstructorMarker;)V" line="24"><counter type="INSTRUCTION" missed="19" covered="0"/><counter type="LINE" missed="3" covered="0"/><counter type="COMPLEXITY" missed="1" covered="0"/><counter type="METHOD" missed="1" covered="0"/></method><method name="connect" desc="()V" line="56"><counter type="INSTRUCTION" missed="13" covered="0"/><counter type="BRANCH" missed="2" covered="0"/><counter type="LINE" missed="5" covered="0"/><counter type="COMPLEXITY" missed="2" covered="0"/><counter type="METHOD" missed="1" covered="0"/></method><method name="initWebSocket" desc="()V" line="66"><counter type="INSTRUCTION" missed="11" covered="0"/><counter type="LINE" missed="2" covered="0"/><counter type="COMPLEXITY" missed="1" covered="0"/><counter type="METHOD" missed="1" covered="0"/></method><method name="sendInitMessage" desc="()V" line="70"><counter type="INSTRUCTION" missed="17" covered="0"/><counter type="LINE" missed="2" covered="0"/><counter type="COMPLEXITY" missed="1" covered="0"/><counter type="METHOD" missed="1" covered="0"/></method><method name="createListener" desc="()Lat/aau/serg/websocketbrokerdemo/GameWebSocketClient$createListener$1;" line="89"><counter type="INSTRUCTION" missed="5" covered="0"/><counter type="LINE" missed="2" covered="0"/><counter type="COMPLEXITY" missed="1" covered="0"/><counter type="METHOD" missed="1" covered="0"/></method><method name="sendMessage" desc="(Ljava/lang/String;)V" line="208"><counter type="INSTRUCTION" missed="13" covered="0"/><counter type="BRANCH" missed="2" covered="0"/><counter type="LINE" missed="2" covered="0"/><counter type="COMPLEXITY" missed="2" covered="0"/><counter type="METHOD" missed="1" covered="0"/></method><method name="close" desc="()V" line="213"><counter type="INSTRUCTION" missed="14" covered="0"/><counter type="BRANCH" missed="2" covered="0"/><counter type="LINE" missed="3" covered="0"/><counter type="COMPLEXITY" missed="2" covered="0"/><counter type="METHOD" missed="1" covered="0"/></method><method name="buyProperty" desc="(I)V" line="223"><counter type="INSTRUCTION" missed="18" covered="0"/><counter type="BRANCH" missed="2" covered="0"/><counter type="LINE" missed="4" covered="0"/><counter type="COMPLEXITY" missed="2" covered="0"/><counter type="METHOD" missed="1" covered="0"/></method><method name="setPropertyBoughtListener" desc="(Lkotlin/jvm/functions/Function1;)V" line="231"><counter type="INSTRUCTION" missed="7" covered="0"/><counter type="LINE" missed="2" covered="0"/><counter type="COMPLEXITY" missed="1" covered="0"/><counter type="METHOD" missed="1" covered="0"/></method><method name="loadServerUrl" desc="(Landroid/content/Context;)Ljava/lang/String;" line="236"><counter type="INSTRUCTION" missed="39" covered="0"/><counter type="LINE" missed="5" covered="0"/><counter type="COMPLEXITY" missed="1" covered="0"/><counter type="METHOD" missed="1" covered="0"/></method><method name="sendChatMessage" desc="(Ljava/lang/String;Ljava/lang/String;)V" line="244"><counter type="INSTRUCTION" missed="26" covered="0"/><counter type="LINE" missed="4" covered="0"/><counter type="COMPLEXITY" missed="1" covered="0"/><counter type="METHOD" missed="1" covered="0"/></method><method name="rollDice" desc="()V" line="250"><counter type="INSTRUCTION" missed="10" covered="0"/><counter type="BRANCH" missed="2" covered="0"/><counter type="LINE" missed="2" covered="0"/><counter type="COMPLEXITY" missed="2" covered="0"/><counter type="METHOD" missed="1" covered="0"/></method><method name="manualRollDice" desc="(I)V" line="254"><counter type="INSTRUCTION" missed="23" covered="0"/><counter type="BRANCH" missed="8" covered="0"/><counter type="LINE" missed="3" covered="0"/><counter type="COMPLEXITY" missed="5" covered="0"/><counter type="METHOD" missed="1" covered="0"/></method><method name="sendTaxPayment" desc="(Ljava/lang/String;ILjava/lang/String;)V" line="260"><counter type="INSTRUCTION" missed="38" covered="0"/><counter type="BRANCH" missed="2" covered="0"/><counter type="LINE" missed="8" covered="0"/><counter type="COMPLEXITY" missed="2" covered="0"/><counter type="METHOD" missed="1" covered="0"/></method><method name="sendGiveUpMessage" desc="(Ljava/lang/String;)V" line="271"><counter type="INSTRUCTION" missed="17" covered="0"/><counter type="BRANCH" missed="2" covered="0"/><counter type="LINE" missed="5" covered="0"/><counter type="COMPLEXITY" missed="2" covered="0"/><counter type="METHOD" missed="1" covered="0"/></method><method name="sendPullCard" desc="(Ljava/lang/String;I)V" line="282"><counter type="INSTRUCTION" missed="42" covered="0"/><counter type="BRANCH" missed="5" covered="0"/><counter type="LINE" missed="9" covered="0"/><counter type="COMPLEXITY" missed="4" covered="0"/><counter type="METHOD" missed="1" covered="0"/></method><counter type="INSTRUCTION" missed="409" covered="0"/><counter type="BRANCH" missed="27" covered="0"/><counter type="LINE" missed="78" covered="0"/><counter type="COMPLEXITY" missed="31" covered="0"/><counter type="METHOD" missed="17" covered="0"/><counter type="CLASS" missed="1" covered="0"/></class><class name="at/aau/serg/websocketbrokerdemo/AuthActivityKt$AuthNavigation$1$1$2" sourcefilename="AuthActivity.kt"><method name="invoke" desc="(Landroidx/navigation/NavBackStackEntry;Landroidx/compose/runtime/Composer;I)V" line="53"><counter type="INSTRUCTION" missed="23" covered="0"/><counter type="BRANCH" missed="4" covered="0"/><counter type="LINE" missed="1" covered="0"/><counter type="COMPLEXITY" missed="3" covered="0"/><counter type="METHOD" missed="1" covered="0"/></method><counter type="INSTRUCTION" missed="23" covered="0"/><counter type="BRANCH" missed="4" covered="0"/><counter type="LINE" missed="1" covered="0"/><counter type="COMPLEXITY" missed="3" covered="0"/><counter type="METHOD" missed="1" covered="0"/><counter type="CLASS" missed="1" covered="0"/></class><class name="at/aau/serg/websocketbrokerdemo/AuthActivityKt$AuthNavigation$1$1$1" sourcefilename="AuthActivity.kt"><method name="invoke" desc="(Landroidx/navigation/NavBackStackEntry;Landroidx/compose/runtime/Composer;I)V" line="52"><counter type="INSTRUCTION" missed="23" covered="0"/><counter type="BRANCH" missed="4" covered="0"/><counter type="LINE" missed="1" covered="0"/><counter type="COMPLEXITY" missed="3" covered="0"/><counter type="METHOD" missed="1" covered="0"/></method><counter type="INSTRUCTION" missed="23" covered="0"/><counter type="BRANCH" missed="4" covered="0"/><counter type="LINE" missed="1" covered="0"/><counter type="COMPLEXITY" missed="3" covered="0"/><counter type="METHOD" missed="1" covered="0"/><counter type="CLASS" missed="1" covered="0"/></class><class name="at/aau/serg/websocketbrokerdemo/MainActivity$MonopolyWebSocketApp$3$1" sourcefilename="MainActivity.kt"><method name="invokeSuspend" desc="(Ljava/lang/Object;)Ljava/lang/Object;" line="79"><counter type="INSTRUCTION" missed="73" covered="0"/><counter type="BRANCH" missed="14" covered="0"/><counter type="LINE" missed="6" covered="0"/><counter type="COMPLEXITY" missed="8" covered="0"/><counter type="METHOD" missed="1" covered="0"/></method><counter type="INSTRUCTION" missed="73" covered="0"/><counter type="BRANCH" missed="14" covered="0"/><counter type="LINE" missed="6" covered="0"/><counter type="COMPLEXITY" missed="8" covered="0"/><counter type="METHOD" missed="1" covered="0"/><counter type="CLASS" missed="1" covered="0"/></class><class name="at/aau/serg/websocketbrokerdemo/ComposableSingletons$AuthActivityKt$lambda-1$1" sourcefilename="AuthActivity.kt"><method name="invoke" desc="(Landroidx/compose/runtime/Composer;I)V" line="32"><counter type="INSTRUCTION" missed="95" covered="0"/><counter type="BRANCH" missed="10" covered="0"/><counter type="LINE" missed="7" covered="0"/><counter type="COMPLEXITY" missed="6" covered="0"/><counter type="METHOD" missed="1" covered="0"/></method><method name="invoke$lambda$1" desc="(Landroidx/compose/runtime/MutableState;)Z" line="32"><counter type="INSTRUCTION" missed="10" covered="0"/><counter type="LINE" missed="1" covered="0"/><counter type="COMPLEXITY" missed="1" covered="0"/><counter type="METHOD" missed="1" covered="0"/></method><method name="invoke$lambda$2" desc="(Landroidx/compose/runtime/MutableState;Z)V" line="32"><counter type="INSTRUCTION" missed="12" covered="0"/><counter type="LINE" missed="1" covered="0"/><counter type="COMPLEXITY" missed="1" covered="0"/><counter type="METHOD" missed="1" covered="0"/></method><method name="invoke$lambda$4$lambda$3" desc="(Landroidx/compose/runtime/MutableState;)Lkotlin/Unit;" line="35"><counter type="INSTRUCTION" missed="5" covered="0"/><counter type="LINE" missed="1" covered="0"/><counter type="COMPLEXITY" missed="1" covered="0"/><counter type="METHOD" missed="1" covered="0"/></method><counter type="INSTRUCTION" missed="122" covered="0"/><counter type="BRANCH" missed="10" covered="0"/><counter type="LINE" missed="7" covered="0"/><counter type="COMPLEXITY" missed="9" covered="0"/><counter type="METHOD" missed="4" covered="0"/><counter type="CLASS" missed="1" covered="0"/></class><class name="at/aau/serg/websocketbrokerdemo/MainActivity$onCreate$1" sourcefilename="MainActivity.kt"><method name="invoke" desc="(Landroidx/compose/runtime/Composer;I)V" line="32"><counter type="INSTRUCTION" missed="30" covered="0"/><counter type="BRANCH" missed="8" covered="0"/><counter type="LINE" missed="1" covered="0"/><counter type="COMPLEXITY" missed="5" covered="0"/><counter type="METHOD" missed="1" covered="0"/></method><counter type="INSTRUCTION" missed="30" covered="0"/><counter type="BRANCH" missed="8" covered="0"/><counter type="LINE" missed="1" covered="0"/><counter type="COMPLEXITY" missed="5" covered="0"/><counter type="METHOD" missed="1" covered="0"/><counter type="CLASS" missed="1" covered="0"/></class><class name="at/aau/serg/websocketbrokerdemo/MainActivity$MonopolyWebSocketApp$6$1$1" sourcefilename="MainActivity.kt"><method name="invoke" desc="(Landroidx/navigation/NavBackStackEntry;Landroidx/compose/runtime/Composer;I)V" line="162"><counter type="INSTRUCTION" missed="346" covered="0"/><counter type="BRANCH" missed="4" covered="0"/><counter type="LINE" missed="13" covered="0"/><counter type="COMPLEXITY" missed="3" covered="0"/><counter type="METHOD" missed="1" covered="0"/></method><method name="invoke$lambda$1$lambda$0" desc="(Landroidx/compose/runtime/MutableState;Ljava/lang/String;)Lkotlin/Unit;" line="165"><counter type="INSTRUCTION" missed="8" covered="0"/><counter type="LINE" missed="1" covered="0"/><counter type="COMPLEXITY" missed="1" covered="0"/><counter type="METHOD" missed="1" covered="0"/></method><method name="invoke$lambda$3$lambda$2" desc="(Lat/aau/serg/websocketbrokerdemo/GameWebSocketClient;)Lkotlin/Unit;" line="166"><counter type="INSTRUCTION" missed="4" covered="0"/><counter type="LINE" missed="1" covered="0"/><counter type="COMPLEXITY" missed="1" covered="0"/><counter type="METHOD" missed="1" covered="0"/></method><method name="invoke$lambda$5$lambda$4" desc="(Lat/aau/serg/websocketbrokerdemo/GameWebSocketClient;Landroidx/compose/runtime/MutableState;)Lkotlin/Unit;" line="168"><counter type="INSTRUCTION" missed="12" covered="0"/><counter type="LINE" missed="4" covered="0"/><counter type="COMPLEXITY" missed="1" covered="0"/><counter type="METHOD" missed="1" covered="0"/></method><method name="invoke$lambda$7$lambda$6" desc="(Lat/aau/serg/websocketbrokerdemo/GameWebSocketClient;Landroidx/compose/runtime/MutableState;Landroidx/compose/runtime/MutableState;)Lkotlin/Unit;" line="173"><counter type="INSTRUCTION" missed="25" covered="0"/><counter type="BRANCH" missed="4" covered="0"/><counter type="LINE" missed="5" covered="0"/><counter type="COMPLEXITY" missed="3" covered="0"/><counter type="METHOD" missed="1" covered="0"/></method><method name="invoke$lambda$9$lambda$8" desc="(Lcom/google/firebase/auth/FirebaseAuth;Landroid/content/Context;)Lkotlin/Unit;" line="180"><counter type="INSTRUCTION" missed="25" covered="0"/><counter type="BRANCH" missed="4" covered="0"/><counter type="LINE" missed="5" covered="0"/><counter type="COMPLEXITY" missed="3" covered="0"/><counter type="METHOD" missed="1" covered="0"/></method><method name="invoke$lambda$11$lambda$10" desc="(Landroidx/navigation/NavHostController;)Lkotlin/Unit;" line="185"><counter type="INSTRUCTION" missed="10" covered="0"/><counter type="LINE" missed="1" covered="0"/><counter type="COMPLEXITY" missed="1" covered="0"/><counter type="METHOD" missed="1" covered="0"/></method><method name="invoke$lambda$13$lambda$12" desc="(Landroidx/navigation/NavHostController;)Lkotlin/Unit;" line="187"><counter type="INSTRUCTION" missed="10" covered="0"/><counter type="LINE" missed="1" covered="0"/><counter type="COMPLEXITY" missed="1" covered="0"/><counter type="METHOD" missed="1" covered="0"/></method><method name="invoke$lambda$15$lambda$14" desc="(Landroidx/navigation/NavHostController;)Lkotlin/Unit;" line="188"><counter type="INSTRUCTION" missed="10" covered="0"/><counter type="LINE" missed="1" covered="0"/><counter type="COMPLEXITY" missed="1" covered="0"/><counter type="METHOD" missed="1" covered="0"/></method><method name="invoke$lambda$17$lambda$16" desc="(Landroidx/navigation/NavHostController;)Lkotlin/Unit;" line="186"><counter type="INSTRUCTION" missed="10" covered="0"/><counter type="LINE" missed="1" covered="0"/><counter type="COMPLEXITY" missed="1" covered="0"/><counter type="METHOD" missed="1" covered="0"/></method><counter type="INSTRUCTION" missed="460" covered="0"/><counter type="BRANCH" missed="12" covered="0"/><counter type="LINE" missed="27" covered="0"/><counter type="COMPLEXITY" missed="16" covered="0"/><counter type="METHOD" missed="10" covered="0"/><counter type="CLASS" missed="1" covered="0"/></class><class name="at/aau/serg/websocketbrokerdemo/MainActivity$MonopolyWebSocketApp$6$1$3" sourcefilename="MainActivity.kt"><method name="invoke" desc="(Landroidx/navigation/NavBackStackEntry;Landroidx/compose/runtime/Composer;I)V" line="204"><counter type="INSTRUCTION" missed="49" covered="0"/><counter type="BRANCH" missed="4" covered="0"/><counter type="LINE" missed="4" covered="0"/><counter type="COMPLEXITY" missed="3" covered="0"/><counter type="METHOD" missed="1" covered="0"/></method><method name="invoke$lambda$1$lambda$0" desc="(Landroidx/navigation/NavHostController;)Lkotlin/Unit;" line="206"><counter type="INSTRUCTION" missed="5" covered="0"/><counter type="LINE" missed="1" covered="0"/><counter type="COMPLEXITY" missed="1" covered="0"/><counter type="METHOD" missed="1" covered="0"/></method><counter type="INSTRUCTION" missed="54" covered="0"/><counter type="BRANCH" missed="4" covered="0"/><counter type="LINE" missed="4" covered="0"/><counter type="COMPLEXITY" missed="4" covered="0"/><counter type="METHOD" missed="2" covered="0"/><counter type="CLASS" missed="1" covered="0"/></class><class name="at/aau/serg/websocketbrokerdemo/MainActivity$MonopolyWebSocketApp$6$1$2" sourcefilename="MainActivity.kt"><method name="invoke" desc="(Landroidx/navigation/NavBackStackEntry;Landroidx/compose/runtime/Composer;I)V" line="192"><counter type="INSTRUCTION" missed="83" covered="0"/><counter type="BRANCH" missed="4" covered="0"/><counter type="LINE" missed="5" covered="0"/><counter type="COMPLEXITY" missed="3" covered="0"/><counter type="METHOD" missed="1" covered="0"/></method><method name="invoke$lambda$1$lambda$0" desc="(Ljava/lang/String;Landroidx/compose/runtime/MutableState;Ljava/lang/String;)Lkotlin/Unit;" line="195"><counter type="INSTRUCTION" missed="22" covered="0"/><counter type="LINE" missed="2" covered="0"/><counter type="COMPLEXITY" missed="1" covered="0"/><counter type="METHOD" missed="1" covered="0"/></method><method name="invoke$lambda$3$lambda$2" desc="(Landroidx/navigation/NavHostController;)Lkotlin/Unit;" line="200"><counter type="INSTRUCTION" missed="5" covered="0"/><counter type="LINE" missed="1" covered="0"/><counter type="COMPLEXITY" missed="1" covered="0"/><counter type="METHOD" missed="1" covered="0"/></method><counter type="INSTRUCTION" missed="110" covered="0"/><counter type="BRANCH" missed="4" covered="0"/><counter type="LINE" missed="7" covered="0"/><counter type="COMPLEXITY" missed="5" covered="0"/><counter type="METHOD" missed="3" covered="0"/><counter type="CLASS" missed="1" covered="0"/></class><class name="at/aau/serg/websocketbrokerdemo/MainActivity$MonopolyWebSocketApp$6$1$5" sourcefilename="MainActivity.kt"><method name="invoke" desc="(Landroidx/navigation/NavBackStackEntry;Landroidx/compose/runtime/Composer;I)V" line="247"><counter type="INSTRUCTION" missed="45" covered="0"/><counter type="BRANCH" missed="4" covered="0"/><counter type="LINE" missed="3" covered="0"/><counter type="COMPLEXITY" missed="3" covered="0"/><counter type="METHOD" missed="1" covered="0"/></method><method name="invoke$lambda$1$lambda$0" desc="(Landroidx/navigation/NavHostController;)Lkotlin/Unit;" line="248"><counter type="INSTRUCTION" missed="5" covered="0"/><counter type="LINE" missed="1" covered="0"/><counter type="COMPLEXITY" missed="1" covered="0"/><counter type="METHOD" missed="1" covered="0"/></method><counter type="INSTRUCTION" missed="50" covered="0"/><counter type="BRANCH" missed="4" covered="0"/><counter type="LINE" missed="3" covered="0"/><counter type="COMPLEXITY" missed="4" covered="0"/><counter type="METHOD" missed="2" covered="0"/><counter type="CLASS" missed="1" covered="0"/></class><class name="at/aau/serg/websocketbrokerdemo/MainActivity$MonopolyWebSocketApp$6$1$4" sourcefilename="MainActivity.kt"><method name="invoke" desc="(Landroidx/navigation/NavBackStackEntry;Landroidx/compose/runtime/Composer;I)V" line="211"><counter type="INSTRUCTION" missed="227" covered="0"/><counter type="BRANCH" missed="8" covered="0"/><counter type="LINE" missed="25" covered="0"/><counter type="COMPLEXITY" missed="5" covered="0"/><counter type="METHOD" missed="1" covered="0"/></method><method name="invoke$lambda$1$lambda$0" desc="(Lat/aau/serg/websocketbrokerdemo/GameWebSocketClient;)Lkotlin/Unit;" line="224"><counter type="INSTRUCTION" missed="5" covered="0"/><counter type="LINE" missed="1" covered="0"/><counter type="COMPLEXITY" missed="1" covered="0"/><counter type="METHOD" missed="1" covered="0"/></method><method name="invoke$lambda$3$lambda$2" desc="(Landroidx/navigation/NavHostController;)Lkotlin/Unit;" line="225"><counter type="INSTRUCTION" missed="10" covered="0"/><counter type="LINE" missed="1" covered="0"/><counter type="COMPLEXITY" missed="1" covered="0"/><counter type="METHOD" missed="1" covered="0"/></method><method name="invoke$lambda$6$lambda$5" desc="(Landroidx/compose/runtime/MutableState;Lat/aau/serg/websocketbrokerdemo/GameWebSocketClient;Landroidx/navigation/NavHostController;)Lkotlin/Unit;" line="238"><counter type="INSTRUCTION" missed="26" covered="0"/><counter type="BRANCH" missed="2" covered="0"/><counter type="LINE" missed="6" covered="0"/><counter type="COMPLEXITY" missed="2" covered="0"/><counter type="METHOD" missed="1" covered="0"/></method><counter type="INSTRUCTION" missed="268" covered="0"/><counter type="BRANCH" missed="10" covered="0"/><counter type="LINE" missed="31" covered="0"/><counter type="COMPLEXITY" missed="9" covered="0"/><counter type="METHOD" missed="4" covered="0"/><counter type="CLASS" missed="1" covered="0"/></class><class name="at/aau/serg/websocketbrokerdemo/AuthActivity" sourcefilename="AuthActivity.kt"><method name="&lt;init&gt;" desc="()V" line="16"><counter type="INSTRUCTION" missed="3" covered="0"/><counter type="LINE" missed="1" covered="0"/><counter type="COMPLEXITY" missed="1" covered="0"/><counter type="METHOD" missed="1" covered="0"/></method><method name="onCreate" desc="(Landroid/os/Bundle;)V" line="18"><counter type="INSTRUCTION" missed="39" covered="0"/><counter type="BRANCH" missed="2" covered="0"/><counter type="LINE" missed="11" covered="0"/><counter type="COMPLEXITY" missed="2" covered="0"/><counter type="METHOD" missed="1" covered="0"/></method><method name="showErrorMessage" desc="(Ljava/lang/String;)V" line="44"><counter type="INSTRUCTION" missed="6" covered="0"/><counter type="LINE" missed="2" covered="0"/><counter type="COMPLEXITY" missed="1" covered="0"/><counter type="METHOD" missed="1" covered="0"/></method><counter type="INSTRUCTION" missed="48" covered="0"/><counter type="BRANCH" missed="2" covered="0"/><counter type="LINE" missed="14" covered="0"/><counter type="COMPLEXITY" missed="4" covered="0"/><counter type="METHOD" missed="3" covered="0"/><counter type="CLASS" missed="1" covered="0"/></class><class name="at/aau/serg/websocketbrokerdemo/MainActivity$MonopolyWebSocketApp$4$1$1" sourcefilename="MainActivity.kt"><method name="invokeSuspend" desc="(Ljava/lang/Object;)Ljava/lang/Object;" line="91"><counter type="INSTRUCTION" missed="21" covered="0"/><counter type="LINE" missed="2" covered="0"/><counter type="COMPLEXITY" missed="1" covered="0"/><counter type="METHOD" missed="1" covered="0"/></method><counter type="INSTRUCTION" missed="21" covered="0"/><counter type="LINE" missed="2" covered="0"/><counter type="COMPLEXITY" missed="1" covered="0"/><counter type="METHOD" missed="1" covered="0"/><counter type="CLASS" missed="1" covered="0"/></class><class name="at/aau/serg/websocketbrokerdemo/ComposableSingletons$AuthActivityKt" sourcefilename="AuthActivity.kt"><method name="&lt;clinit&gt;" desc="()V" line="31"><counter type="INSTRUCTION" missed="11" covered="0"/><counter type="LINE" missed="1" covered="0"/><counter type="COMPLEXITY" missed="1" covered="0"/><counter type="METHOD" missed="1" covered="0"/></method><counter type="INSTRUCTION" missed="11" covered="0"/><counter type="LINE" missed="1" covered="0"/><counter type="COMPLEXITY" missed="1" covered="0"/><counter type="METHOD" missed="1" covered="0"/><counter type="CLASS" missed="1" covered="0"/></class><class name="at/aau/serg/websocketbrokerdemo/MainActivity" sourcefilename="MainActivity.kt"><method name="&lt;init&gt;" desc="()V" line="29"><counter type="INSTRUCTION" missed="3" covered="0"/><counter type="LINE" missed="1" covered="0"/><counter type="COMPLEXITY" missed="1" covered="0"/><counter type="METHOD" missed="1" covered="0"/></method><method name="onCreate" desc="(Landroid/os/Bundle;)V" line="31"><counter type="INSTRUCTION" missed="18" covered="0"/><counter type="LINE" missed="3" covered="0"/><counter type="COMPLEXITY" missed="1" covered="0"/><counter type="METHOD" missed="1" covered="0"/></method><method name="MonopolyWebSocketApp" desc="(Landroidx/compose/runtime/Composer;I)V" line="36"><counter type="INSTRUCTION" missed="716" covered="0"/><counter type="BRANCH" missed="12" covered="0"/><counter type="LINE" missed="41" covered="0"/><counter type="COMPLEXITY" missed="7" covered="0"/><counter type="METHOD" missed="1" covered="0"/></method><method name="MonopolyWebSocketApp$lambda$1" desc="(Landroidx/compose/runtime/MutableState;)Ljava/lang/String;" line="38"><counter type="INSTRUCTION" missed="10" covered="0"/><counter type="LINE" missed="1" covered="0"/><counter type="COMPLEXITY" missed="1" covered="0"/><counter type="METHOD" missed="1" covered="0"/></method><method name="MonopolyWebSocketApp$lambda$2" desc="(Landroidx/compose/runtime/MutableState;Ljava/lang/String;)V" line="38"><counter type="INSTRUCTION" missed="9" covered="0"/><counter type="LINE" missed="1" covered="0"/><counter type="COMPLEXITY" missed="1" covered="0"/><counter type="METHOD" missed="1" covered="0"/></method><method name="MonopolyWebSocketApp$lambda$4" desc="(Landroidx/compose/runtime/MutableState;)Ljava/lang/String;" line="39"><counter type="INSTRUCTION" missed="10" covered="0"/><counter type="LINE" missed="1" covered="0"/><counter type="COMPLEXITY" missed="1" covered="0"/><counter type="METHOD" missed="1" covered="0"/></method><method name="MonopolyWebSocketApp$lambda$5" desc="(Landroidx/compose/runtime/MutableState;Ljava/lang/String;)V" line="39"><counter type="INSTRUCTION" missed="9" covered="0"/><counter type="LINE" missed="1" covered="0"/><counter type="COMPLEXITY" missed="1" covered="0"/><counter type="METHOD" missed="1" covered="0"/></method><method name="MonopolyWebSocketApp$lambda$7" desc="(Landroidx/compose/runtime/MutableState;)Lat/aau/serg/websocketbrokerdemo/data/PlayerProfile;" line="40"><counter type="INSTRUCTION" missed="10" covered="0"/><counter type="LINE" missed="1" covered="0"/><counter type="COMPLEXITY" missed="1" covered="0"/><counter type="METHOD" missed="1" covered="0"/></method><method name="MonopolyWebSocketApp$lambda$8" desc="(Landroidx/compose/runtime/MutableState;Lat/aau/serg/websocketbrokerdemo/data/PlayerProfile;)V" line="40"><counter type="INSTRUCTION" missed="9" covered="0"/><counter type="LINE" missed="1" covered="0"/><counter type="COMPLEXITY" missed="1" covered="0"/><counter type="METHOD" missed="1" covered="0"/></method><method name="MonopolyWebSocketApp$lambda$10" desc="(Landroidx/compose/runtime/MutableState;)Ljava/util/List;" line="41"><counter type="INSTRUCTION" missed="10" covered="0"/><counter type="LINE" missed="1" covered="0"/><counter type="COMPLEXITY" missed="1" covered="0"/><counter type="METHOD" missed="1" covered="0"/></method><method name="MonopolyWebSocketApp$lambda$11" desc="(Landroidx/compose/runtime/MutableState;Ljava/util/List;)V" line="41"><counter type="INSTRUCTION" missed="9" covered="0"/><counter type="LINE" missed="1" covered="0"/><counter type="COMPLEXITY" missed="1" covered="0"/><counter type="METHOD" missed="1" covered="0"/></method><method name="MonopolyWebSocketApp$lambda$13" desc="(Landroidx/compose/runtime/MutableState;)Ljava/lang/Integer;" line="42"><counter type="INSTRUCTION" missed="10" covered="0"/><counter type="LINE" missed="1" covered="0"/><counter type="COMPLEXITY" missed="1" covered="0"/><counter type="METHOD" missed="1" covered="0"/></method><method name="MonopolyWebSocketApp$lambda$14" desc="(Landroidx/compose/runtime/MutableState;Ljava/lang/Integer;)V" line="42"><counter type="INSTRUCTION" missed="9" covered="0"/><counter type="LINE" missed="1" covered="0"/><counter type="COMPLEXITY" missed="1" covered="0"/><counter type="METHOD" missed="1" covered="0"/></method><method name="MonopolyWebSocketApp$lambda$16" desc="(Landroidx/compose/runtime/MutableState;)Ljava/lang/String;" line="43"><counter type="INSTRUCTION" missed="10" covered="0"/><counter type="LINE" missed="1" covered="0"/><counter type="COMPLEXITY" missed="1" covered="0"/><counter type="METHOD" missed="1" covered="0"/></method><method name="MonopolyWebSocketApp$lambda$17" desc="(Landroidx/compose/runtime/MutableState;Ljava/lang/String;)V" line="43"><counter type="INSTRUCTION" missed="9" covered="0"/><counter type="LINE" missed="1" covered="0"/><counter type="COMPLEXITY" missed="1" covered="0"/><counter type="METHOD" missed="1" covered="0"/></method><method name="MonopolyWebSocketApp$lambda$19" desc="(Landroidx/compose/runtime/MutableState;)Ljava/lang/String;" line="44"><counter type="INSTRUCTION" missed="10" covered="0"/><counter type="LINE" missed="1" covered="0"/><counter type="COMPLEXITY" missed="1" covered="0"/><counter type="METHOD" missed="1" covered="0"/></method><method name="MonopolyWebSocketApp$lambda$20" desc="(Landroidx/compose/runtime/MutableState;Ljava/lang/String;)V" line="44"><counter type="INSTRUCTION" missed="9" covered="0"/><counter type="LINE" missed="1" covered="0"/><counter type="COMPLEXITY" missed="1" covered="0"/><counter type="METHOD" missed="1" covered="0"/></method><method name="MonopolyWebSocketApp$lambda$23" desc="(Landroidx/compose/runtime/MutableState;)Ljava/lang/String;" line="46"><counter type="INSTRUCTION" missed="10" covered="0"/><counter type="LINE" missed="1" covered="0"/><counter type="COMPLEXITY" missed="1" covered="0"/><counter type="METHOD" missed="1" covered="0"/></method><method name="MonopolyWebSocketApp$lambda$24" desc="(Landroidx/compose/runtime/MutableState;Ljava/lang/String;)V" line="46"><counter type="INSTRUCTION" missed="9" covered="0"/><counter type="LINE" missed="1" covered="0"/><counter type="COMPLEXITY" missed="1" covered="0"/><counter type="METHOD" missed="1" covered="0"/></method><method name="MonopolyWebSocketApp$lambda$26" desc="(Landroidx/compose/runtime/MutableState;)Z" line="47"><counter type="INSTRUCTION" missed="10" covered="0"/><counter type="LINE" missed="1" covered="0"/><counter type="COMPLEXITY" missed="1" covered="0"/><counter type="METHOD" missed="1" covered="0"/></method><method name="MonopolyWebSocketApp$lambda$27" desc="(Landroidx/compose/runtime/MutableState;Z)V" line="47"><counter type="INSTRUCTION" missed="12" covered="0"/><counter type="LINE" missed="1" covered="0"/><counter type="COMPLEXITY" missed="1" covered="0"/><counter type="METHOD" missed="1" covered="0"/></method><method name="MonopolyWebSocketApp$lambda$29" desc="(Landroidx/compose/runtime/MutableState;)Ljava/lang/String;" line="48"><counter type="INSTRUCTION" missed="10" covered="0"/><counter type="LINE" missed="1" covered="0"/><counter type="COMPLEXITY" missed="1" covered="0"/><counter type="METHOD" missed="1" covered="0"/></method><method name="MonopolyWebSocketApp$lambda$30" desc="(Landroidx/compose/runtime/MutableState;Ljava/lang/String;)V" line="48"><counter type="INSTRUCTION" missed="9" covered="0"/><counter type="LINE" missed="1" covered="0"/><counter type="COMPLEXITY" missed="1" covered="0"/><counter type="METHOD" missed="1" covered="0"/></method><method name="MonopolyWebSocketApp$lambda$32" desc="(Landroidx/compose/runtime/MutableState;)Z" line="49"><counter type="INSTRUCTION" missed="10" covered="0"/><counter type="LINE" missed="1" covered="0"/><counter type="COMPLEXITY" missed="1" covered="0"/><counter type="METHOD" missed="1" covered="0"/></method><method name="MonopolyWebSocketApp$lambda$33" desc="(Landroidx/compose/runtime/MutableState;Z)V" line="49"><counter type="INSTRUCTION" missed="12" covered="0"/><counter type="LINE" missed="1" covered="0"/><counter type="COMPLEXITY" missed="1" covered="0"/><counter type="METHOD" missed="1" covered="0"/></method><method name="MonopolyWebSocketApp$lambda$35" desc="(Landroidx/compose/runtime/MutableState;)Ljava/lang/String;" line="50"><counter type="INSTRUCTION" missed="10" covered="0"/><counter type="LINE" missed="1" covered="0"/><counter type="COMPLEXITY" missed="1" covered="0"/><counter type="METHOD" missed="1" covered="0"/></method><method name="MonopolyWebSocketApp$lambda$36" desc="(Landroidx/compose/runtime/MutableState;Ljava/lang/String;)V" line="50"><counter type="INSTRUCTION" missed="9" covered="0"/><counter type="LINE" missed="1" covered="0"/><counter type="COMPLEXITY" missed="1" covered="0"/><counter type="METHOD" missed="1" covered="0"/></method><method name="MonopolyWebSocketApp$lambda$38" desc="(Landroidx/compose/runtime/MutableState;)I" line="51"><counter type="INSTRUCTION" missed="10" covered="0"/><counter type="LINE" missed="1" covered="0"/><counter type="COMPLEXITY" missed="1" covered="0"/><counter type="METHOD" missed="1" covered="0"/></method><method name="MonopolyWebSocketApp$lambda$39" desc="(Landroidx/compose/runtime/MutableState;I)V" line="51"><counter type="INSTRUCTION" missed="12" covered="0"/><counter type="LINE" missed="1" covered="0"/><counter type="COMPLEXITY" missed="1" covered="0"/><counter type="METHOD" missed="1" covered="0"/></method><method name="MonopolyWebSocketApp$lambda$41" desc="(Landroidx/compose/runtime/MutableState;)Ljava/lang/String;" line="52"><counter type="INSTRUCTION" missed="10" covered="0"/><counter type="LINE" missed="1" covered="0"/><counter type="COMPLEXITY" missed="1" covered="0"/><counter type="METHOD" missed="1" covered="0"/></method><method name="MonopolyWebSocketApp$lambda$42" desc="(Landroidx/compose/runtime/MutableState;Ljava/lang/String;)V" line="52"><counter type="INSTRUCTION" missed="9" covered="0"/><counter type="LINE" missed="1" covered="0"/><counter type="COMPLEXITY" missed="1" covered="0"/><counter type="METHOD" missed="1" covered="0"/></method><method name="MonopolyWebSocketApp$lambda$58$lambda$47" desc="(Landroidx/compose/runtime/MutableState;)Lkotlin/Unit;" line="100"><counter type="INSTRUCTION" missed="7" covered="0"/><counter type="LINE" missed="1" covered="0"/><counter type="COMPLEXITY" missed="1" covered="0"/><counter type="METHOD" missed="1" covered="0"/></method><method name="MonopolyWebSocketApp$lambda$58$lambda$48" desc="(Landroidx/compose/runtime/MutableState;Ljava/lang/String;)Lkotlin/Unit;" line="101"><counter type="INSTRUCTION" missed="11" covered="0"/><counter type="LINE" missed="1" covered="0"/><counter type="COMPLEXITY" missed="1" covered="0"/><counter type="METHOD" missed="1" covered="0"/></method><method name="MonopolyWebSocketApp$lambda$58$lambda$49" desc="(Landroidx/compose/runtime/MutableState;Landroidx/compose/runtime/MutableState;Ljava/lang/String;I)Lkotlin/Unit;" line="102"><counter type="INSTRUCTION" missed="12" covered="0"/><counter type="LINE" missed="1" covered="0"/><counter type="COMPLEXITY" missed="1" covered="0"/><counter type="METHOD" missed="1" covered="0"/></method><method name="MonopolyWebSocketApp$lambda$58$lambda$51" desc="(Ljava/lang/String;Landroidx/compose/runtime/MutableState;Landroidx/compose/runtime/MutableState;Ljava/util/List;)Lkotlin/Unit;" line="104"><counter type="INSTRUCTION" missed="46" covered="0"/><counter type="BRANCH" missed="8" covered="0"/><counter type="LINE" missed="3" covered="0"/><counter type="COMPLEXITY" missed="5" covered="0"/><counter type="METHOD" missed="1" covered="0"/></method><method name="MonopolyWebSocketApp$lambda$58$lambda$52" desc="(Landroidx/compose/runtime/MutableState;Ljava/lang/String;)Lkotlin/Unit;" line="110"><counter type="INSTRUCTION" missed="13" covered="0"/><counter type="LINE" missed="3" covered="0"/><counter type="COMPLEXITY" missed="1" covered="0"/><counter type="METHOD" missed="1" covered="0"/></method><method name="MonopolyWebSocketApp$lambda$58$lambda$53" desc="(Landroidx/compose/runtime/MutableState;Landroidx/compose/runtime/MutableState;Ljava/lang/String;)Lkotlin/Unit;" line="118"><counter type="INSTRUCTION" missed="11" covered="0"/><counter type="LINE" missed="3" covered="0"/><counter type="COMPLEXITY" missed="1" covered="0"/><counter type="METHOD" missed="1" covered="0"/></method><method name="MonopolyWebSocketApp$lambda$58$lambda$55" desc="(Landroidx/compose/runtime/snapshots/SnapshotStateList;Landroidx/compose/runtime/MutableState;Ljava/lang/String;Ljava/lang/String;)Lkotlin/Unit;" line="114"><counter type="INSTRUCTION" missed="50" covered="0"/><counter type="BRANCH" missed="8" covered="0"/><counter type="LINE" missed="3" covered="0"/><counter type="COMPLEXITY" missed="5" covered="0"/><counter type="METHOD" missed="1" covered="0"/></method><method name="MonopolyWebSocketApp$lambda$58$lambda$56" desc="(Landroid/content/Context;Ljava/lang/String;Ljava/lang/String;Ljava/lang/String;)Lkotlin/Unit;" line="128"><counter type="INSTRUCTION" missed="28" covered="0"/><counter type="LINE" missed="2" covered="0"/><counter type="COMPLEXITY" missed="1" covered="0"/><counter type="METHOD" missed="1" covered="0"/></method><method name="MonopolyWebSocketApp$lambda$58$lambda$57" desc="(Landroidx/compose/runtime/MutableState;Landroidx/compose/runtime/MutableState;Landroidx/compose/runtime/MutableState;Landroidx/compose/runtime/MutableState;Ljava/lang/String;ILjava/lang/String;)Lkotlin/Unit;" line="122"><counter type="INSTRUCTION" missed="20" covered="0"/><counter type="LINE" missed="5" covered="0"/><counter type="COMPLEXITY" missed="1" covered="0"/><counter type="METHOD" missed="1" covered="0"/></method><method name="MonopolyWebSocketApp$lambda$61$lambda$60" desc="(Lat/aau/serg/websocketbrokerdemo/GameWebSocketClient;Lcom/google/firebase/auth/FirebaseAuth;Landroid/content/Context;Landroidx/navigation/NavHostController;Landroidx/compose/runtime/MutableState;Landroidx/compose/runtime/MutableState;Ljava/lang/String;Landroidx/compose/runtime/MutableState;Landroidx/compose/runtime/snapshots/SnapshotStateList;Landroidx/compose/runtime/MutableState;Landroidx/compose/runtime/MutableState;Landroidx/compose/runtime/MutableState;Landroidx/compose/runtime/MutableState;Landroidx/compose/runtime/MutableState;Landroidx/compose/runtime/MutableState;Landroidx/compose/runtime/MutableState;Landroidx/compose/runtime/MutableState;Landroidx/compose/runtime/MutableState;Landroidx/compose/runtime/MutableState;Landroidx/compose/runtime/MutableState;Landroidx/navigation/NavGraphBuilder;)Lkotlin/Unit;" line="161"><counter type="INSTRUCTION" missed="101" covered="0"/><counter type="LINE" missed="6" covered="0"/><counter type="COMPLEXITY" missed="1" covered="0"/><counter type="METHOD" missed="1" covered="0"/></method><counter type="INSTRUCTION" missed="1311" covered="0"/><counter type="BRANCH" missed="28" covered="0"/><counter type="LINE" missed="70" covered="0"/><counter type="COMPLEXITY" missed="55" covered="0"/><counter type="METHOD" missed="41" covered="0"/><counter type="CLASS" missed="1" covered="0"/></class><class name="at/aau/serg/websocketbrokerdemo/MainActivity$MonopolyWebSocketApp$2$1" sourcefilename="MainActivity.kt"><method name="invokeSuspend" desc="(Ljava/lang/Object;)Ljava/lang/Object;" line="72"><counter type="INSTRUCTION" missed="22" covered="0"/><counter type="BRANCH" missed="4" covered="0"/><counter type="LINE" missed="4" covered="0"/><counter type="COMPLEXITY" missed="3" covered="0"/><counter type="METHOD" missed="1" covered="0"/></method><counter type="INSTRUCTION" missed="22" covered="0"/><counter type="BRANCH" missed="4" covered="0"/><counter type="LINE" missed="4" covered="0"/><counter type="COMPLEXITY" missed="3" covered="0"/><counter type="METHOD" missed="1" covered="0"/><counter type="CLASS" missed="1" covered="0"/></class><class name="at/aau/serg/websocketbrokerdemo/MainActivity$MonopolyWebSocketApp$webSocketClient$1$8$1" sourcefilename="MainActivity.kt"><method name="invokeSuspend" desc="(Ljava/lang/Object;)Ljava/lang/Object;" line="128"><counter type="INSTRUCTION" missed="25" covered="0"/><counter type="BRANCH" missed="2" covered="0"/><counter type="LINE" missed="7" covered="0"/><counter type="COMPLEXITY" missed="2" covered="0"/><counter type="METHOD" missed="1" covered="0"/></method><counter type="INSTRUCTION" missed="25" covered="0"/><counter type="BRANCH" missed="2" covered="0"/><counter type="LINE" missed="7" covered="0"/><counter type="COMPLEXITY" missed="2" covered="0"/><counter type="METHOD" missed="1" covered="0"/><counter type="CLASS" missed="1" covered="0"/></class><class name="at/aau/serg/websocketbrokerdemo/MainActivity$MonopolyWebSocketApp$6$1$2$1$1$1" sourcefilename="MainActivity.kt"><method name="invokeSuspend" desc="(Ljava/lang/Object;)Ljava/lang/Object;" line="196"><counter type="INSTRUCTION" missed="45" covered="0"/><counter type="BRANCH" missed="4" covered="0"/><counter type="LINE" missed="3" covered="0"/><counter type="COMPLEXITY" missed="3" covered="0"/><counter type="METHOD" missed="1" covered="0"/></method><counter type="INSTRUCTION" missed="45" covered="0"/><counter type="BRANCH" missed="4" covered="0"/><counter type="LINE" missed="3" covered="0"/><counter type="COMPLEXITY" missed="3" covered="0"/><counter type="METHOD" missed="1" covered="0"/><counter type="CLASS" missed="1" covered="0"/></class><class name="at/aau/serg/websocketbrokerdemo/GameWebSocketClient$sendInitMessage$1" sourcefilename="GameWebSocketClient.kt"><method name="invokeSuspend" desc="(Ljava/lang/Object;)Ljava/lang/Object;" line="70"><counter type="INSTRUCTION" missed="51" covered="0"/><counter type="BRANCH" missed="6" covered="0"/><counter type="LINE" missed="6" covered="0"/><counter type="COMPLEXITY" missed="4" covered="0"/><counter type="METHOD" missed="1" covered="0"/></method><counter type="INSTRUCTION" missed="51" covered="0"/><counter type="BRANCH" missed="6" covered="0"/><counter type="LINE" missed="6" covered="0"/><counter type="COMPLEXITY" missed="4" covered="0"/><counter type="METHOD" missed="1" covered="0"/><counter type="CLASS" missed="1" covered="0"/></class><sourcefile name="GameWebSocketClient.kt"><line nr="24" mi="19" ci="0" mb="0" cb="0"/><line nr="25" mi="3" ci="0" mb="0" cb="0"/><line nr="26" mi="3" ci="0" mb="0" cb="0"/><line nr="27" mi="3" ci="0" mb="0" cb="0"/><line nr="28" mi="3" ci="0" mb="0" cb="0"/><line nr="29" mi="3" ci="0" mb="0" cb="0"/><line nr="30" mi="3" ci="0" mb="0" cb="0"/><line nr="31" mi="3" ci="0" mb="0" cb="0"/><line nr="32" mi="5" ci="0" mb="0" cb="0"/><line nr="33" mi="3" ci="0" mb="0" cb="0"/><line nr="34" mi="3" ci="0" mb="0" cb="0"/><line nr="35" mi="3" ci="0" mb="0" cb="0"/><line nr="36" mi="1" ci="0" mb="0" cb="0"/><line nr="37" mi="5" ci="0" mb="0" cb="0"/><line nr="41" mi="5" ci="0" mb="0" cb="0"/><line nr="42" mi="3" ci="0" mb="0" cb="0"/><line nr="46" mi="6" ci="0" mb="0" cb="0"/><line nr="48" mi="3" ci="0" mb="0" cb="0"/><line nr="49" mi="3" ci="0" mb="0" cb="0"/><line nr="50" mi="3" ci="0" mb="0" cb="0"/><line nr="56" mi="3" ci="0" mb="2" cb="0"/><line nr="57" mi="2" ci="0" mb="0" cb="0"/><line nr="58" mi="3" ci="0" mb="0" cb="0"/><line nr="60" mi="4" ci="0" mb="0" cb="0"/><line nr="62" mi="1" ci="0" mb="0" cb="0"/><line nr="66" mi="10" ci="0" mb="0" cb="0"/><line nr="67" mi="1" ci="0" mb="0" cb="0"/><line nr="70" mi="27" ci="0" mb="2" cb="0"/><line nr="71" mi="3" ci="0" mb="0" cb="0"/><line nr="72" mi="17" ci="0" mb="4" cb="0"/><line nr="73" mi="18" ci="0" mb="0" cb="0"/><line nr="74" mi="9" ci="0" mb="0" cb="0"/><line nr="75" mi="9" ci="0" mb="4" cb="0"/><line nr="76" mi="1" ci="0" mb="0" cb="0"/><line nr="78" mi="2" ci="0" mb="0" cb="0"/><line nr="79" mi="2" ci="0" mb="0" cb="0"/><line nr="80" mi="1" ci="0" mb="0" cb="0"/><line nr="81" mi="11" ci="0" mb="2" cb="0"/><line nr="82" mi="5" ci="0" mb="0" cb="0"/><line nr="83" mi="2" ci="0" mb="0" cb="0"/><line nr="84" mi="1" ci="0" mb="0" cb="0"/><line nr="85" mi="2" ci="0" mb="0" cb="0"/><line nr="86" mi="1" ci="0" mb="0" cb="0"/><line nr="89" mi="7" ci="0" mb="0" cb="0"/><line nr="91" mi="6" ci="0" mb="0" cb="0"/><line nr="92" mi="5" ci="0" mb="0" cb="0"/><line nr="93" mi="1" ci="0" mb="0" cb="0"/><line nr="96" mi="5" ci="0" mb="0" cb="0"/><line nr="99" mi="1" ci="0" mb="0" cb="0"/><line nr="100" mi="8" ci="0" mb="0" cb="0"/><line nr="101" mi="5" ci="0" mb="2" cb="0"/><line nr="102" mi="1" ci="0" mb="0" cb="0"/><line nr="103" mi="34" ci="0" mb="8" cb="0"/><line nr="104" mi="11" ci="0" mb="0" cb="0"/><line nr="105" mi="1" ci="0" mb="0" cb="0"/><line nr="107" mi="1" ci="0" mb="0" cb="0"/><line nr="111" mi="9" ci="0" mb="2" cb="0"/><line n
[...]
="0" cb="0"/><line nr="409" mi="3" ci="0" mb="0" cb="0"/><line nr="410" mi="2" ci="0" mb="0" cb="0"/><line nr="411" mi="23" ci="0" mb="0" cb="0"/><line nr="412" mi="6" ci="0" mb="0" cb="0"/><line nr="413" mi="43" ci="0" mb="8" cb="0"/><line nr="414" mi="1" ci="0" mb="0" cb="0"/><line nr="415" mi="19" ci="0" mb="4" cb="0"/><line nr="416" mi="4" ci="0" mb="0" cb="0"/><line nr="417" mi="16" ci="0" mb="0" cb="0"/><line nr="418" mi="12" ci="0" mb="2" cb="0"/><line nr="419" mi="3" ci="0" mb="0" cb="0"/><line nr="420" mi="3" ci="0" mb="0" cb="0"/><line nr="421" mi="3" ci="0" mb="0" cb="0"/><line nr="422" mi="2" ci="0" mb="0" cb="0"/><line nr="423" mi="11" ci="0" mb="0" cb="0"/><line nr="424" mi="11" ci="0" mb="0" cb="0"/><line nr="425" mi="1" ci="0" mb="0" cb="0"/><line nr="428" mi="6" ci="0" mb="0" cb="0"/><line nr="429" mi="43" ci="0" mb="8" cb="0"/><line nr="430" mi="1" ci="0" mb="0" cb="0"/><line nr="432" mi="3" ci="0" mb="0" cb="0"/><line nr="433" mi="1" ci="0" mb="0" cb="0"/><line nr="434" mi="28" ci="0" mb="8" cb="0"/><line nr="439" mi="2" ci="0" mb="2" cb="0"/><line nr="440" mi="6" ci="0" mb="0" cb="0"/><line nr="441" mi="2" ci="0" mb="0" cb="0"/><line nr="442" mi="4" ci="0" mb="0" cb="0"/><line nr="443" mi="2" ci="0" mb="0" cb="0"/><line nr="444" mi="13" ci="0" mb="0" cb="0"/><line nr="445" mi="6" ci="0" mb="0" cb="0"/><line nr="446" mi="5" ci="0" mb="0" cb="0"/><line nr="448" mi="8" ci="0" mb="0" cb="0"/><line nr="449" mi="3" ci="0" mb="0" cb="0"/><line nr="450" mi="5" ci="0" mb="0" cb="0"/><line nr="452" mi="3" ci="0" mb="0" cb="0"/><line nr="453" mi="16" ci="0" mb="0" cb="0"/><line nr="454" mi="30" ci="0" mb="0" cb="0"/><line nr="455" mi="4" ci="0" mb="0" cb="0"/><line nr="456" mi="4" ci="0" mb="0" cb="0"/><line nr="457" mi="4" ci="0" mb="0" cb="0"/><line nr="460" mi="10" ci="0" mb="0" cb="0"/><line nr="461" mi="2" ci="0" mb="0" cb="0"/><line nr="462" mi="17" ci="0" mb="0" cb="0"/><line nr="463" mi="31" ci="0" mb="0" cb="0"/><line nr="464" mi="4" ci="0" mb="0" cb="0"/><line nr="465" mi="4" ci="0" mb="0" cb="0"/><line nr="468" mi="1" ci="0" mb="0" cb="0"/><line nr="469" mi="1" ci="0" mb="0" cb="0"/><line nr="473" mi="2" ci="0" mb="2" cb="0"/><line nr="474" mi="6" ci="0" mb="0" cb="0"/><line nr="475" mi="2" ci="0" mb="0" cb="0"/><line nr="476" mi="4" ci="0" mb="0" cb="0"/><line nr="477" mi="2" ci="0" mb="0" cb="0"/><line nr="478" mi="13" ci="0" mb="0" cb="0"/><line nr="479" mi="6" ci="0" mb="0" cb="0"/><line nr="480" mi="5" ci="0" mb="0" cb="0"/><line nr="482" mi="8" ci="0" mb="0" cb="0"/><line nr="483" mi="3" ci="0" mb="0" cb="0"/><line nr="484" mi="5" ci="0" mb="0" cb="0"/><line nr="486" mi="3" ci="0" mb="0" cb="0"/><line nr="487" mi="16" ci="0" mb="0" cb="0"/><line nr="488" mi="30" ci="0" mb="0" cb="0"/><line nr="489" mi="4" ci="0" mb="0" cb="0"/><line nr="490" mi="4" ci="0" mb="0" cb="0"/><line nr="491" mi="4" ci="0" mb="0" cb="0"/><line nr="494" mi="10" ci="0" mb="0" cb="0"/><line nr="495" mi="2" ci="0" mb="0" cb="0"/><line nr="496" mi="19" ci="0" mb="0" cb="0"/><line nr="497" mi="31" ci="0" mb="0" cb="0"/><line nr="498" mi="4" ci="0" mb="0" cb="0"/><line nr="499" mi="4" ci="0" mb="0" cb="0"/><line nr="502" mi="1" ci="0" mb="0" cb="0"/><line nr="503" mi="1" ci="0" mb="0" cb="0"/><line nr="505" mi="1" ci="0" mb="0" cb="0"/><line nr="508" mi="14" ci="0" mb="0" cb="0"/><line nr="509" mi="4" ci="0" mb="0" cb="0"/><line nr="511" mi="20" ci="0" mb="2" cb="0"/><line nr="512" mi="20" ci="0" mb="0" cb="0"/><line nr="513" mi="3" ci="0" mb="0" cb="0"/><line nr="514" mi="3" ci="0" mb="0" cb="0"/><line nr="515" mi="19" ci="0" mb="0" cb="0"/><line nr="516" mi="13" ci="0" mb="0" cb="0"/><line nr="517" mi="50" ci="0" mb="10" cb="0"/><line nr="518" mi="1" ci="0" mb="0" cb="0"/><line nr="519" mi="1" ci="0" mb="0" cb="0"/><line nr="523" mi="3" ci="0" mb="2" cb="0"/><line nr="524" mi="6" ci="0" mb="0" cb="0"/><line nr="525" mi="2" ci="0" mb="0" cb="0"/><line nr="526" mi="4" ci="0" mb="0" cb="0"/><line nr="527" mi="13" ci="0" mb="0" cb="0"/><line nr="528" mi="8" ci="0" mb="0" cb="0"/><line nr="530" mi="8" ci="0" mb="0" cb="0"/><line nr="531" mi="3" ci="0" mb="0" cb="0"/><line nr="532" mi="3" ci="0" mb="0" cb="0"/><line nr="533" mi="4" ci="0" mb="0" cb="0"/><line nr="534" mi="16" ci="0" mb="0" cb="0"/><line nr="535" mi="8" ci="0" mb="0" cb="0"/><line nr="538" mi="3" ci="0" mb="0" cb="0"/><line nr="539" mi="3" ci="0" mb="0" cb="0"/><line nr="540" mi="4" ci="0" mb="0" cb="0"/><line nr="541" mi="5" ci="0" mb="0" cb="0"/><line nr="542" mi="7" ci="0" mb="0" cb="0"/><line nr="543" mi="30" ci="0" mb="2" cb="0"/><line nr="544" mi="25" ci="0" mb="0" cb="0"/><line nr="545" mi="6" ci="0" mb="0" cb="0"/><line nr="582" mi="2" ci="0" mb="0" cb="0"/><line nr="584" mi="10" ci="0" mb="0" cb="0"/><line nr="587" mi="6" ci="0" mb="0" cb="0"/><line nr="588" mi="3" ci="0" mb="0" cb="0"/><line nr="589" mi="9" ci="0" mb="0" cb="0"/><line nr="591" mi="3" ci="0" mb="0" cb="0"/><line nr="592" mi="12" ci="0" mb="0" cb="0"/><line nr="593" mi="17" ci="0" mb="0" cb="0"/><line nr="594" mi="34" ci="0" mb="0" cb="0"/><line nr="595" mi="50" ci="0" mb="8" cb="0"/><line nr="597" mi="31" ci="0" mb="2" cb="0"/><line nr="598" mi="2" ci="0" mb="0" cb="0"/><line nr="599" mi="25" ci="0" mb="0" cb="0"/><line nr="600" mi="9" ci="0" mb="4" cb="0"/><line nr="601" mi="5" ci="0" mb="0" cb="0"/><line nr="602" mi="3" ci="0" mb="0" cb="0"/><line nr="604" mi="2" ci="0" mb="0" cb="0"/><line nr="605" mi="6" ci="0" mb="0" cb="0"/><line nr="606" mi="43" ci="0" mb="8" cb="0"/><line nr="607" mi="1" ci="0" mb="0" cb="0"/><line nr="608" mi="1" ci="0" mb="0" cb="0"/><line nr="609" mi="1" ci="0" mb="0" cb="0"/><line nr="610" mi="1" ci="0" mb="0" cb="0"/><line nr="612" mi="32" ci="0" mb="2" cb="0"/><line nr="622" mi="80" ci="0" mb="22" cb="0"/><line nr="623" mi="2" ci="0" mb="0" cb="0"/><line nr="624" mi="16" ci="0" mb="0" cb="0"/><line nr="625" mi="4" ci="0" mb="0" cb="0"/><line nr="626" mi="4" ci="0" mb="0" cb="0"/><line nr="627" mi="4" ci="0" mb="0" cb="0"/><line nr="630" mi="23" ci="0" mb="0" cb="0"/><line nr="632" mi="33" ci="0" mb="0" cb="0"/><line nr="634" mi="5" ci="0" mb="2" cb="0"/><line nr="635" mi="2" ci="0" mb="0" cb="0"/><line nr="636" mi="4" ci="0" mb="0" cb="0"/><line nr="637" mi="7" ci="0" mb="0" cb="0"/><line nr="638" mi="15" ci="0" mb="0" cb="0"/><line nr="639" mi="8" ci="0" mb="0" cb="0"/><line nr="640" mi="16" ci="0" mb="0" cb="0"/><line nr="641" mi="34" ci="0" mb="6" cb="0"/><line nr="642" mi="2" ci="0" mb="0" cb="0"/><line nr="643" mi="4" ci="0" mb="0" cb="0"/><line nr="644" mi="6" ci="0" mb="0" cb="0"/><line nr="645" mi="4" ci="0" mb="0" cb="0"/><line nr="646" mi="3" ci="0" mb="0" cb="0"/><line nr="648" mi="8" ci="0" mb="0" cb="0"/><line nr="649" mi="7" ci="0" mb="0" cb="0"/><line nr="650" mi="4" ci="0" mb="0" cb="0"/><line nr="651" mi="5" ci="0" mb="0" cb="0"/><line nr="653" mi="3" ci="0" mb="0" cb="0"/><line nr="654" mi="3" ci="0" mb="0" cb="0"/><line nr="655" mi="2" ci="0" mb="0" cb="0"/><line nr="656" mi="3" ci="0" mb="0" cb="0"/><line nr="657" mi="17" ci="0" mb="0" cb="0"/><line nr="659" mi="1" ci="0" mb="0" cb="0"/><line nr="660" mi="4" ci="0" mb="0" cb="0"/><line nr="661" mi="2" ci="0" mb="0" cb="0"/><line nr="662" mi="3" ci="0" mb="0" cb="0"/><line nr="663" mi="17" ci="0" mb="0" cb="0"/><line nr="665" mi="2" ci="0" mb="0" cb="0"/><line nr="666" mi="4" ci="0" mb="0" cb="0"/><line nr="667" mi="2" ci="0" mb="0" cb="0"/><line nr="668" mi="19" ci="0" mb="0" cb="0"/><line nr="670" mi="1" ci="0" mb="0" cb="0"/><line nr="672" mi="1" ci="0" mb="0" cb="0"/><line nr="673" mi="4" ci="0" mb="0" cb="0"/><line nr="674" mi="2" ci="0" mb="0" cb="0"/><line nr="675" mi="19" ci="0" mb="0" cb="0"/><line nr="678" mi="1" ci="0" mb="0" cb="0"/><line nr="679" mi="7" ci="0" mb="0" cb="0"/><line nr="680" mi="6" ci="0" mb="0" cb="0"/><line nr="681" mi="10" ci="0" mb="0" cb="0"/><line nr="684" mi="7" ci="0" mb="0" cb="0"/><line nr="685" mi="1" ci="0" mb="0" cb="0"/><line nr="686" mi="11" ci="0" mb="0" cb="0"/><line nr="687" mi="21" ci="0" mb="0" cb="0"/><line nr="690" mi="3" ci="0" mb="2" cb="0"/><line nr="691" mi="4" ci="0" mb="0" cb="0"/><line nr="692" mi="4" ci="0" mb="0" cb="0"/><line nr="693" mi="1" ci="0" mb="0" cb="0"/><line nr="694" mi="11" ci="0" mb="0" cb="0"/><line nr="695" mi="22" ci="0" mb="0" cb="0"/><line nr="698" mi="3" ci="0" mb="0" cb="0"/><line nr="699" mi="1" ci="0" mb="0" cb="0"/><line nr="700" mi="18" ci="0" mb="2" cb="0"/><line nr="707" mi="66" ci="0" mb="18" cb="0"/><line nr="708" mi="2" ci="0" mb="0" cb="0"/><line nr="710" mi="5" ci="0" mb="2" cb="0"/><line nr="711" mi="5" ci="0" mb="0" cb="0"/><line nr="712" mi="2" ci="0" mb="0" cb="0"/><line nr="713" mi="44" ci="0" mb="2" cb="0"/><line nr="714" mi="27" ci="0" mb="0" cb="0"/><line nr="715" mi="20" ci="0" mb="0" cb="0"/><line nr="716" mi="20" ci="0" mb="6" cb="0"/><line nr="717" mi="5" ci="0" mb="2" cb="0"/><line nr="718" mi="1" ci="0" mb="0" cb="0"/><line nr="719" mi="2" ci="0" mb="0" cb="0"/><line nr="720" mi="19" ci="0" mb="0" cb="0"/><line nr="721" mi="26" ci="0" mb="0" cb="0"/><line nr="722" mi="2" ci="0" mb="0" cb="0"/><line nr="723" mi="1" ci="0" mb="0" cb="0"/><line nr="724" mi="2" ci="0" mb="0" cb="0"/><line nr="725" mi="15" ci="0" mb="2" cb="0"/><line nr="733" mi="80" ci="0" mb="22" cb="0"/><line nr="734" mi="14" ci="0" mb="2" cb="0"/><line nr="735" mi="5" ci="0" mb="0" cb="0"/><line nr="737" mi="11" ci="0" mb="4" cb="0"/><line nr="739" mi="5" ci="0" mb="2" cb="0"/><line nr="740" mi="2" ci="0" mb="0" cb="0"/><line nr="741" mi="5" ci="0" mb="0" cb="0"/><line nr="742" mi="5" ci="0" mb="0" cb="0"/><line nr="743" mi="43" ci="0" mb="2" cb="0"/><line nr="744" mi="6" ci="0" mb="0" cb="0"/><line nr="745" mi="9" ci="0" mb="0" cb="0"/><line nr="746" mi="17" ci="0" mb="0" cb="0"/><line nr="748" mi="28" ci="0" mb="8" cb="0"/><line nr="749" mi="16" ci="0" mb="2" cb="0"/><line nr="752" mi="14" ci="0" mb="2" cb="0"/><line nr="753" mi="8" ci="0" mb="2" cb="0"/><line nr="757" mi="7" ci="0" mb="11" cb="0"/><line nr="758" mi="3" ci="0" mb="0" cb="0"/><line nr="759" mi="3" ci="0" mb="0" cb="0"/><line nr="760" mi="3" ci="0" mb="0" cb="0"/><line nr="761" mi="3" ci="0" mb="0" cb="0"/><line nr="762" mi="3" ci="0" mb="0" cb="0"/><line nr="763" mi="3" ci="0" mb="0" cb="0"/><line nr="764" mi="3" ci="0" mb="0" cb="0"/><line nr="765" mi="3" ci="0" mb="0" cb="0"/><line nr="766" mi="3" ci="0" mb="0" cb="0"/><line nr="767" mi="3" ci="0" mb="0" cb="0"/><line nr="768" mi="3" ci="0" mb="0" cb="0"/><line nr="773" mi="3" ci="0" mb="11" cb="0"/><line nr="774" mi="2" ci="0" mb="0" cb="0"/><line nr="775" mi="2" ci="0" mb="0" cb="0"/><line nr="776" mi="2" ci="0" mb="0" cb="0"/><line nr="777" mi="2" ci="0" mb="0" cb="0"/><line nr="778" mi="2" ci="0" mb="0" cb="0"/><line nr="779" mi="2" ci="0" mb="0" cb="0"/><line nr="780" mi="2" ci="0" mb="0" cb="0"/><line nr="781" mi="2" ci="0" mb="0" cb="0"/><line nr="782" mi="2" ci="0" mb="0" cb="0"/><line nr="783" mi="2" ci="0" mb="0" cb="0"/><line nr="784" mi="1" ci="0" mb="0" cb="0"/><line nr="794" mi="80" ci="0" mb="22" cb="0"/><line nr="795" mi="12" ci="0" mb="0" cb="0"/><line nr="796" mi="14" ci="0" mb="2" cb="0"/><line nr="798" mi="5" ci="0" mb="2" cb="0"/><line nr="799" mi="2" ci="0" mb="0" cb="0"/><line nr="800" mi="5" ci="0" mb="0" cb="0"/><line nr="801" mi="10" ci="0" mb="0" cb="0"/><line nr="802" mi="1" ci="0" mb="0" cb="0"/><line nr="803" mi="10" ci="0" mb="0" cb="0"/><line nr="804" mi="20" ci="0" mb="8" cb="0"/><line nr="805" mi="6" ci="0" mb="0" cb="0"/><line nr="806" mi="33" ci="0" mb="0" cb="0"/><line nr="807" mi="2" ci="0" mb="0" cb="0"/><line nr="808" mi="2" ci="0" mb="0" cb="0"/><line nr="810" mi="22" ci="0" mb="0" cb="0"/><line nr="811" mi="2" ci="0" mb="0" cb="0"/><line nr="812" mi="1" ci="0" mb="0" cb="0"/><line nr="813" mi="29" ci="0" mb="0" cb="0"/><line nr="814" mi="31" ci="0" mb="6" cb="0"/><line nr="815" mi="2" ci="0" mb="0" cb="0"/><line nr="816" mi="4" ci="0" mb="0" cb="0"/><line nr="817" mi="9" ci="0" mb="0" cb="0"/><line nr="818" mi="7" ci="0" mb="0" cb="0"/><line nr="819" mi="6" ci="0" mb="0" cb="0"/><line nr="820" mi="8" ci="0" mb="0" cb="0"/><line nr="822" mi="13" ci="0" mb="0" cb="0"/><line nr="823" mi="5" ci="0" mb="0" cb="0"/><line nr="824" mi="14" ci="0" mb="2" cb="0"/><line nr="825" mi="6" ci="0" mb="0" cb="0"/><line nr="826" mi="2" ci="0" mb="0" cb="0"/><line nr="827" mi="5" ci="0" mb="0" cb="0"/><line nr="828" mi="5" ci="0" mb="0" cb="0"/><line nr="829" mi="7" ci="0" mb="0" cb="0"/><line nr="830" mi="5" ci="0" mb="0" cb="0"/><line nr="831" mi="9" ci="0" mb="0" cb="0"/><line nr="833" mi="5" ci="0" mb="0" cb="0"/><line nr="835" mi="13" ci="0" mb="2" cb="0"/><line nr="836" mi="1" ci="0" mb="0" cb="0"/><line nr="837" mi="6" ci="0" mb="0" cb="0"/><line nr="838" mi="4" ci="0" mb="0" cb="0"/><line nr="839" mi="9" ci="0" mb="0" cb="0"/><line nr="840" mi="2" ci="0" mb="0" cb="0"/><line nr="841" mi="4" ci="0" mb="0" cb="0"/><line nr="842" mi="9" ci="0" mb="2" cb="0"/><line nr="844" mi="9" ci="0" mb="0" cb="0"/><line nr="845" mi="1" ci="0" mb="0" cb="0"/><line nr="846" mi="3" ci="0" mb="0" cb="0"/><line nr="847" mi="2" ci="0" mb="0" cb="0"/><line nr="848" mi="19" ci="0" mb="0" cb="0"/><line nr="851" mi="1" ci="0" mb="0" cb="0"/><line nr="852" mi="1" ci="0" mb="0" cb="0"/><line nr="853" mi="3" ci="0" mb="0" cb="0"/><line nr="854" mi="1" ci="0" mb="0" cb="0"/><line nr="855" mi="10" ci="0" mb="0" cb="0"/><line nr="856" mi="20" ci="0" mb="8" cb="0"/><line nr="857" mi="2" ci="0" mb="0" cb="0"/><line nr="858" mi="25" ci="0" mb="0" cb="0"/><line nr="859" mi="8" ci="0" mb="0" cb="0"/><line nr="860" mi="10" ci="0" mb="0" cb="0"/><line nr="861" mi="6" ci="0" mb="0" cb="0"/><line nr="862" mi="44" ci="0" mb="8" cb="0"/><line nr="863" mi="3" ci="0" mb="0" cb="0"/><line nr="864" mi="1" ci="0" mb="0" cb="0"/><line nr="865" mi="29" ci="0" mb="8" cb="0"/><line nr="867" mi="16" ci="0" mb="2" cb="0"/><line nr="876" mi="6" ci="0" mb="2" cb="0"/><line nr="877" mi="26" ci="0" mb="2" cb="0"/><line nr="878" mi="170" ci="0" mb="42" cb="0"/><line nr="880" mi="47" ci="0" mb="0" cb="0"/><line nr="881" mi="30" ci="0" mb="0" cb="0"/><line nr="883" mi="11" ci="0" mb="0" cb="0"/><line nr="884" mi="2" ci="0" mb="0" cb="0"/><line nr="885" mi="13" ci="0" mb="0" cb="0"/><line nr="887" mi="32" ci="0" mb="4" cb="0"/><line nr="888" mi="11" ci="0" mb="0" cb="0"/><line nr="889" mi="1" ci="0" mb="0" cb="0"/><line nr="890" mi="5" ci="0" mb="2" cb="0"/><line nr="891" mi="12" ci="0" mb="2" cb="0"/><line nr="892" mi="1" ci="0" mb="0" cb="0"/><line nr="894" mi="12" ci="0" mb="0" cb="0"/><line nr="897" mi="1" ci="0" mb="0" cb="0"/><line nr="898" mi="14" ci="0" mb="0" cb="0"/><line nr="899" mi="4" ci="0" mb="2" cb="0"/><line nr="900" mi="3" ci="0" mb="0" cb="0"/><line nr="901" mi="6" ci="0" mb="0" cb="0"/><line nr="902" mi="3" ci="0" mb="0" cb="0"/><line nr="903" mi="3" ci="0" mb="0" cb="0"/><line nr="904" mi="2" ci="0" mb="0" cb="0"/><line nr="905" mi="1" ci="0" mb="0" cb="0"/><line nr="906" mi="15" ci="0" mb="0" cb="0"/><line nr="907" mi="8" ci="0" mb="0" cb="0"/><line nr="908" mi="53" ci="0" mb="6" cb="0"/><line nr="909" mi="19" ci="0" mb="0" cb="0"/><line nr="910" mi="45" ci="0" mb="8" cb="0"/><line nr="911" mi="1" ci="0" mb="0" cb="0"/><line nr="913" mi="10" ci="0" mb="0" cb="0"/><line nr="916" mi="8" ci="0" mb="0" cb="0"/><line nr="918" mi="35" ci="0" mb="2" cb="0"/><line nr="919" mi="4" ci="0" mb="2" cb="0"/><line nr="920" mi="7" ci="0" mb="0" cb="0"/><line nr="921" mi="5" ci="0" mb="0" cb="0"/><line nr="923" mi="2" ci="0" mb="0" cb="0"/><line nr="924" mi="19" ci="0" mb="2" cb="0"/><line nr="927" mi="38" ci="0" mb="10" cb="0"/><line nr="928" mi="6" ci="0" mb="0" cb="0"/><line nr="929" mi="2" ci="0" mb="0" cb="0"/><line nr="930" mi="5" ci="0" mb="0" cb="0"/><line nr="931" mi="9" ci="0" mb="0" cb="0"/><line nr="932" mi="6" ci="0" mb="0" cb="0"/><line nr="933" mi="5" ci="0" mb="0" cb="0"/><line nr="935" mi="4" ci="0" mb="0" cb="0"/><line nr="936" mi="11" ci="0" mb="4" cb="0"/><line nr="937" mi="5" ci="0" mb="0" cb="0"/><line nr="938" mi="19" ci="0" mb="0" cb="0"/><line nr="939" mi="4" ci="0" mb="0" cb="0"/><line nr="941" mi="1" ci="0" mb="0" cb="0"/><line nr="942" mi="13" ci="0" mb="2" cb="0"/><counter type="INSTRUCTION" missed="7239" covered="0"/><counter type="BRANCH" missed="678" covered="0"/><counter type="LINE" missed="622" covered="0"/><counter type="COMPLEXITY" missed="440" covered="0"/><counter type="METHOD" missed="92" covered="0"/><counter type="CLASS" missed="30" covered="0"/></sourcefile><sourcefile name="UserProfileScreen.kt"><line nr="16" mi="17" ci="59" mb="7" cb="11"/><line nr="17" mi="0" ci="40" mb="1" cb="3"/><line nr="19" mi="0" ci="6" mb="0" cb="0"/><line nr="20" mi="0" ci="2" mb="0" cb="0"/><line nr="21" mi="0" ci="4" mb="0" cb="0"/><line nr="22" mi="0" ci="6" mb="0" cb="0"/><line nr="23" mi="0" ci="3" mb="0" cb="0"/><line nr="24" mi="0" ci="5" mb="0" cb="0"/><line nr="26" mi="0" ci="13" mb="0" cb="2"/><line nr="27" mi="0" ci="24" mb="0" cb="0"/><line nr="28" mi="0" ci="24" mb="0" cb="0"/><line nr="29" mi="0" ci="24" mb="0" cb="0"/><line nr="30" mi="0" ci="24" mb="0" cb="0"/><line nr="31" mi="0" ci="24" mb="0" cb="0"/><line nr="33" mi="0" ci="10" mb="0" cb="0"/><line nr="35" mi="0" ci="1" mb="0" cb="0"/><line nr="36" mi="0" ci="12" mb="0" cb="0"/><line nr="37" mi="0" ci="44" mb="0" cb="0"/><line nr="38" mi="7" ci="43" mb="3" cb="5"/><line nr="41" mi="2" ci="25" mb="1" cb="1"/><line nr="43" mi="7" ci="31" mb="0" cb="0"/><line nr="44" mi="12" ci="31" mb="5" cb="3"/><line nr="45" mi="0" ci="1" mb="0" cb="0"/><line nr="46" mi="0" ci="8" mb="0" cb="0"/><line nr="47" mi="0" ci="22" mb="0" cb="0"/><line nr="50" mi="0" ci="10" mb="0" cb="0"/><line nr="52" mi="0" ci="29" mb="0" cb="0"/><line nr="53" mi="7" ci="36" mb="3" cb="5"/><line nr="54" mi="0" ci="1" mb="0" cb="0"/><line nr="55" mi="0" ci="1" mb="0" cb="0"/><line nr="56" mi="2" ci="13" mb="0" cb="2"/><counter type="INSTRUCTION" missed="54" covered="604"/><counter type="BRANCH" missed="20" covered="32"/><counter type="LINE" missed="0" covered="31"/><counter type="COMPLEXITY" missed="19" covered="16"/><counter type="METHOD" missed="1" covered="8"/><counter type="CLASS" missed="0" covered="5"/></sourcefile><sourcefile name="SoundSelectionScreen.kt"><line nr="10" mi="19" ci="0" mb="6" cb="0"/><line nr="11" mi="32" ci="0" mb="0" cb="0"/><line nr="12" mi="43" ci="0" mb="0" cb="0"/><line nr="13" mi="33" ci="0" mb="0" cb="0"/><line nr="15" mi="15" ci="0" mb="0" cb="0"/><line nr="16" mi="30" ci="0" mb="0" cb="0"/><line nr="17" mi="5" ci="0" mb="0" cb="0"/><line nr="18" mi="13" ci="0" mb="0" cb="0"/><line nr="19" mi="3" ci="0" mb="0" cb="0"/><line nr="20" mi="4" ci="0" mb="0" cb="0"/><line nr="22" mi="32" ci="0" mb="0" cb="0"/><line nr="23" mi="44" ci="0" mb="8" cb="0"/><line nr="24" mi="1" ci="0" mb="0" cb="0"/><line nr="25" mi="1" ci="0" mb="0" cb="0"/><line nr="26" mi="9" ci="0" mb="4" cb="0"/><line nr="27" mi="30" ci="0" mb="0" cb="0"/><line nr="29" mi="1" ci="0" mb="0" cb="0"/><line nr="30" mi="12" ci="0" mb="2" cb="0"/><counter type="INSTRUCTION" missed="333" covered="0"/><counter type="BRANCH" missed="20" covered="0"/><counter type="LINE" missed="18" covered="0"/><counter type="COMPLEXITY" missed="17" covered="0"/><counter type="METHOD" missed="7" covered="0"/><counter type="CLASS" missed="2" covered="0"/></sourcefile><counter type="INSTRUCTION" missed="15876" covered="4137"/><counter type="BRANCH" missed="1579" covered="242"/><counter type="LINE" missed="1212" covered="321"/><counter type="COMPLEXITY" missed="1127" covered="126"/><counter type="METHOD" missed="271" covered="59"/><counter type="CLASS" missed="96" covered="28"/></package><counter type="INSTRUCTION" missed="21490" covered="4246"/><counter type="BRANCH" missed="1852" covered="242"/><counter type="LINE" missed="1816" covered="334"/><counter type="COMPLEXITY" missed="1496" covered="138"/><counter type="METHOD" missed="503" covered="71"/><counter type="CLASS" missed="144" covered="30"/></report>