<?xml version="1.0" encoding="UTF-8" standalone="yes"?><!DOCTYPE report PUBLIC "-//JACOCO//DTD Report 1.1//EN" "report.dtd"><report name="app"><sessioninfo id="Daniel-10a6f690" start="1748777308074" dump="1748777317648"/><package name="at/aau/serg/websocketbrokerdemo/data/properties"><class name="at/aau/serg/websocketbrokerdemo/data/properties/PropertyViewModel" sourcefilename="PropertyViewModel.kt"><method name="&lt;init&gt;" desc="()V" line="8"><counter type="INSTRUCTION" missed="3" covered="0"/><counter type="LINE" missed="1" covered="0"/><counter type="COMPLEXITY" missed="1" covered="0"/><counter type="METHOD" missed="1" covered="0"/></method><method name="getProperties" desc="(Landroid/content/Context;)Ljava/util/List;" line="11"><counter type="INSTRUCTION" missed="50" covered="0"/><counter type="LINE" missed="9" covered="0"/><counter type="COMPLEXITY" missed="1" covered="0"/><counter type="METHOD" missed="1" covered="0"/></method><counter type="INSTRUCTION" missed="53" covered="0"/><counter type="LINE" missed="10" covered="0"/><counter type="COMPLEXITY" missed="2" covered="0"/><counter type="METHOD" missed="2" covered="0"/><counter type="CLASS" missed="1" covered="0"/></class><class name="at/aau/serg/websocketbrokerdemo/data/properties/PropertyJsonWrapper" sourcefilename="PropertyJsonWrapper.kt"><method name="&lt;init&gt;" desc="(Ljava/util/List;Ljava/util/List;Ljava/util/List;)V" line="3"><counter type="INSTRUCTION" missed="21" covered="0"/><counter type="LINE" missed="4" covered="0"/><counter type="COMPLEXITY" missed="1" covered="0"/><counter type="METHOD" missed="1" covered="0"/></method><method name="getProperties" desc="()Ljava/util/List;" line="4"><counter type="INSTRUCTION" missed="3" covered="0"/><counter type="LINE" missed="1" covered="0"/><counter type="COMPLEXITY" missed="1" covered="0"/><counter type="METHOD" missed="1" covered="0"/></method><method name="getTrainStations" desc="()Ljava/util/List;" line="5"><counter type="INSTRUCTION" missed="3" covered="0"/><counter type="LINE" missed="1" covered="0"/><counter type="COMPLEXITY" missed="1" covered="0"/><counter type="METHOD" missed="1" covered="0"/></method><method name="getUtilities" desc="()Ljava/util/List;" line="6"><counter type="INSTRUCTION" missed="3" covered="0"/><counter type="LINE" missed="1" covered="0"/><counter type="COMPLEXITY" missed="1" covered="0"/><counter type="METHOD" missed="1" covered="0"/></method><counter type="INSTRUCTION" missed="30" covered="0"/><counter type="LINE" missed="4" covered="0"/><counter type="COMPLEXITY" missed="4" covered="0"/><counter type="METHOD" missed="4" covered="0"/><counter type="CLASS" missed="1" covered="0"/></class><class name="at/aau/serg/websocketbrokerdemo/data/properties/TrainStation" sourcefilename="TrainStation.kt"><method name="&lt;init&gt;" desc="(ILjava/lang/String;IIIIIILjava/lang/String;ZLjava/lang/String;)V" line="3"><counter type="INSTRUCTION" missed="43" covered="0"/><counter type="LINE" missed="12" covered="0"/><counter type="COMPLEXITY" missed="1" covered="0"/><counter type="METHOD" missed="1" covered="0"/></method><method name="getId" desc="()I" line="4"><counter type="INSTRUCTION" missed="3" covered="0"/><counter type="LINE" missed="1" covered="0"/><counter type="COMPLEXITY" missed="1" covered="0"/><counter type="METHOD" missed="1" covered="0"/></method><method name="getName" desc="()Ljava/lang/String;" line="5"><counter type="INSTRUCTION" missed="3" covered="0"/><counter type="LINE" missed="1" covered="0"/><counter type="COMPLEXITY" missed="1" covered="0"/><counter type="METHOD" missed="1" covered="0"/></method><method name="getPurchasePrice" desc="()I" line="6"><counter type="INSTRUCTION" missed="3" covered="0"/><counter type="LINE" missed="1" covered="0"/><counter type="COMPLEXITY" missed="1" covered="0"/><counter type="METHOD" missed="1" covered="0"/></method><method name="getPosition" desc="()I" line="7"><counter type="INSTRUCTION" missed="3" covered="0"/><counter type="LINE" missed="1" covered="0"/><counter type="COMPLEXITY" missed="1" covered="0"/><counter type="METHOD" missed="1" covered="0"/></method><method name="getBaseRent" desc="()I" line="8"><counter type="INSTRUCTION" missed="3" covered="0"/><counter type="LINE" missed="1" covered="0"/><counter type="COMPLEXITY" missed="1" covered="0"/><counter type="METHOD" missed="1" covered="0"/></method><method name="getRent2Stations" desc="()I" line="9"><counter type="INSTRUCTION" missed="3" covered="0"/><counter type="LINE" missed="1" covered="0"/><counter type="COMPLEXITY" missed="1" covered="0"/><counter type="METHOD" missed="1" covered="0"/></method><method name="getRent3Stations" desc="()I" line="10"><counter type="INSTRUCTION" missed="3" covered="0"/><counter type="LINE" missed="1" covered="0"/><counter type="COMPLEXITY" missed="1" covered="0"/><counter type="METHOD" missed="1" covered="0"/></method><method name="getRent4Stations" desc="()I" line="11"><counter type="INSTRUCTION" missed="3" covered="0"/><counter type="LINE" missed="1" covered="0"/><counter type="COMPLEXITY" missed="1" covered="0"/><counter type="METHOD" missed="1" covered="0"/></method><method name="getImage" desc="()Ljava/lang/String;" line="12"><counter type="INSTRUCTION" missed="3" covered="0"/><counter type="LINE" missed="1" covered="0"/><counter type="COMPLEXITY" missed="1" covered="0"/><counter type="METHOD" missed="1" covered="0"/></method><method name="isMortgaged" desc="()Z" line="13"><counter type="INSTRUCTION" missed="3" covered="0"/><counter type="LINE" missed="1" covered="0"/><counter type="COMPLEXITY" missed="1" covered="0"/><counter type="METHOD" missed="1" covered="0"/></method><method name="getOwnerId" desc="()Ljava/lang/String;" line="13"><counter type="INSTRUCTION" missed="3" covered="0"/><counter type="LINE" missed="1" covered="0"/><counter type="COMPLEXITY" missed="1" covered="0"/><counter type="METHOD" missed="1" covered="0"/></method><method name="setOwnerId" desc="(Ljava/lang/String;)V" line="13"><counter type="INSTRUCTION" missed="4" covered="0"/><counter type="LINE" missed="1" covered="0"/><counter type="COMPLEXITY" missed="1" covered="0"/><counter type="METHOD" missed="1" covered="0"/></method><counter type="INSTRUCTION" missed="80" covered="0"/><counter type="LINE" missed="12" covered="0"/><counter type="COMPLEXITY" missed="13" covered="0"/><counter type="METHOD" missed="13" covered="0"/><counter type="CLASS" missed="1" covered="0"/></class><class name="at/aau/serg/websocketbrokerdemo/data/properties/PropertyViewModel$getProperties$wrapperType$1" sourcefilename="PropertyViewModel.kt"><method name="&lt;init&gt;" desc="()V" line="15"><counter type="INSTRUCTION" missed="3" covered="0"/><counter type="LINE" missed="1" covered="0"/><counter type="COMPLEXITY" missed="1" covered="0"/><counter type="METHOD" missed="1" covered="0"/></method><counter type="INSTRUCTION" missed="3" covered="0"/><counter type="LINE" missed="1" covered="0"/><counter type="COMPLEXITY" missed="1" covered="0"/><counter type="METHOD" missed="1" covered="0"/><counter type="CLASS" missed="1" covered="0"/></class><class name="at/aau/serg/websocketbrokerdemo/data/properties/DummyProperty" sourcefilename="Property.kt"><method name="&lt;init&gt;" desc="(IILat/aau/serg/websocketbrokerdemo/data/properties/PropertyColor;Ljava/lang/String;)V" line="13"><counter type="INSTRUCTION" missed="0" covered="25"/><counter type="LINE" missed="0" covered="8"/><counter type="COMPLEXITY" missed="0" covered="1"/><counter type="METHOD" missed="0" covered="1"/></method><method name="&lt;init&gt;" desc="(IILat/aau/serg/websocketbrokerdemo/data/properties/PropertyColor;Ljava/lang/String;ILkotlin/jvm/internal/DefaultConstructorMarker;)V" line="13"><counter type="INSTRUCTION" missed="0" covered="12"/><counter type="LINE" missed="0" covered="3"/><counter type="COMPLEXITY" missed="0" covered="1"/><counter type="METHOD" missed="0" covered="1"/></method><method name="getId" desc="()I" line="14"><counter type="INSTRUCTION" missed="3" covered="0"/><counter type="LINE" missed="1" covered="0"/><counter type="COMPLEXITY" missed="1" covered="0"/><counter type="METHOD" missed="1" covered="0"/></method><method name="getPosition" desc="()I" line="15"><counter type="INSTRUCTION" missed="0" covered="3"/><counter type="LINE" missed="0" covered="1"/><counter type="COMPLEXITY" missed="0" covered="1"/><counter type="METHOD" missed="0" covered="1"/></method><method name="getColor" desc="()Lat/aau/serg/websocketbrokerdemo/data/properties/PropertyColor;" line="16"><counter type="INSTRUCTION" missed="3" covered="0"/><counter type="LINE" missed="1" covered="0"/><counter type="COMPLEXITY" missed="1" covered="0"/><counter type="METHOD" missed="1" covered="0"/></method><method name="getOwnerId" desc="()Ljava/lang/String;" line="17"><counter type="INSTRUCTION" missed="0" covered="3"/><counter type="LINE" missed="0" covered="1"/><counter type="COMPLEXITY" missed="0" covered="1"/><counter type="METHOD" missed="0" covered="1"/></method><method name="setOwnerId" desc="(Ljava/lang/String;)V" line="17"><counter type="INSTRUCTION" missed="4" covered="0"/><counter type="LINE" missed="1" covered="0"/><counter type="COMPLEXITY" missed="1" covered="0"/><counter type="METHOD" missed="1" covered="0"/></method><method name="getName" desc="()Ljava/lang/String;" line="19"><counter type="INSTRUCTION" missed="3" covered="0"/><counter type="LINE" missed="1" covered="0"/><counter type="COMPLEXITY" missed="1" covered="0"/><counter type="METHOD" missed="1" covered="0"/></method><method name="getPurchasePrice" desc="()I" line="20"><counter type="INSTRUCTION" missed="3" covered="0"/><counter type="LINE" missed="1" covered="0"/><counter type="COMPLEXITY" missed="1" covered="0"/><counter type="METHOD" missed="1" covered="0"/></method><method name="getImage" desc="()Ljava/lang/String;" line="21"><counter type="INSTRUCTION" missed="3" covered="0"/><counter type="LINE" missed="1" covered="0"/><counter type="COMPLEXITY" missed="1" covered="0"/><counter type="METHOD" missed="1" covered="0"/></method><method name="isMortgaged" desc="()Z" line="22"><counter type="INSTRUCTION" missed="3" covered="0"/><counter type="LINE" missed="1" covered="0"/><counter type="COMPLEXITY" missed="1" covered="0"/><counter type="METHOD" missed="1" covered="0"/></method><counter type="INSTRUCTION" missed="22" covered="43"/><counter type="LINE" missed="2" covered="8"/><counter type="COMPLEXITY" missed="7" covered="4"/><counter type="METHOD" missed="7" covered="4"/><counter type="CLASS" missed="0" covered="1"/></class><class name="at/aau/serg/websocketbrokerdemo/data/properties/Property" sourcefilename="Property.kt"/><class name="at/aau/serg/websocketbrokerdemo/data/properties/Utility" sourcefilename="Utility.kt"><method name="&lt;init&gt;" desc="(ILjava/lang/String;IIIILjava/lang/String;ZLjava/lang/String;)V" line="3"><counter type="INSTRUCTION" missed="37" covered="0"/><counter type="LINE" missed="10" covered="0"/><counter type="COMPLEXITY" missed="1" covered="0"/><counter type="METHOD" missed="1" covered="0"/></method><method name="getId" desc="()I" line="4"><counter type="INSTRUCTION" missed="3" covered="0"/><counter type="LINE" missed="1" covered="0"/><counter type="COMPLEXITY" missed="1" covered="0"/><counter type="METHOD" missed="1" covered="0"/></method><method name="getName" desc="()Ljava/lang/String;" line="5"><counter type="INSTRUCTION" missed="3" covered="0"/><counter type="LINE" missed="1" covered="0"/><counter type="COMPLEXITY" missed="1" covered="0"/><counter type="METHOD" missed="1" covered="0"/></method><method name="getPurchasePrice" desc="()I" line="6"><counter type="INSTRUCTION" missed="3" covered="0"/><counter type="LINE" missed="1" covered="0"/><counter type="COMPLEXITY" missed="1" covered="0"/><counter type="METHOD" missed="1" covered="0"/></method><method name="getPosition" desc="()I" line="7"><counter type="INSTRUCTION" missed="3" covered="0"/><counter type="LINE" missed="1" covered="0"/><counter type="COMPLEXITY" missed="1" covered="0"/><counter type="METHOD" missed="1" covered="0"/></method><method name="getRentOneUtilityMultiplier" desc="()I" line="8"><counter type="INSTRUCTION" missed="3" covered="0"/><counter type="LINE" missed="1" covered="0"/><counter type="COMPLEXITY" missed="1" covered="0"/><counter type="METHOD" missed="1" covered="0"/></method><method name="getRentTwoUtilitiesMultiplier" desc="()I" line="9"><counter type="INSTRUCTION" missed="3" covered="0"/><counter type="LINE" missed="1" covered="0"/><counter type="COMPLEXITY" missed="1" covered="0"/><counter type="METHOD" missed="1" covered="0"/></method><method name="getImage" desc="()Ljava/lang/String;" line="10"><counter type="INSTRUCTION" missed="3" covered="0"/><counter type="LINE" missed="1" covered="0"/><counter type="COMPLEXITY" missed="1" covered="0"/><counter type="METHOD" missed="1" covered="0"/></method><method name="isMortgaged" desc="()Z" line="11"><counter type="INSTRUCTION" missed="3" covered="0"/><counter type="LINE" missed="1" covered="0"/><counter type="COMPLEXITY" missed="1" covered="0"/><counter type="METHOD" missed="1" covered="0"/></method><method name="getOwnerId" desc="()Ljava/lang/String;" line="11"><counter type="INSTRUCTION" missed="3" covered="0"/><counter type="LINE" missed="1" covered="0"/><counter type="COMPLEXITY" missed="1" covered="0"/><counter type="METHOD" missed="1" covered="0"/></method><method name="setOwnerId" desc="(Ljava/lang/String;)V" line="11"><counter type="INSTRUCTION" missed="4" covered="0"/><counter type="LINE" missed="1" covered="0"/><counter type="COMPLEXITY" missed="1" covered="0"/><counter type="METHOD" missed="1" covered="0"/></method><counter type="INSTRUCTION" missed="68" covered="0"/><counter type="LINE" missed="10" covered="0"/><counter type="COMPLEXITY" missed="11" covered="0"/><counter type="METHOD" missed="11" covered="0"/><counter type="CLASS" missed="1" covered="0"/></class><class name="at/aau/serg/websocketbrokerdemo/data/properties/JsonUtilsKt" sourcefilename="JsonUtils.kt"><method name="loadJsonFromAssets" desc="(Landroid/content/Context;Ljava/lang/String;)Ljava/lang/String;" line="7"><counter type="INSTRUCTION" missed="59" covered="0"/><counter type="BRANCH" missed="2" covered="0"/><counter type="LINE" missed="1" covered="0"/><counter type="COMPLEXITY" missed="2" covered="0"/><counter type="METHOD" missed="1" covered="0"/></method><counter type="INSTRUCTION" missed="59" covered="0"/><counter type="BRANCH" missed="2" covered="0"/><counter type="LINE" missed="1" covered="0"/><counter type="COMPLEXITY" missed="2" covered="0"/><counter type="METHOD" missed="1" covered="0"/><counter type="CLASS" missed="1" covered="0"/></class><class name="at/aau/serg/websocketbrokerdemo/data/properties/ImageUtilsKt" sourcefilename="ImageUtils.kt"><method name="getDrawableIdFromName" desc="(Ljava/lang/String;Landroid/content/Context;)I" line="6"><counter type="INSTRUCTION" missed="14" covered="0"/><counter type="LINE" missed="1" covered="0"/><counter type="COMPLEXITY" missed="1" covered="0"/><counter type="METHOD" missed="1" covered="0"/></method><counter type="INSTRUCTION" missed="14" covered="0"/><counter type="LINE" missed="1" covered="0"/><counter type="COMPLEXITY" missed="1" covered="0"/><counter type="METHOD" missed="1" covered="0"/><counter type="CLASS" missed="1" covered="0"/></class><class name="at/aau/serg/websocketbrokerdemo/data/properties/PropertyExtensionsKt" sourcefilename="PropertyExtensions.kt"><method name="copyWithOwner" desc="(Lat/aau/serg/websocketbrokerdemo/data/properties/Property;Ljava/lang/String;)Lat/aau/serg/websocketbrokerdemo/data/properties/Property;" line="4"><counter type="INSTRUCTION" missed="57" covered="28"/><counter type="BRANCH" missed="3" covered="3"/><counter type="LINE" missed="0" covered="5"/><counter type="COMPLEXITY" missed="3" covered="1"/><counter type="METHOD" missed="0" covered="1"/></method><counter type="INSTRUCTION" missed="57" covered="28"/><counter type="BRANCH" missed="3" covered="3"/><counter type="LINE" missed="0" covered="5"/><counter type="COMPLEXITY" missed="3" covered="1"/><counter type="METHOD" missed="0" covered="1"/><counter type="CLASS" missed="0" covered="1"/></class><class name="at/aau/serg/websocketbrokerdemo/data/properties/PropertyColor" sourcefilename="PropertyColor.kt"><method name="getEntries" desc="()Lkotlin/enums/EnumEntries;" line="14"><counter type="INSTRUCTION" missed="2" covered="0"/><counter type="LINE" missed="1" covered="0"/><counter type="COMPLEXITY" missed="1" covered="0"/><counter type="METHOD" missed="1" covered="0"/></method><method name="&lt;clinit&gt;" desc="()V" line="4"><counter type="INSTRUCTION" missed="0" covered="67"/><counter type="LINE" missed="0" covered="10"/><counter type="COMPLEXITY" missed="0" covered="1"/><counter type="METHOD" missed="0" covered="1"/></method><counter type="INSTRUCTION" missed="2" covered="67"/><counter type="LINE" missed="1" covered="10"/><counter type="COMPLEXITY" missed="1" covered="1"/><counter type="METHOD" missed="1" covered="1"/><counter type="CLASS" missed="0" covered="1"/></class><class name="at/aau/serg/websocketbrokerdemo/data/properties/HouseableProperty" sourcefilename="HouseableProperty.kt"><method name="&lt;init&gt;" desc="(ILjava/lang/String;IIIIIIIIIIILjava/lang/String;ZLjava/lang/String;)V" line="3"><counter type="INSTRUCTION" missed="58" covered="0"/><counter type="LINE" missed="17" covered="0"/><counter type="COMPLEXITY" missed="1" covered="0"/><counter type="METHOD" missed="1" covered="0"/></method><method name="getId" desc="()I" line="4"><counter type="INSTRUCTION" missed="3" covered="0"/><counter type="LINE" missed="1" covered="0"/><counter type="COMPLEXITY" missed="1" covered="0"/><counter type="METHOD" missed="1" covered="0"/></method><method name="getName" desc="()Ljava/lang/String;" line="5"><counter type="INSTRUCTION" missed="3" covered="0"/><counter type="LINE" missed="1" covered="0"/><counter type="COMPLEXITY" missed="1" covered="0"/><counter type="METHOD" missed="1" covered="0"/></method><method name="getPurchasePrice" desc="()I" line="6"><counter type="INSTRUCTION" missed="3" covered="0"/><counter type="LINE" missed="1" covered="0"/><counter type="COMPLEXITY" missed="1" covered="0"/><counter type="METHOD" missed="1" covered="0"/></method><method name="getPosition" desc="()I" line="7"><counter type="INSTRUCTION" missed="3" covered="0"/><counter type="LINE" missed="1" covered="0"/><counter type="COMPLEXITY" missed="1" covered="0"/><counter type="METHOD" missed="1" covered="0"/></method><method name="getBaseRent" desc="()I" line="8"><counter type="INSTRUCTION" missed="3" covered="0"/><counter type="LINE" missed="1" covered="0"/><counter type="COMPLEXITY" missed="1" covered="0"/><counter type="METHOD" missed="1" covered="0"/></method><method name="getRent1House" desc="()I" line="9"><counter type="INSTRUCTION" missed="3" covered="0"/><counter type="LINE" missed="1" covered="0"/><counter type="COMPLEXITY" missed="1" covered="0"/><counter type="METHOD" missed="1" covered="0"/></method><method name="getRent2Houses" desc="()I" line="10"><counter type="INSTRUCTION" missed="3" covered="0"/><counter type="LINE" missed="1" covered="0"/><counter type="COMPLEXITY" missed="1" covered="0"/><counter type="METHOD" missed="1" covered="0"/></method><method name="getRent3Houses" desc="()I" line="11"><counter type="INSTRUCTION" missed="3" covered="0"/><counter type="LINE" missed="1" covered="0"/><counter type="COMPLEXITY" missed="1" covered="0"/><counter type="METHOD" missed="1" covered="0"/></method><method name="getRent4Houses" desc="()I" line="12"><counter type="INSTRUCTION" missed="3" covered="0"/><counter type="LINE" missed="1" covered="0"/><counter type="COMPLEXITY" missed="1" covered="0"/><counter type="METHOD" missed="1" covered="0"/></method><method name="getRentHotel" desc="()I" line="13"><counter type="INSTRUCTION" missed="3" covered="0"/><counter type="LINE" missed="1" covered="0"/><counter type="COMPLEXITY" missed="1" covered="0"/><counter type="METHOD" missed="1" covered="0"/></method><method name="getHousePrice" desc="()I" line="14"><counter type="INSTRUCTION" missed="3" covered="0"/><counter type="LINE" missed="1" covered="0"/><counter type="COMPLEXITY" missed="1" covered="0"/><counter type="METHOD" missed="1" covered="0"/></method><method name="getHotelPrice" desc="()I" line="15"><counter type="INSTRUCTION" missed="3" covered="0"/><counter type="LINE" missed="1" covered="0"/><counter type="COMPLEXITY" missed="1" covered="0"/><counter type="METHOD" missed="1" covered="0"/></method><method name="getMortgageValue" desc="()I" line="16"><counter type="INSTRUCTION" missed="3" covered="0"/><counter type="LINE" missed="1" covered="0"/><counter type="COMPLEXITY" missed="1" covered="0"/><counter type="METHOD" missed="1" covered="0"/></method><method name="getImage" desc="()Ljava/lang/String;" line="17"><counter type="INSTRUCTION" missed="3" covered="0"/><counter type="LINE" missed="1" covered="0"/><counter type="COMPLEXITY" missed="1" covered="0"/><counter type="METHOD" missed="1" covered="0"/></method><method name="isMortgaged" desc="()Z" line="18"><counter type="INSTRUCTION" missed="3" covered="0"/><counter type="LINE" missed="1" covered="0"/><counter type="COMPLEXITY" missed="1" covered="0"/><counter type="METHOD" missed="1" covered="0"/></method><method name="getOwnerId" desc="()Ljava/lang/String;" line="18"><counter type="INSTRUCTION" missed="3" covered="0"/><counter type="LINE" missed="1" covered="0"/><counter type="COMPLEXITY" missed="1" covered="0"/><counter type="METHOD" missed="1" covered="0"/></method><method name="setOwnerId" desc="(Ljava/lang/String;)V" line="18"><counter type="INSTRUCTION" missed="4" covered="0"/><counter type="LINE" missed="1" covered="0"/><counter type="COMPLEXITY" missed="1" covered="0"/><counter type="METHOD" missed="1" covered="0"/></method><counter type="INSTRUCTION" missed="110" covered="0"/><counter type="LINE" missed="17" covered="0"/><counter type="COMPLEXITY" missed="18" covered="0"/><counter type="METHOD" missed="18" covered="0"/><counter type="CLASS" missed="1" covered="0"/></class><sourcefile name="PropertyViewModel.kt"><line nr="8" mi="3" ci="0" mb="0" cb="0"/><line nr="11" mi="4" ci="0" mb="0" cb="0"/><line nr="12" mi="4" ci="0" mb="0" cb="0"/><line nr="15" mi="8" ci="0" mb="0" cb="0"/><line nr="16" mi="9" ci="0" mb="0" cb="0"/><line nr="18" mi="5" ci="0" mb="0" cb="0"/><line nr="20" mi="6" ci="0" mb="0" cb="0"/><line nr="21" mi="6" ci="0" mb="0" cb="0"/><line nr="22" mi="6" ci="0" mb="0" cb="0"/><line nr="24" mi="2" ci="0" mb="0" cb="0"/><counter type="INSTRUCTION" missed="56" covered="0"/><counter type="LINE" missed="10" covered="0"/><counter type="COMPLEXITY" missed="3" covered="0"/><counter type="METHOD" missed="3" covered="0"/><counter type="CLASS" missed="2" covered="0"/></sourcefile><sourcefile name="HouseableProperty.kt"><line nr="3" mi="1" ci="0" mb="0" cb="0"/><line nr="4" mi="6" ci="0" mb="0" cb="0"/><line nr="5" mi="6" ci="0" mb="0" cb="0"/><line nr="6" mi="6" ci="0" mb="0" cb="0"/><line nr="7" mi="6" ci="0" mb="0" cb="0"/><line nr="8" mi="6" ci="0" mb="0" cb="0"/><line nr="9" mi="6" ci="0" mb="0" cb="0"/><line nr="10" mi="6" ci="0" mb="0" cb="0"/><line nr="11" mi="6" ci="0" mb="0" cb="0"/><line nr="12" mi="6" ci="0" mb="0" cb="0"/><line nr="13" mi="6" ci="0" mb="0" cb="0"/><line nr="14" mi="6" ci="0" mb="0" cb="0"/><line nr="15" mi="6" ci="0" mb="0" cb="0"/><line nr="16" mi="6" ci="0" mb="0" cb="0"/><line nr="17" mi="6" ci="0" mb="0" cb="0"/><line nr="18" mi="16" ci="0" mb="0" cb="0"/><line nr="19" mi="3" ci="0" mb="0" cb="0"/><counter type="INSTRUCTION" missed="110" covered="0"/><counter type="LINE" missed="17" covered="0"/><counter type="COMPLEXITY" missed="18" covered="0"/><counter type="METHOD" missed="18" covered="0"/><counter type="CLASS" missed="1" covered="0"/></sourcefile><sourcefile name="Utility.kt"><line nr="3" mi="1" ci="0" mb="0" cb="0"/><line nr="4" mi="6" ci="0" mb="0" cb="0"/><line nr="5" mi="6" ci="0" mb="0" cb="0"/><line nr="6" mi="6" ci="0" mb="0" cb="0"/><line nr="7" mi="6" ci="0" mb="0" cb="0"/><line nr="8" mi="6" ci="0" mb="0" cb="0"/><line nr="9" mi="6" ci="0" mb="0" cb="0"/><line nr="10" mi="6" ci="0" mb="0" cb="0"/><line nr="11" mi="16" ci="0" mb="0" cb="0"/><line nr="12" mi="3" ci="0" mb="0" cb="0"/><counter type="INSTRUCTION" missed="68" covered="0"/><counter type="LINE" missed="10" covered="0"/><counter type="COMPLEXITY" missed="11" covered="0"/><counter type="METHOD" missed="11" covered="0"/><counter type="CLASS" missed="1" covered="0"/></sourcefile><sourcefile name="PropertyExtensions.kt"><line nr="4" mi="0" ci="3" mb="0" cb="0"/><line nr="5" mi="23" ci="3" mb="1" cb="1"/><line nr="6" mi="18" ci="3" mb="1" cb="1"/><line nr="7" mi="16" ci="3" mb="1" cb="1"/><line nr="8" mi="0" ci="13" mb="0" cb="0"/><counter type="INSTRUCTION" missed="57" covered="28"/><counter type="BRANCH" missed="3" covered="3"/><counter type="LINE" missed="0" covered="5"/><counter type="COMPLEXITY" missed="3" covered="1"/><counter type="METHOD" missed="0" covered="1"/><counter type="CLASS" missed="0" covered="1"/></sourcefile><sourcefile name="JsonUtils.kt"><line nr="7" mi="53" ci="0" mb="2" cb="0"/><counter type="INSTRUCTION" missed="59" covered="0"/><counter type="BRANCH" missed="2" covered="0"/><counter type="LINE" missed="1" covered="0"/><counter type="COMPLEXITY" missed="2" covered="0"/><counter type="METHOD" missed="1" covered="0"/><counter type="CLASS" missed="1" covered="0"/></sourcefile><sourcefile name="PropertyJsonWrapper.kt"><line nr="3" mi="3" ci="0" mb="0" cb="0"/><line nr="4" mi="6" ci="0" mb="0" cb="0"/><line nr="5" mi="6" ci="0" mb="0" cb="0"/><line nr="6" mi="6" ci="0" mb="0" cb="0"/><counter type="INSTRUCTION" missed="30" covered="0"/><counter type="LINE" missed="4" covered="0"/><counter type="COMPLEXITY" missed="4" covered="0"/><counter type="METHOD" missed="4" covered="0"/><counter type="CLASS" missed="1" covered="0"/></sourcefile><sourcefile name="PropertyColor.kt"><line nr="4" mi="0" ci="6" mb="0" cb="0"/><line nr="5" mi="0" ci="6" mb="0" cb="0"/><line nr="6" mi="0" ci="6" mb="0" cb="0"/><line nr="7" mi="0" ci="6" mb="0" cb="0"/><line nr="8" mi="0" ci="6" mb="0" cb="0"/><line nr="9" mi="0" ci="6" mb="0" cb="0"/><line nr="10" mi="0" ci="6" mb="0" cb="0"/><line nr="11" mi="0" ci="6" mb="0" cb="0"/><line nr="12" mi="0" ci="6" mb="0" cb="0"/><line nr="13" mi="0" ci="13" mb="0" cb="0"/><line nr="14" mi="1" ci="0" mb="0" cb="0"/><counter type="INSTRUCTION" missed="2" covered="67"/><counter type="LINE" missed="1" covered="10"/><counter type="COMPLEXITY" missed="1" covered="1"/><counter type="METHOD" missed="1" covered="1"/><counter type="CLASS" missed="0" covered="1"/></sourcefile><sourcefile name="TrainStation.kt"><line nr="3" mi="1" ci="0" mb="0" cb="0"/><line nr="4" mi="6" ci="0" mb="0" cb="0"/><line nr="5" mi="6" ci="0" mb="0" cb="0"/><line nr="6" mi="6" ci="0" mb="0" cb="0"/><line nr="7" mi="6" ci="0" mb="0" cb="0"/><line nr="8" mi="6" ci="0" mb="0" cb="0"/><line nr="9" mi="6" ci="0" mb="0" cb="0"/><line nr="10" mi="6" ci="0" mb="0" cb="0"/><line nr="11" mi="6" ci="0" mb="0" cb="0"/><line nr="12" mi="6" ci="0" mb="0" cb="0"/><line nr="13" mi="16" ci="0" mb="0" cb="0"/><line nr="14" mi="3" ci="0" mb="0" cb="0"/><counter type="INSTRUCTION" missed="80" covered="0"/><counter type="LINE" missed="12" covered="0"/><counter type="COMPLEXITY" missed="13" covered="0"/><counter type="METHOD" missed="13" covered="0"/><counter type="CLASS" missed="1" covered="0"/></sourcefile><sourcefile name="ImageUtils.kt"><line nr="6" mi="8" ci="0" mb="0" cb="0"/><counter type="INSTRUCTION" missed="14" covered="0"/><counter type="LINE" missed="1" covered="0"/><counter type="COMPLEXITY" missed="1" covered="0"/><counter type="METHOD" missed="1" covered="0"/><counter type="CLASS" missed="1" covered="0"/></sourcefile><sourcefile name="Property.kt"><line nr="13" mi="0" ci="10" mb="0" cb="0"/><line nr="14" mi="3" ci="3" mb="0" cb="0"/><line nr="15" mi="0" ci="6" mb="0" cb="0"/><line nr="16" mi="3" ci="3" mb="0" cb="0"/><line nr="17" mi="4" ci="8" mb="0" cb="0"/><line nr="18" mi="0" ci="4" mb="0" cb="0"/><line nr="19" mi="3" ci="3" mb="0" cb="0"/><line nr="20" mi="3" ci="0" mb="0" cb="0"/><line nr="21" mi="3" ci="3" mb="0" cb="0"/><line nr="22" mi="3" ci="0" mb="0" cb="0"/><counter type="INSTRUCTION" missed="22" covered="43"/><counter type="LINE" missed="2" covered="8"/><counter type="COMPLEXITY" missed="7" covered="4"/><counter type="METHOD" missed="7" covered="4"/><counter type="CLASS" missed="0" covered="1"/></sourcefile><counter type="INSTRUCTION" missed="498" covered="138"/><counter type="BRANCH" missed="5" covered="3"/><counter type="LINE" missed="58" covered="23"/><counter type="COMPLEXITY" missed="63" covered="6"/><counter type="METHOD" missed="59" covered="6"/><counter type="CLASS" missed="8" covered="3"/></package><package name="at/aau/serg/websocketbrokerdemo"><class name="at/aau/serg/websocketbrokerdemo/MainActivity$MonopolyWebSocketApp$1$1" sourcefilename="MainActivity.kt"><method name="invokeSuspend" desc="(Ljava/lang/Object;)Ljava/lang/Object;" line="88"><counter type="INSTRUCTION" missed="26" covered="0"/><counter type="BRANCH" missed="4" covered="0"/><counter type="LINE" missed="6" covered="0"/><counter type="COMPLEXITY" missed="3" covered="0"/><counter type="METHOD" missed="1" covered="0"/></method><counter type="INSTRUCTION" missed="26" covered="0"/><counter type="BRANCH" missed="4" covered="0"/><counter type="LINE" missed="6" covered="0"/><counter type="COMPLEXITY" missed="3" covered="0"/><counter type="METHOD" missed="1" covered="0"/><counter type="CLASS" missed="1" covered="0"/></class><class name="at/aau/serg/websocketbrokerdemo/MessageParser" sourcefilename="MessageParser.kt"><method name="&lt;init&gt;" desc="(Lcom/google/gson/Gson;Lkotlin/jvm/functions/Function0;Lkotlin/jvm/functions/Function3;Lkotlin/jvm/functions/Function1;Lkotlin/jvm/functions/Function1;Lkotlin/jvm/functions/Function1;Lkotlin/jvm/functions/Function1;Lkotlin/jvm/functions/Function4;Lkotlin/jvm/functions/Function4;Lkotlin/jvm/functions/Function2;Lkotlin/jvm/functions/Function2;Lkotlin/jvm/functions/Function0;Lkotlin/jvm/functions/Function1;Lkotlin/jvm/functions/Function1;Lkotlin/jvm/functions/Function1;Lkotlin/jvm/functions/Function1;)V" line="17"><counter type="INSTRUCTION" missed="0" covered="99"/><counter type="LINE" missed="0" covered="17"/><counter type="COMPLEXITY" missed="0" covered="1"/><counter type="METHOD" missed="0" covered="1"/></method><method name="parse" desc="(Ljava/lang/String;)V" line="37"><counter type="INSTRUCTION" missed="28" covered="463"/><counter type="BRANCH" missed="11" covered="37"/><counter type="LINE" missed="6" covered="89"/><counter type="COMPLEXITY" missed="11" covered="14"/><counter type="METHOD" missed="0" covered="1"/></method><counter type="INSTRUCTION" missed="28" covered="562"/><counter type="BRANCH" missed="11" covered="37"/><counter type="LINE" missed="6" covered="106"/><counter type="COMPLEXITY" missed="11" covered="15"/><counter type="METHOD" missed="0" covered="2"/><counter type="CLASS" missed="0" covered="1"/></class><class name="at/aau/serg/websocketbrokerdemo/MainActivity$MonopolyWebSocketApp$7$1$6" sourcefilename="MainActivity.kt"><method name="invoke" desc="(Landroidx/navigation/NavBackStackEntry;Landroidx/compose/runtime/Composer;I)V" line="336"><counter type="INSTRUCTION" missed="54" covered="0"/><counter type="BRANCH" missed="6" covered="0"/><counter type="LINE" missed="4" covered="0"/><counter type="COMPLEXITY" missed="4" covered="0"/><counter type="METHOD" missed="1" covered="0"/></method><method name="invoke$lambda$1$lambda$0" desc="(Landroidx/navigation/NavHostController;)Lkotlin/Unit;" line="337"><counter type="INSTRUCTION" missed="5" covered="0"/><counter type="LINE" missed="1" covered="0"/><counter type="COMPLEXITY" missed="1" covered="0"/><counter type="METHOD" missed="1" covered="0"/></method><counter type="INSTRUCTION" missed="59" covered="0"/><counter type="BRANCH" missed="6" covered="0"/><counter type="LINE" missed="4" covered="0"/><counter type="COMPLEXITY" missed="5" covered="0"/><counter type="METHOD" missed="2" covered="0"/><counter type="CLASS" missed="1" covered="0"/></class><class name="at/aau/serg/websocketbrokerdemo/MainActivity$MonopolyWebSocketApp$7$1$5" sourcefilename="MainActivity.kt"><method name="invoke" desc="(Landroidx/navigation/NavBackStackEntry;Landroidx/compose/runtime/Composer;I)V" line="279"><counter type="INSTRUCTION" missed="624" covered="0"/><counter type="BRANCH" missed="8" covered="0"/><counter type="LINE" missed="43" covered="0"/><counter type="COMPLEXITY" missed="5" covered="0"/><counter type="METHOD" missed="1" covered="0"/></method><method name="invoke$lambda$1$lambda$0" desc="(Lat/aau/serg/websocketbrokerdemo/GameWebSocketClient;)Lkotlin/Unit;" line="292"><counter type="INSTRUCTION" missed="5" covered="0"/><counter type="LINE" missed="1" covered="0"/><counter type="COMPLEXITY" missed="1" covered="0"/><counter type="METHOD" missed="1" covered="0"/></method><method name="invoke$lambda$3$lambda$2" desc="(Landroidx/navigation/NavHostController;)Lkotlin/Unit;" line="293"><counter type="INSTRUCTION" missed="10" covered="0"/><counter type="LINE" missed="1" covered="0"/><counter type="COMPLEXITY" missed="1" covered="0"/><counter type="METHOD" missed="1" covered="0"/></method><method name="invoke$lambda$5$lambda$4" desc="(Landroidx/compose/runtime/MutableState;Z)Lkotlin/Unit;" line="298"><counter type="INSTRUCTION" missed="5" covered="0"/><counter type="LINE" missed="1" covered="0"/><counter type="COMPLEXITY" missed="1" covered="0"/><counter type="METHOD" missed="1" covered="0"/></method><method name="invoke$lambda$7$lambda$6" desc="(Landroidx/compose/runtime/MutableState;Z)Lkotlin/Unit;" line="299"><counter type="INSTRUCTION" missed="5" covered="0"/><counter type="LINE" missed="1" covered="0"/><counter type="COMPLEXITY" missed="1" covered="0"/><counter type="METHOD" missed="1" covered="0"/></method><method name="invoke$lambda$9$lambda$8" desc="(Landroidx/compose/runtime/MutableState;Lat/aau/serg/websocketbrokerdemo/data/messages/DealProposalMessage;)Lkotlin/Unit;" line="312"><counter type="INSTRUCTION" missed="5" covered="0"/><counter type="LINE" missed="1" covered="0"/><counter type="COMPLEXITY" missed="1" covered="0"/><counter type="METHOD" missed="1" covered="0"/></method><method name="invoke$lambda$11$lambda$10" desc="(Landroidx/compose/runtime/MutableState;Lat/aau/serg/websocketbrokerdemo/data/messages/DealResponseMessage;)Lkotlin/Unit;" line="314"><counter type="INSTRUCTION" missed="5" covered="0"/><counter type="LINE" missed="1" covered="0"/><counter type="COMPLEXITY" missed="1" covered="0"/><counter type="METHOD" missed="1" covered="0"/></method><method name="invoke$lambda$13$lambda$12" desc="(Landroidx/compose/runtime/MutableState;Lat/aau/serg/websocketbrokerdemo/data/messages/DealProposalMessage;)Lkotlin/Unit;" line="316"><counter type="INSTRUCTION" missed="5" covered="0"/><counter type="LINE" missed="1" covered="0"/><counter type="COMPLEXITY" missed="1" covered="0"/><counter type="METHOD" missed="1" covered="0"/></method><method name="invoke$lambda$15$lambda$14" desc="(Landroidx/compose/runtime/MutableState;Z)Lkotlin/Unit;" line="318"><counter type="INSTRUCTION" missed="5" covered="0"/><counter type="LINE" missed="1" covered="0"/><counter type="COMPLEXITY" missed="1" covered="0"/><counter type="METHOD" missed="1" covered="0"/></method><method name="invoke$lambda$18$lambda$17" desc="(Landroidx/compose/runtime/MutableState;Lat/aau/serg/websocketbrokerdemo/GameWebSocketClient;Landroidx/navigation/NavHostController;)Lkotlin/Unit;" line="320"><counter type="INSTRUCTION" missed="25" covered="0"/><counter type="BRANCH" missed="2" covered="0"/><counter type="LINE" missed="5" covered="0"/><counter type="COMPLEXITY" missed="2" covered="0"/><counter type="METHOD" missed="1" covered="0"/></method><method name="invoke$lambda$20$lambda$19" desc="(Landroidx/compose/runtime/MutableState;Landroidx/compose/runtime/MutableState;Landroidx/compose/runtime/MutableState;)Lkotlin/Unit;" line="329"><counter type="INSTRUCTION" missed="11" covered="0"/><counter type="LINE" missed="4" covered="0"/><counter type="COMPLEXITY" missed="1" covered="0"/><counter type="METHOD" missed="1" covered="0"/></method><counter type="INSTRUCTION" missed="705" covered="0"/><counter type="BRANCH" missed="10" covered="0"/><counter type="LINE" missed="52" covered="0"/><counter type="COMPLEXITY" missed="16" covered="0"/><counter type="METHOD" missed="11" covered="0"/><counter type="CLASS" missed="1" covered="0"/></class><class name="at/aau/serg/websocketbrokerdemo/MainActivity$MonopolyWebSocketApp$7$1$4" sourcefilename="MainActivity.kt"><method name="invoke" desc="(Landroidx/navigation/NavBackStackEntry;Landroidx/compose/runtime/Composer;I)V" line="272"><counter type="INSTRUCTION" missed="49" covered="0"/><counter type="BRANCH" missed="4" covered="0"/><counter type="LINE" missed="4" covered="0"/><counter type="COMPLEXITY" missed="3" covered="0"/><counter type="METHOD" missed="1" covered="0"/></method><method name="invoke$lambda$1$lambda$0" desc="(Landroidx/navigation/NavHostController;)Lkotlin/Unit;" line="274"><counter type="INSTRUCTION" missed="5" covered="0"/><counter type="LINE" missed="1" covered="0"/><counter type="COMPLEXITY" missed="1" covered="0"/><counter type="METHOD" missed="1" covered="0"/></method><counter type="INSTRUCTION" missed="54" covered="0"/><counter type="BRANCH" missed="4" covered="0"/><counter type="LINE" missed="4" covered="0"/><counter type="COMPLEXITY" missed="4" covered="0"/><counter type="METHOD" missed="2" covered="0"/><counter type="CLASS" missed="1" covered="0"/></class><class name="at/aau/serg/websocketbrokerdemo/MainActivity$MonopolyWebSocketApp$7$1$3" sourcefilename="MainActivity.kt"><method name="invoke" desc="(Landroidx/navigation/NavBackStackEntry;Landroidx/compose/runtime/Composer;I)V" line="260"><counter type="INSTRUCTION" missed="83" covered="0"/><counter type="BRANCH" missed="4" covered="0"/><counter type="LINE" missed="5" covered="0"/><counter type="COMPLEXITY" missed="3" covered="0"/><counter type="METHOD" missed="1" covered="0"/></method><method name="invoke$lambda$1$lambda$0" desc="(Ljava/lang/String;Landroidx/compose/runtime/MutableState;Ljava/lang/String;)Lkotlin/Unit;" line="263"><counter type="INSTRUCTION" missed="22" covered="0"/><counter type="LINE" missed="2" covered="0"/><counter type="COMPLEXITY" missed="1" covered="0"/><counter type="METHOD" missed="1" covered="0"/></method><method name="invoke$lambda$3$lambda$2" desc="(Landroidx/navigation/NavHostController;)Lkotlin/Unit;" line="268"><counter type="INSTRUCTION" missed="5" covered="0"/><counter type="LINE" missed="1" covered="0"/><counter type="COMPLEXITY" missed="1" covered="0"/><counter type="METHOD" missed="1" covered="0"/></method><counter type="INSTRUCTION" missed="110" covered="0"/><counter type="BRANCH" missed="4" covered="0"/><counter type="LINE" missed="7" covered="0"/><counter type="COMPLEXITY" missed="5" covered="0"/><counter type="METHOD" missed="3" covered="0"/><counter type="CLASS" missed="1" covered="0"/></class><class name="at/aau/serg/websocketbrokerdemo/MainActivity$MonopolyWebSocketApp$7$1$2" sourcefilename="MainActivity.kt"><method name="invoke" desc="(Landroidx/navigation/NavBackStackEntry;Landroidx/compose/runtime/Composer;I)V" line="254"><counter type="INSTRUCTION" missed="49" covered="0"/><counter type="BRANCH" missed="4" covered="0"/><counter type="LINE" missed="2" covered="0"/><counter type="COMPLEXITY" missed="3" covered="0"/><counter type="METHOD" missed="1" covered="0"/></method><method name="invoke$lambda$1$lambda$0" desc="(Landroidx/navigation/NavHostController;Landroidx/compose/runtime/MutableState;)Lkotlin/Unit;" line="255"><counter type="INSTRUCTION" missed="14" covered="0"/><counter type="LINE" missed="3" covered="0"/><counter type="COMPLEXITY" missed="1" covered="0"/><counter type="METHOD" missed="1" covered="0"/></method><counter type="INSTRUCTION" missed="63" covered="0"/><counter type="BRANCH" missed="4" covered="0"/><counter type="LINE" missed="5" covered="0"/><counter type="COMPLEXITY" missed="4" covered="0"/><counter type="METHOD" missed="2" covered="0"/><counter type="CLASS" missed="1" covered="0"/></class><class name="at/aau/serg/websocketbrokerdemo/MainActivity$MonopolyWebSocketApp$7$1$1" sourcefilename="MainActivity.kt"><method name="invoke" desc="(Landroidx/navigation/NavBackStackEntry;Landroidx/compose/runtime/Composer;I)V" line="219"><counter type="INSTRUCTION" missed="438" covered="0"/><counter type="BRANCH" missed="4" covered="0"/><counter type="LINE" missed="16" covered="0"/><counter type="COMPLEXITY" missed="3" covered="0"/><counter type="METHOD" missed="1" covered="0"/></method><method name="invoke$lambda$1$lambda$0" desc="(Landroidx/compose/runtime/MutableState;Ljava/lang/String;)Lkotlin/Unit;" line="223"><counter type="INSTRUCTION" missed="8" covered="0"/><counter type="LINE" missed="1" covered="0"/><counter type="COMPLEXITY" missed="1" covered="0"/><counter type="METHOD" missed="1" covered="0"/></method><method name="invoke$lambda$3$lambda$2" desc="(Lat/aau/serg/websocketbrokerdemo/GameWebSocketClient;)Lkotlin/Unit;" line="224"><counter type="INSTRUCTION" missed="4" covered="0"/><counter type="LINE" missed="1" covered="0"/><counter type="COMPLEXITY" missed="1" covered="0"/><counter type="METHOD" missed="1" covered="0"/></method><method name="invoke$lambda$5$lambda$4" desc="(Lat/aau/serg/websocketbrokerdemo/GameWebSocketClient;Landroidx/compose/runtime/MutableState;)Lkotlin/Unit;" line="226"><counter type="INSTRUCTION" missed="12" covered="0"/><counter type="LINE" missed="4" covered="0"/><counter type="COMPLEXITY" missed="1" covered="0"/><counter type="METHOD" missed="1" covered="0"/></method><method name="invoke$lambda$7$lambda$6" desc="(Lat/aau/serg/websocketbrokerdemo/GameWebSocketClient;Landroidx/compose/runtime/MutableState;Landroidx/compose/runtime/MutableState;)Lkotlin/Unit;" line="231"><counter type="INSTRUCTION" missed="25" covered="0"/><counter type="BRANCH" missed="4" covered="0"/><counter type="LINE" missed="5" covered="0"/><counter type="COMPLEXITY" missed="3" covered="0"/><counter type="METHOD" missed="1" covered="0"/></method><method name="invoke$lambda$9$lambda$8" desc="(Lcom/google/firebase/auth/FirebaseAuth;Landroid/content/Context;)Lkotlin/Unit;" line="238"><counter type="INSTRUCTION" missed="25" covered="0"/><counter type="BRANCH" missed="4" covered="0"/><counter type="LINE" missed="5" covered="0"/><counter type="COMPLEXITY" missed="3" covered="0"/><counter type="METHOD" missed="1" covered="0"/></method><method name="invoke$lambda$11$lambda$10" desc="(Landroidx/navigation/NavHostController;)Lkotlin/Unit;" line="243"><counter type="INSTRUCTION" missed="10" covered="0"/><counter type="LINE" missed="1" covered="0"/><counter type="COMPLEXITY" missed="1" covered="0"/><counter type="METHOD" missed="1" covered="0"/></method><method name="invoke$lambda$13$lambda$12" desc="(Landroidx/navigation/NavHostController;)Lkotlin/Unit;" line="245"><counter type="INSTRUCTION" missed="10" covered="0"/><counter type="LINE" missed="1" covered="0"/><counter type="COMPLEXITY" missed="1" covered="0"/><counter type="METHOD" missed="1" covered="0"/></method><method name="invoke$lambda$15$lambda$14" desc="(Landroidx/navigation/NavHostController;)Lkotlin/Unit;" line="246"><counter type="INSTRUCTION" missed="10" covered="0"/><counter type="LINE" missed="1" covered="0"/><counter type="COMPLEXITY" missed="1" covered="0"/><counter type="METHOD" missed="1" covered="0"/></method><method name="invoke$lambda$17$lambda$16" desc="(Landroidx/navigation/NavHostController;)Lkotlin/Unit;" line="244"><counter type="INSTRUCTION" missed="10" covered="0"/><counter type="LINE" missed="1" covered="0"/><counter type="COMPLEXITY" missed="1" covered="0"/><counter type="METHOD" missed="1" covered="0"/></method><method name="invoke$lambda$19$lambda$18" desc="(Landroidx/navigation/NavHostController;)Lkotlin/Unit;" line="248"><counter type="INSTRUCTION" missed="10" covered="0"/><counter type="LINE" missed="1" covered="0"/><counter type="COMPLEXITY" missed="1" covered="0"/><counter type="METHOD" missed="1" covered="0"/></method><method name="invoke$lambda$21$lambda$20" desc="(Landroidx/navigation/NavHostController;)Lkotlin/Unit;" line="249"><counter type="INSTRUCTION" missed="10" covered="0"/><counter type="LINE" missed="1" covered="0"/><counter type="COMPLEXITY" missed="1" covered="0"/><counter type="METHOD" missed="1" covered="0"/></method><counter type="INSTRUCTION" missed="572" covered="0"/><counter type="BRANCH" missed="12" covered="0"/><counter type="LINE" missed="30" covered="0"/><counter type="COMPLEXITY" missed="18" covered="0"/><counter type="METHOD" missed="12" covered="0"/><counter type="CLASS" missed="1" covered="0"/></class><class name="at/aau/serg/websocketbrokerdemo/AuthActivityKt" sourcefilename="AuthActivity.kt"><method name="AuthNavigation" desc="(Landroidx/compose/runtime/Composer;I)V" line="54"><counter type="INSTRUCTION" missed="76" covered="0"/><counter type="BRANCH" missed="10" covered="0"/><counter type="LINE" missed="4" covered="0"/><counter type="COMPLEXITY" missed="6" covered="0"/><counter type="METHOD" missed="1" covered="0"/></method><method name="AuthNavigation$lambda$1$lambda$0" desc="(Landroidx/navigation/NavHostController;Landroidx/navigation/NavGraphBuilder;)Lkotlin/Unit;" line="57"><counter type="INSTRUCTION" missed="35" covered="0"/><counter type="LINE" missed="3" covered="0"/><counter type="COMPLEXITY" missed="1" covered="0"/><counter type="METHOD" missed="1" covered="0"/></method><counter type="INSTRUCTION" missed="111" covered="0"/><counter type="BRANCH" missed="10" covered="0"/><counter type="LINE" missed="7" covered="0"/><counter type="COMPLEXITY" missed="7" covered="0"/><counter type="METHOD" missed="2" covered="0"/><counter type="CLASS" missed="1" covered="0"/></class><class name="at/aau/serg/websocketbrokerdemo/MainActivity$MonopolyWebSocketApp$7$1$3$1$1$1" sourcefilename="MainActivity.kt"><method name="invokeSuspend" desc="(Ljava/lang/Object;)Ljava/lang/Object;" line="264"><counter type="INSTRUCTION" missed="45" covered="0"/><counter type="BRANCH" missed="4" covered="0"/><counter type="LINE" missed="3" covered="0"/><counter type="COMPLEXITY" missed="3" covered="0"/><counter type="METHOD" missed="1" covered="0"/></method><counter type="INSTRUCTION" missed="45" covered="0"/><counter type="BRANCH" missed="4" covered="0"/><counter type="LINE" missed="3" covered="0"/><counter type="COMPLEXITY" missed="3" covered="0"/><counter type="METHOD" missed="1" covered="0"/><counter type="CLASS" missed="1" covered="0"/></class><class name="at/aau/serg/websocketbrokerdemo/ComposableSingletons$MainActivityKt$lambda-1$1" sourcefilename="MainActivity.kt"><method name="invoke" desc="(Landroidx/navigation/NavBackStackEntry;Landroidx/compose/runtime/Composer;I)V" line="341"><counter type="INSTRUCTION" missed="20" covered="0"/><counter type="BRANCH" missed="4" covered="0"/><counter type="LINE" missed="2" covered="0"/><counter type="COMPLEXITY" missed="3" covered="0"/><counter type="METHOD" missed="1" covered="0"/></method><counter type="INSTRUCTION" missed="20" covered="0"/><counter type="BRANCH" missed="4" covered="0"/><counter type="LINE" missed="2" covered="0"/><counter type="COMPLEXITY" missed="3" covered="0"/><counter type="METHOD" missed="1" covered="0"/><counter type="CLASS" missed="1" covered="0"/></class><class name="at/aau/serg/websocketbrokerdemo/MessageParser$parse$type$1" sourcefilename="MessageParser.kt"><method name="&lt;init&gt;" desc="()V" line="72"><counter type="INSTRUCTION" missed="0" covered="3"/><counter type="LINE" missed="0" covered="1"/><counter type="COMPLEXITY" missed="0" covered="1"/><counter type="METHOD" missed="0" covered="1"/></method><counter type="INSTRUCTION" missed="0" covered="3"/><counter type="LINE" missed="0" covered="1"/><counter type="COMPLEXITY" missed="0" covered="1"/><counter type="METHOD" missed="0" covered="1"/><counter type="CLASS" missed="0" covered="1"/></class><class name="at/aau/serg/websocketbrokerdemo/GameWebSocketClient" sourcefilename="GameWebSocketClient.kt"><method name="&lt;init&gt;" desc="(Landroid/content/Context;Lkotlin/jvm/functions/Function0;Lkotlin/jvm/functions/Function1;Lkotlin/jvm/functions/Function4;Lkotlin/jvm/functions/Function1;Lkotlin/jvm/functions/Function1;Lkotlin/jvm/functions/Function1;Lkotlin/jvm/functions/Function1;Lkotlinx/coroutines/CoroutineDispatcher;Lkotlin/jvm/functions/Function2;Lkotlin/jvm/functions/Function2;Lkotlin/jvm/functions/Function4;Lkotlin/jvm/functions/Function3;Lkotlin/jvm/functions/Function0;Lkotlin/jvm/functions/Function1;Lkotlin/jvm/functions/Function1;)V" line="19"><counter type="INSTRUCTION" missed="180" covered="0"/><counter type="LINE" missed="44" covered="0"/><counter type="COMPLEXITY" missed="1" covered="0"/><counter type="METHOD" missed="1" covered="0"/></method><method name="connect" desc="()V" line="82"><counter type="INSTRUCTION" missed="11" covered="0"/><counter type="BRANCH" missed="2" covered="0"/><counter type="LINE" missed="4" covered="0"/><counter type="COMPLEXITY" missed="2" covered="0"/><counter type="METHOD" missed="1" covered="0"/></method><method name="initWebSocket" desc="()V" line="91"><counter type="INSTRUCTION" missed="11" covered="0"/><counter type="LINE" missed="2" covered="0"/><counter type="COMPLEXITY" missed="1" covered="0"/><counter type="METHOD" missed="1" covered="0"/></method><method name="createListener" desc="()Lat/aau/serg/websocketbrokerdemo/GameWebSocketClient$createListener$1;" line="94"><counter type="INSTRUCTION" missed="5" covered="0"/><counter type="LINE" missed="2" covered="0"/><counter type="COMPLEXITY" missed="1" covered="0"/><counter type="METHOD" missed="1" covered="0"/></method><method name="sendMessage" desc="(Ljava/lang/String;)V" line="130"><counter type="INSTRUCTION" missed="13" covered="0"/><counter type="BRANCH" missed="2" covered="0"/><counter type="LINE" missed="2" covered="0"/><counter type="COMPLEXITY" missed="2" covered="0"/><counter type="METHOD" missed="1" covered="0"/></method><method name="close" desc="()V" line="134"><counter type="INSTRUCTION" missed="14" covered="0"/><counter type="BRANCH" missed="2" covered="0"/><counter type="LINE" missed="3" covered="0"/><counter type="COMPLEXITY" missed="2" covered="0"/><counter type="METHOD" missed="1" covered="0"/></method><method name="setPropertyBoughtListener" desc="(Lkotlin/jvm/functions/Function1;)V" line="139"><counter type="INSTRUCTION" missed="7" covered="0"/><counter type="LINE" missed="2" covered="0"/><counter type="COMPLEXITY" missed="1" covered="0"/><counter type="METHOD" missed="1" covered="0"/></method><method name="setOnPlayerTurnListener" desc="(Lkotlin/jvm/functions/Function1;)V" line="143"><counter type="INSTRUCTION" missed="7" covered="0"/><counter type="LINE" missed="2" covered="0"/><counter type="COMPLEXITY" missed="1" covered="0"/><counter type="METHOD" missed="1" covered="0"/></method><method name="setDealProposalListener" desc="(Lkotlin/jvm/functions/Function1;)V" line="149"><counter type="INSTRUCTION" missed="7" covered="0"/><counter type="LINE" missed="2" covered="0"/><counter type="COMPLEXITY" missed="1" covered="0"/><counter type="METHOD" missed="1" covered="0"/></method><method name="setDealResponseListener" desc="(Lkotlin/jvm/functions/Function1;)V" line="153"><counter type="INSTRUCTION" missed="7" covered="0"/><counter type="LINE" missed="2" covered="0"/><counter type="COMPLEXITY" missed="1" covered="0"/><counter type="METHOD" missed="1" covered="0"/></method><method name="logic" desc="()Lat/aau/serg/websocketbrokerdemo/logic/GameLogicHandler;" line="157"><counter type="INSTRUCTION" missed="3" covered="0"/><counter type="LINE" missed="1" covered="0"/><counter type="COMPLEXITY" missed="1" covered="0"/><counter type="METHOD" missed="1" covered="0"/></method><method name="loadServerUrl" desc="(Landroid/content/Context;)Ljava/lang/String;" line="160"><counter type="INSTRUCTION" missed="39" covered="0"/><counter type="LINE" missed="5" covered="0"/><counter type="COMPLEXITY" missed="1" covered="0"/><counter type="METHOD" missed="1" covered="0"/></method><method name="logicHandler$lambda$0" desc="(Lat/aau/serg/websocketbrokerdemo/GameWebSocketClient;Ljava/lang/String;)Lkotlin/Unit;" line="48"><counter type="INSTRUCTION" missed="8" covered="0"/><counter type="LINE" missed="1" covered="0"/><counter type="COMPLEXITY" missed="1" covered="0"/><counter type="METHOD" missed="1" covered="0"/></method><method name="messageParser$lambda$1" desc="(Lat/aau/serg/websocketbrokerdemo/GameWebSocketClient;)Ljava/util/List;" line="55"><counter type="INSTRUCTION" missed="3" covered="0"/><counter type="LINE" missed="1" covered="0"/><counter type="COMPLEXITY" missed="1" covered="0"/><counter type="METHOD" missed="1" covered="0"/></method><method name="messageParser$lambda$2" desc="(Lat/aau/serg/websocketbrokerdemo/GameWebSocketClient;Ljava/lang/String;ILjava/lang/String;)Lkotlin/Unit;" line="56"><counter type="INSTRUCTION" missed="16" covered="0"/><counter type="LINE" missed="1" covered="0"/><counter type="COMPLEXITY" missed="1" covered="0"/><counter type="METHOD" missed="1" covered="0"/></method><method name="messageParser$lambda$3" desc="(Lat/aau/serg/websocketbrokerdemo/GameWebSocketClient;Ljava/lang/String;)Lkotlin/Unit;" line="57"><counter type="INSTRUCTION" missed="10" covered="0"/><counter type="LINE" missed="1" covered="0"/><counter type="COMPLEXITY" missed="1" covered="0"/><counter type="METHOD" missed="1" covered="0"/></method><method name="messageParser$lambda$4" desc="(Lat/aau/serg/websocketbrokerdemo/GameWebSocketClient;Ljava/lang/String;)Lkotlin/Unit;" line="58"><counter type="INSTRUCTION" missed="14" covered="0"/><counter type="BRANCH" missed="2" covered="0"/><counter type="LINE" missed="1" covered="0"/><counter type="COMPLEXITY" missed="2" covered="0"/><counter type="METHOD" missed="1" covered="0"/></method><method name="messageParser$lambda$5" desc="(Lat/aau/serg/websocketbrokerdemo/GameWebSocketClient;Ljava/util/List;)Lkotlin/Unit;" line="60"><counter type="INSTRUCTION" missed="13" covered="0"/><counter type="LINE" missed="3" covered="0"/><counter type="COMPLEXITY" missed="1" covered="0"/><counter type="METHOD" missed="1" covered="0"/></method><method name="messageParser$lambda$6" desc="(Lat/aau/serg/websocketbrokerdemo/GameWebSocketClient;Ljava/lang/String;)Lkotlin/Unit;" line="64"><counter type="INSTRUCTION" missed="19" covered="0"/><counter type="BRANCH" missed="2" covered="0"/><counter type="LINE" missed="3" covered="0"/><counter type="COMPLEXITY" missed="2" covered="0"/><counter type="METHOD" missed="1" covered="0"/></method><method name="messageParser$lambda$7" desc="(Lat/aau/serg/websocketbrokerdemo/GameWebSocketClient;Ljava/lang/String;IZZ)Lkotlin/Unit;" line="67"><counter type="INSTRUCTION" missed="16" covered="0"/><counter type="LINE" missed="1" covered="0"/><counter type="COMPLEXITY" missed="1" covered="0"/><counter type="METHOD" missed="1" covered="0"/></method><method name="messageParser$lambda$8" desc="(Lat/aau/serg/websocketbrokerdemo/GameWebSocketClient;Ljava/lang/String;Ljava/lang/String;Ljava/lang/String;I)Lkotlin/Unit;" line="68"><counter type="INSTRUCTION" missed="20" covered="0"/><counter type="LINE" missed="1" covered="0"/><counter type="COMPLEXITY" missed="1" covered="0"/><counter type="METHOD" missed="1" covered="0"/></method><method name="messageParser$lambda$9" desc="(Lat/aau/serg/websocketbrokerdemo/GameWebSocketClient;Ljava/lang/String;Ljava/lang/String;)Lkotlin/Unit;" line="69"><counter type="INSTRUCTION" missed="14" covered="0"/><counter type="LINE" missed="1" covered="0"/><counter type="COMPLEXITY" missed="1" covered="0"/><counter type="METHOD" missed="1" covered="0"/></method><method name="messageParser$lambda$10" desc="(Lat/aau/serg/websocketbrokerdemo/GameWebSocketClient;Ljava/lang/String;Ljava/lang/String;)Lkotlin/Unit;" line="70"><counter type="INSTRUCTION" missed="14" covered="0"/><counter type="LINE" missed="1" covered="0"/><counter type="COMPLEXITY" missed="1" covered="0"/><counter type="METHOD" missed="1" covered="0"/></method><method name="messageParser$lambda$11" desc="(Lat/aau/serg/websocketbrokerdemo/GameWebSocketClient;Ljava/lang/String;)Lkotlin/Unit;" line="72"><counter type="INSTRUCTION" missed="10" covered="0"/><counter type="LINE" missed="1" covered="0"/><counter type="COMPLEXITY" missed="1" covered="0"/><counter type="METHOD" missed="1" covered="0"/></method><method name="messageParser$lambda$12" desc="(Lat/aau/serg/websocketbrokerdemo/GameWebSocketClient;Ljava/lang/String;)Lkotlin/Unit;" line="73"><counter type="INSTRUCTION" missed="10" covered="0"/><counter type="LINE" missed="1" covered="0"/><counter type="COMPLEXITY" missed="1" covered="0"/><counter type="METHOD" missed="1" covered="0"/></method><method name="messageParser$lambda$13" desc="(Lat/aau/serg/websocketbrokerdemo/GameWebSocketClient;Lat/aau/serg/websocketbrokerdemo/data/messages/DealProposalMessage;)Lkotlin/Unit;" line="74"><counter type="INSTRUCTION" missed="10" covered="0"/><counter type="LINE" missed="1" covered="0"/><counter type="COMPLEXITY" missed="1" covered="0"/><counter type="METHOD" missed="1" covered="0"/></method><method name="messageParser$lambda$14" desc="(Lat/aau/serg/websocketbrokerdemo/GameWebSocketClient;Lat/aau/serg/websocketbrokerdemo/data/messages/DealResponseMessage;)Lkotlin/Unit;" line="75"><counter type="INSTRUCTION" missed="10" covered="0"/><counter type="LINE" missed="1" covered="0"/><counter type="COMPLEXITY" missed="1" covered="0"/><counter type="METHOD" missed="1" covered="0"/></method><counter type="INSTRUCTION" missed="491" covered="0"/><counter type="BRANCH" missed="10" covered="0"/><counter type="LINE" missed="77" covered="0"/><counter type="COMPLEXITY" missed="32" covered="0"/><counter type="METHOD" missed="27" covered="0"/><counter type="CLASS" missed="1" covered="0"/></class><class name="at/aau/serg/websocketbrokerdemo/MainActivity$MonopolyWebSocketApp$3$1" sourcefilename="MainActivity.kt"><method name="invokeSuspend" desc="(Ljava/lang/Object;)Ljava/lang/Object;" line="107"><counter type="INSTRUCTION" missed="73" covered="0"/><counter type="BRANCH" missed="14" covered="0"/><counter type="LINE" missed="6" covered="0"/><counter type="COMPLEXITY" missed="8" covered="0"/><counter type="METHOD" missed="1" covered="0"/></method><counter type="INSTRUCTION" missed="73" covered="0"/><counter type="BRANCH" missed="14" covered="0"/><counter type="LINE" missed="6" covered="0"/><counter type="COMPLEXITY" missed="8" covered="0"/><counter type="METHOD" missed="1" covered="0"/><counter type="CLASS" missed="1" covered="0"/></class><class name="at/aau/serg/websocketbrokerdemo/ComposableSingletons$AuthActivityKt$lambda-1$1" sourcefilename="AuthActivity.kt"><method name="invoke" desc="(Landroidx/compose/runtime/Composer;I)V" line="37"><counter type="INSTRUCTION" missed="95" covered="0"/><counter type="BRANCH" missed="10" covered="0"/><counter type="LINE" missed="7" covered="0"/><counter type="COMPLEXITY" missed="6" covered="0"/><counter type="METHOD" missed="1" covered="0"/></method><method name="invoke$lambda$1" desc="(Landroidx/compose/runtime/MutableState;)Z" line="37"><counter type="INSTRUCTION" missed="10" covered="0"/><counter type="LINE" missed="1" covered="0"/><counter type="COMPLEXITY" missed="1" covered="0"/><counter type="METHOD" missed="1" covered="0"/></method><method name="invoke$lambda$2" desc="(Landroidx/compose/runtime/MutableState;Z)V" line="37"><counter type="INSTRUCTION" missed="12" covered="0"/><counter type="LINE" missed="1" covered="0"/><counter type="COMPLEXITY" missed="1" covered="0"/><counter type="METHOD" missed="1" covered="0"/></method><method name="invoke$lambda$4$lambda$3" desc="(Landroidx/compose/runtime/MutableState;)Lkotlin/Unit;" line="40"><counter type="INSTRUCTION" missed="5" covered="0"/><counter type="LINE" missed="1" covered="0"/><counter type="COMPLEXITY" missed="1" covered="0"/><counter type="METHOD" missed="1" covered="0"/></method><counter type="INSTRUCTION" missed="122" covered="0"/><counter type="BRANCH" missed="10" covered="0"/><counter type="LINE" missed="7" covered="0"/><counter type="COMPLEXITY" missed="9" covered="0"/><counter type="METHOD" missed="4" covered="0"/><counter type="CLASS" missed="1" covered="0"/></class><class name="at/aau/serg/websocketbrokerdemo/AuthActivity" sourcefilename="AuthActivity.kt"><method name="&lt;init&gt;" desc="()V" line="21"><counter type="INSTRUCTION" missed="3" covered="0"/><counter type="LINE" missed="1" covered="0"/><counter type="COMPLEXITY" missed="1" covered="0"/><counter type="METHOD" missed="1" covered="0"/></method><method name="onCreate" desc="(Landroid/os/Bundle;)V" line="23"><counter type="INSTRUCTION" missed="39" covered="0"/><counter type="BRANCH" missed="2" covered="0"/><counter type="LINE" missed="11" covered="0"/><counter type="COMPLEXITY" missed="2" covered="0"/><counter type="METHOD" missed="1" covered="0"/></method><method name="showErrorMessage" desc="(Ljava/lang/String;)V" line="49"><counter type="INSTRUCTION" missed="6" covered="0"/><counter type="LINE" missed="2" covered="0"/><counter type="COMPLEXITY" missed="1" covered="0"/><counter type="METHOD" missed="1" covered="0"/></method><counter type="INSTRUCTION" missed="48" covered="0"/><counter type="BRANCH" missed="2" covered="0"/><counter type="LINE" missed="14" covered="0"/><counter type="COMPLEXITY" missed="4" covered="0"/><counter type="METHOD" missed="3" covered="0"/><counter type="CLASS" missed="1" covered="0"/></class><class name="at/aau/serg/websocketbrokerdemo/MainActivity$MonopolyWebSocketApp$4$1$1" sourcefilename="MainActivity.kt"><method name="invokeSuspend" desc="(Ljava/lang/Object;)Ljava/lang/Object;" line="119"><counter type="INSTRUCTION" missed="21" covered="0"/><counter type="LINE" missed="2" covered="0"/><counter type="COMPLEXITY" missed="1" covered="0"/><counter type="METHOD" missed="1" covered="0"/></method><counter type="INSTRUCTION" missed="21" covered="0"/><counter type="LINE" missed="2" covered="0"/><counter type="COMPLEXITY" missed="1" covered="0"/><counter type="METHOD" missed="1" covered="0"/><counter type="CLASS" missed="1" covered="0"/></class><class name="at/aau/serg/websocketbrokerdemo/MainActivity" sourcefilename="MainActivity.kt"><method name="&lt;init&gt;" desc="()V" line="45"><counter type="INSTRUCTION" missed="3" covered="0"/><counter type="LINE" missed="1" covered="0"/><counter type="COMPLEXITY" missed="1" covered="0"/><counter type="METHOD" missed="1" covered="0"/></method><method name="onCreate" desc="(Landroid/os/Bundle;)V" line="47"><counter type="INSTRUCTION" missed="18" covered="0"/><counter type="LINE" missed="3" covered="0"/><counter type="COMPLEXITY" missed="1" covered="0"/><counter type="METHOD" missed="1" covered="0"/></method><method name="MonopolyWebSocketApp" desc="(Landroidx/compose/runtime/Composer;I)V" line="52"><counter type="INSTRUCTION" missed="1075" covered="0"/><counter type="BRANCH" missed="12" covered="0"/><counter type="LINE" missed="59" covered="0"/><counter type="COMPLEXITY" missed="7" covered="0"/><counter type="METHOD" missed="1" covered="0"/></method><method name="MonopolyWebSocketApp$lambda$1" desc="(Landroidx/compose/runtime/MutableState;)Ljava/lang/String;" line="54"><counter type="INSTRUCTION" missed="10" covered="0"/><counter type="LINE" missed="1" covered="0"/><counter type="COMPLEXITY" missed="1" covered="0"/><counter type="METHOD" missed="1" covered="0"/></method><method name="MonopolyWebSocketApp$lambda$2" desc="(Landroidx/compose/runtime/MutableState;Ljava/lang/String;)V" line="54"><counter type="INSTRUCTION" missed="9" covered="0"/><counter type="LINE" missed="1" covered="0"/><counter type="COMPLEXITY" missed="1" covered="0"/><counter type="METHOD" missed="1" covered="0"/></method><method name="MonopolyWebSocketApp$lambda$4" desc="(Landroidx/compose/runtime/MutableState;)Ljava/lang/String;" line="55"><counter type="INSTRUCTION" missed="10" covered="0"/><counter type="LINE" missed="1" covered="0"/><counter type="COMPLEXITY" missed="1" covered="0"/><counter type="METHOD" missed="1" covered="0"/></method><method name="MonopolyWebSocketApp$lambda$5" desc="(Landroidx/compose/runtime/MutableState;Ljava/lang/String;)V" line="55"><counter type="INSTRUCTION" missed="9" covered="0"/><counter type="LINE" missed="1" covered="0"/><counter type="COMPLEXITY" missed="1" covered="0"/><counter type="METHOD" missed="1" covered="0"/></method><method name="MonopolyWebSocketApp$lambda$7" desc="(Landroidx/compose/runtime/MutableState;)Lat/aau/serg/websocketbrokerdemo/data/PlayerProfile;" line="56"><counter type="INSTRUCTION" missed="10" covered="0"/><counter type="LINE" missed="1" covered="0"/><counter type="COMPLEXITY" missed="1" covered="0"/><counter type="METHOD" missed="1" covered="0"/></method><method name="MonopolyWebSocketApp$lambda$8" desc="(Landroidx/compose/runtime/MutableState;Lat/aau/serg/websocketbrokerdemo/data/PlayerProfile;)V" line="56"><counter type="INSTRUCTION" missed="9" covered="0"/><counter type="LINE" missed="1" covered="0"/><counter type="COMPLEXITY" missed="1" covered="0"/><counter type="METHOD" missed="1" covered="0"/></method><method name="MonopolyWebSocketApp$lambda$10" desc="(Landroidx/compose/runtime/MutableState;)Ljava/util/List;" line="57"><counter type="INSTRUCTION" missed="10" covered="0"/><counter type="LINE" missed="1" covered="0"/><counter type="COMPLEXITY" missed="1" covered="0"/><counter type="METHOD" missed="1" covered="0"/></method><method name="MonopolyWebSocketApp$lambda$11" desc="(Landroidx/compose/runtime/MutableState;Ljava/util/List;)V" line="57"><counter type="INSTRUCTION" missed="9" covered="0"/><counter type="LINE" missed="1" covered="0"/><counter type="COMPLEXITY" missed="1" covered="0"/><counter type="METHOD" missed="1" covered="0"/></method><method name="MonopolyWebSocketApp$lambda$13$lambda$12" desc="(Landroidx/compose/runtime/MutableState;)I" line="58"><counter type="INSTRUCTION" missed="4" covered="0"/><counter type="LINE" missed="1" covered="0"/><counter type="COMPLEXITY" missed="1" covered="0"/><counter type="METHOD" missed="1" covered="0"/></method><method name="MonopolyWebSocketApp$lambda$14" desc="(Landroidx/compose/runtime/State;)I" line="58"><counter type="INSTRUCTION" missed="9" covered="0"/><counter type="LINE" missed="1" covered="0"/><counter type="COMPLEXITY" missed="1" covered="0"/><counter type="METHOD" missed="1" covered="0"/></method><method name="MonopolyWebSocketApp$lambda$16" desc="(Landroidx/compose/runtime/MutableState;)Ljava/lang/Integer;" line="59"><counter type="INSTRUCTION" missed="10" covered="0"/><counter type="LINE" missed="1" covered="0"/><counter type="COMPLEXITY" missed="1" covered="0"/><counter type="METHOD" missed="1" covered="0"/></method><method name="MonopolyWebSocketApp$lambda$17" desc="(Landroidx/compose/runtime/MutableState;Ljava/lang/Integer;)V" line="59"><counter type="INSTRUCTION" missed="9" covered="0"/><counter type="LINE" missed="1" covered="0"/><counter type="COMPLEXITY" missed="1" covered="0"/><counter type="METHOD" missed="1" covered="0"/></method><method name="MonopolyWebSocketApp$lambda$19" desc="(Landroidx/compose/runtime/MutableState;)Ljava/lang/String;" line="60"><counter type="INSTRUCTION" missed="10" covered="0"/><counter type="LINE" missed="1" covered="0"/><counter type="COMPLEXITY" missed="1" covered="0"/><counter type="METHOD" missed="1" covered="0"/></method><method name="MonopolyWebSocketApp$lambda$20" desc="(Landroidx/compose/runtime/MutableState;Ljava/lang/String;)V" line="60"><counter type="INSTRUCTION" missed="9" covered="0"/><counter type="LINE" missed="1" covered="0"/><counter type="COMPLEXITY" missed="1" covered="0"/><counter type="METHOD" missed="1" covered="0"/></method><method name="MonopolyWebSocketApp$lambda$22" desc="(Landroidx/compose/runtime/MutableState;)Z" line="61"><counter type="INSTRUCTION" missed="10" covered="0"/><counter type="LINE" missed="1" covered="0"/><counter type="COMPLEXITY" missed="1" covered="0"/><counter type="METHOD" missed="1" covered="0"/></method><method name="MonopolyWebSocketApp$lambda$23" desc="(Landroidx/compose/runtime/MutableState;Z)V" line="61"><counter type="INSTRUCTION" missed="12" covered="0"/><counter type="LINE" missed="1" covered="0"/><counter type="COMPLEXITY" missed="1" covered="0"/><counter type="METHOD" missed="1" covered="0"/></method><method name="MonopolyWebSocketApp$lambda$25" desc="(Landroidx/compose/runtime/MutableState;)Z" line="62"><counter type="INSTRUCTION" missed="10" covered="0"/><counter type="LINE" missed="1" covered="0"/><counter type="COMPLEXITY" missed="1" covered="0"/><counter type="METHOD" missed="1" covered="0"/></method><method name="MonopolyWebSocketApp$lambda$26" desc="(Landroidx/compose/runtime/MutableState;Z)V" line="62"><counter type="INSTRUCTION" missed="12" covered="0"/><counter type="LINE" missed="1" covered="0"/><counter type="COMPLEXITY" missed="1" covered="0"/><counter type="METHOD" missed="1" covered="0"/></method><method name="MonopolyWebSocketApp$lambda$29" desc="(Landroidx/compose/runtime/MutableState;)Ljava/lang/String;" line="64"><counter type="INSTRUCTION" missed="10" covered="0"/><counter type="LINE" missed="1" covered="0"/><counter type="COMPLEXITY" missed="1" covered="0"/><counter type="METHOD" missed="1" covered="0"/></method><method name="MonopolyWebSocketApp$lambda$30" desc="(Landroidx/compose/runtime/MutableState;Ljava/lang/String;)V" line="64"><counter type="INSTRUCTION" missed="9" covered="0"/><counter type="LINE" missed="1" covered="0"/><counter type="COMPLEXITY" missed="1" covered="0"/><counter type="METHOD" missed="1" covered="0"/></method><method name="MonopolyWebSocketApp$lambda$34" desc="(Landroidx/compose/runtime/MutableState;)Ljava/lang/String;" line="67"><counter type="INSTRUCTION" missed="10" covered="0"/><counter type="LINE" missed="1" covered="0"/><counter type="COMPLEXITY" missed="1" covered="0"/><counter type="METHOD" missed="1" covered="0"/></method><method name="MonopolyWebSocketApp$lambda$35" desc="(Landroidx/compose/runtime/MutableState;Ljava/lang/String;)V" line="67"><counter type="INSTRUCTION" missed="9" covered="0"/><counter type="LINE" missed="1" covered="0"/><counter type="COMPLEXITY" missed="1" covered="0"/><counter type="METHOD" missed="1" covered="0"/></method><method name="MonopolyWebSocketApp$lambda$37" desc="(Landroidx/compose/runtime/MutableState;)Z" line="68"><counter type="INSTRUCTION" missed="10" covered="0"/><counter type="LINE" missed="1" covered="0"/><counter type="COMPLEXITY" missed="1" covered="0"/><counter type="METHOD" missed="1" covered="0"/></method><method name="MonopolyWebSocketApp$lambda$38" desc="(Landroidx/compose/runtime/MutableState;Z)V" line="68"><counter type="INSTRUCTION" missed="12" covered="0"/><counter type="LINE" missed="1" covered="0"/><counter type="COMPLEXITY" missed="1" covered="0"/><counter type="METHOD" missed="1" covered="0"/></method><method name="MonopolyWebSocketApp$lambda$40" desc="(Landroidx/compose/runtime/MutableState;)Ljava/lang/String;" line="69"><counter type="INSTRUCTION" missed="10" covered="0"/><counter type="LINE" missed="1" covered="0"/><counter type="COMPLEXITY" missed="1" covered="0"/><counter type="METHOD" missed="1" covered="0"/></method><method name="MonopolyWebSocketApp$lambda$41" desc="(Landroidx/compose/runtime/MutableState;Ljava/lang/String;)V" line="69"><counter type="INSTRUCTION" missed="9" covered="0"/><counter type="LINE" missed="1" covered="0"/><counter type="COMPLEXITY" missed="1" covered="0"/><counter type="METHOD" missed="1" covered="0"/></method><method name="MonopolyWebSocketApp$lambda$43" desc="(Landroidx/compose/runtime/MutableState;)Z" line="70"><counter type="INSTRUCTION" missed="10" covered="0"/><counter type="LINE" missed="1" covered="0"/><counter type="COMPLEXITY" missed="1" covered="0"/><counter type="METHOD" missed="1" covered="0"/></method><method name="MonopolyWebSocketApp$lambda$44" desc="(Landroidx/compose/runtime/MutableState;Z)V" line="70"><counter type="INSTRUCTION" missed="12" covered="0"/><counter type="LINE" missed="1" covered="0"/><counter type="COMPLEXITY" missed="1" covered="0"/><counter type="METHOD" missed="1" covered="0"/></method><method name="MonopolyWebSocketApp$lambda$46" desc="(Landroidx/compose/runtime/MutableState;)Ljava/lang/String;" line="71"><counter type="INSTRUCTION" missed="10" covered="0"/><counter type="LINE" missed="1" covered="0"/><counter type="COMPLEXITY" missed="1" covered="0"/><counter type="METHOD" missed="1" covered="0"/></method><method name="MonopolyWebSocketApp$lambda$47" desc="(Landroidx/compose/runtime/MutableState;Ljava/lang/String;)V" line="71"><counter type="INSTRUCTION" missed="9" covered="0"/><counter type="LINE" missed="1" covered="0"/><counter type="COMPLEXITY" missed="1" covered="0"/><counter type="METHOD" missed="1" covered="0"/></method><method name="MonopolyWebSocketApp$lambda$49" desc="(Landroidx/compose/runtime/MutableState;)I" line="72"><counter type="INSTRUCTION" missed="10" covered="0"/><counter type="LINE" missed="1" covered="0"/><counter type="COMPLEXITY" missed="1" covered="0"/><counter type="METHOD" missed="1" covered="0"/></method><method name="MonopolyWebSocketApp$lambda$50" desc="(Landroidx/compose/runtime/MutableState;I)V" line="72"><counter type="INSTRUCTION" missed="12" covered="0"/><counter type="LINE" missed="1" covered="0"/><counter type="COMPLEXITY" missed="1" covered="0"/><counter type="METHOD" missed="1" covered="0"/></method><method name="MonopolyWebSocketApp$lambda$52" desc="(Landroidx/compose/runtime/MutableState;)Ljava/lang/String;" line="73"><counter type="INSTRUCTION" missed="10" covered="0"/><counter type="LINE" missed="1" covered="0"/><counter type="COMPLEXITY" missed="1" covered="0"/><counter type="METHOD" missed="1" covered="0"/></method><method name="MonopolyWebSocketApp$lambda$53" desc="(Landroidx/compose/runtime/MutableState;Ljava/lang/String;)V" line="73"><counter type="INSTRUCTION" missed="9" covered="0"/><counter type="LINE" missed="1" covered="0"/><counter type="COMPLEXITY" missed="1" covered="0"/><counter type="METHOD" missed="1" covered="0"/></method><method name="MonopolyWebSocketApp$lambda$55" desc="(Landroidx/compose/runtime/MutableState;)Z" line="74"><counter type="INSTRUCTION" missed="10" covered="0"/><counter type="LINE" missed="1" covered="0"/><counter type="COMPLEXITY" missed="1" covered="0"/><counter type="METHOD" missed="1" covered="0"/></method><method name="MonopolyWebSocketApp$lambda$56" desc="(Landroidx/compose/runtime/MutableState;Z)V" line="74"><counter type="INSTRUCTION" missed="12" covered="0"/><counter type="LINE" missed="1" covered="0"/><counter type="COMPLEXITY" missed="1" covered="0"/><counter type="METHOD" missed="1" covered="0"/></method><method name="MonopolyWebSocketApp$lambda$58" desc="(Landroidx/compose/runtime/MutableState;)Lat/aau/serg/websocketbrokerdemo/data/messages/DealProposalMessage;" line="75"><counter type="INSTRUCTION" missed="10" covered="0"/><counter type="LINE" missed="1" covered="0"/><counter type="COMPLEXITY" missed="1" covered="0"/><counter type="METHOD" missed="1" covered="0"/></method><method name="MonopolyWebSocketApp$lambda$59" desc="(Landroidx/compose/runtime/MutableState;Lat/aau/serg/websocketbrokerdemo/data/messages/DealProposalMessage;)V" line="75"><counter type="INSTRUCTION" missed="9" covered="0"/><counter type="LINE" missed="1" covered="0"/><counter type="COMPLEXITY" missed="1" covered="0"/><counter type="METHOD" missed="1" covered="0"/></method><method name="MonopolyWebSocketApp$lambda$61" desc="(Landroidx/compose/runtime/MutableState;)Lat/aau/serg/websocketbrokerdemo/data/messages/DealResponseMessage;" line="76"><counter type="INSTRUCTION" missed="10" covered="0"/><counter type="LINE" missed="1" covered="0"/><counter type="COMPLEXITY" missed="1" covered="0"/><counter type="METHOD" missed="1" covered="0"/></method><method name="MonopolyWebSocketApp$lambda$62" desc="(Landroidx/compose/runtime/MutableState;Lat/aau/serg/websocketbrokerdemo/data/messages/DealResponseMessage;)V" line="76"><counter type="INSTRUCTION" missed="9" covered="0"/><counter type="LINE" missed="1" covered="0"/><counter type="COMPLEXITY" missed="1" covered="0"/><counter type="METHOD" missed="1" covered="0"/></method><method name="MonopolyWebSocketApp$lambda$64" desc="(Landroidx/compose/runtime/MutableState;)Z" line="77"><counter type="INSTRUCTION" missed="10" covered="0"/><counter type="LINE" missed="1" covered="0"/><counter type="COMPLEXITY" missed="1" covered="0"/><counter type="METHOD" missed="1" covered="0"/></method><method name="MonopolyWebSocketApp$lambda$65" desc="(Landroidx/compose/runtime/MutableState;Z)V" line="77"><counter type="INSTRUCTION" missed="12" covered="0"/><counter type="LINE" missed="1" covered="0"/><counter type="COMPLEXITY" missed="1" covered="0"/><counter type="METHOD" missed="1" covered="0"/></method><method name="MonopolyWebSocketApp$lambda$67" desc="(Landroidx/compose/runtime/MutableState;)Ljava/lang/String;" line="78"><counter type="INSTRUCTION" missed="10" covered="0"/><counter type="LINE" missed="1" covered="0"/><counter type="COMPLEXITY" missed="1" covered="0"/><counter type="METHOD" missed="1" covered="0"/></method><method name="MonopolyWebSocketApp$lambda$68" desc="(Landroidx/compose/runtime/MutableState;Ljava/lang/String;)V" line="78"><counter type="INSTRUCTION" missed="9" covered="0"/><counter type="LINE" missed="1" covered="0"/><counter type="COMPLEXITY" missed="1" covered="0"/><counter type="METHOD" missed="1" covered="0"/></method><method name="MonopolyWebSocketApp$lambda$70" desc="(Landroidx/compose/runtime/MutableState;)Ljava/lang/Integer;" line="79"><counter type="INSTRUCTION" missed="10" covered="0"/><counter type="LINE" missed="1" covered="0"/><counter type="COMPLEXITY" missed="1" covered="0"/><counter type="METHOD" missed="1" covered="0"/></method><method name="MonopolyWebSocketApp$lambda$71" desc="(Landroidx/compose/runtime/MutableState;Ljava/lang/Integer;)V" line="79"><counter type="INSTRUCTION" missed="9" covered="0"/><counter type="LINE" missed="1" covered="0"/><counter type="COMPLEXITY" missed="1" covered="0"/><counter type="METHOD" missed="1" covered="0"/></method><method name="MonopolyWebSocketApp$lambda$73" desc="(Landroidx/compose/runtime/MutableState;)Ljava/lang/String;" line="80"><counter type="INSTRUCTION" missed="10" covered="0"/><counter type="LINE" missed="1" covered="0"/><counter type="COMPLEXITY" missed="1" covered="0"/><counter type="METHOD" missed="1" covered="0"/></method><method name="MonopolyWebSocketApp$lambda$74" desc="(Landroidx/compose/runtime/MutableState;Ljava/lang/String;)V" line="80"><counter type="INSTRUCTION" missed="9" covered="0"/><counter type="LINE" missed="1" covered="0"/><counter type="COMPLEXITY" missed="1" covered="0"/><counter type="METHOD" missed="1" covered="0"/></method><method name="MonopolyWebSocketApp$lambda$96$lambda$79" desc="(Landroidx/compose/runtime/MutableState;)Lkotlin/Unit;" line="128"><counter type="INSTRUCTION" missed="7" covered="0"/><counter type="LINE" missed="1" covered="0"/><counter type="COMPLEXITY" missed="1" covered="0"/><counter type="METHOD" missed="1" covered="0"/></method><method name="MonopolyWebSocketApp$lambda$96$lambda$80" desc="(Landroidx/compose/runtime/MutableState;Ljava/lang/String;)Lkotlin/Unit;" line="129"><counter type="INSTRUCTION" missed="11" covered="0"/><counter type="LINE" missed="1" covered="0"/><counter type="COMPLEXITY" missed="1" covered="0"/><counter type="METHOD" missed="1" covered="0"/></method><method name="MonopolyWebSocketApp$lambda$96$lambda$81" desc="(Landroidx/co
[...]
"/><line nr="810" mi="1" ci="0" mb="0" cb="0"/><line nr="811" mi="1" ci="0" mb="0" cb="0"/><line nr="812" mi="1" ci="0" mb="0" cb="0"/><line nr="814" mi="10" ci="0" mb="0" cb="0"/><line nr="815" mi="5" ci="0" mb="0" cb="0"/><line nr="816" mi="4" ci="0" mb="0" cb="0"/><line nr="817" mi="2" ci="0" mb="0" cb="0"/><line nr="818" mi="38" ci="0" mb="2" cb="0"/><line nr="819" mi="4" ci="0" mb="0" cb="0"/><line nr="820" mi="1" ci="0" mb="0" cb="0"/><line nr="821" mi="1" ci="0" mb="0" cb="0"/><line nr="822" mi="4" ci="0" mb="0" cb="0"/><line nr="823" mi="1" ci="0" mb="0" cb="0"/><line nr="824" mi="1" ci="0" mb="0" cb="0"/><line nr="825" mi="1" ci="0" mb="0" cb="0"/><line nr="827" mi="10" ci="0" mb="0" cb="0"/><line nr="828" mi="5" ci="0" mb="0" cb="0"/><line nr="829" mi="4" ci="0" mb="0" cb="0"/><line nr="830" mi="2" ci="0" mb="0" cb="0"/><line nr="831" mi="21" ci="0" mb="0" cb="0"/><line nr="832" mi="3" ci="0" mb="0" cb="0"/><line nr="833" mi="5" ci="0" mb="0" cb="0"/><line nr="834" mi="2" ci="0" mb="0" cb="0"/><line nr="838" mi="5" ci="0" mb="4" cb="0"/><line nr="839" mi="9" ci="0" mb="0" cb="0"/><line nr="840" mi="13" ci="0" mb="2" cb="0"/><line nr="841" mi="1" ci="0" mb="0" cb="0"/><line nr="842" mi="2" ci="0" mb="0" cb="0"/><line nr="843" mi="35" ci="0" mb="4" cb="0"/><line nr="844" mi="2" ci="0" mb="0" cb="0"/><line nr="845" mi="2" ci="0" mb="0" cb="0"/><line nr="846" mi="37" ci="0" mb="4" cb="0"/><line nr="847" mi="41" ci="0" mb="2" cb="0"/><line nr="848" mi="4" ci="0" mb="0" cb="0"/><line nr="849" mi="1" ci="0" mb="0" cb="0"/><line nr="850" mi="1" ci="0" mb="0" cb="0"/><line nr="851" mi="4" ci="0" mb="0" cb="0"/><line nr="852" mi="1" ci="0" mb="0" cb="0"/><line nr="853" mi="2" ci="0" mb="0" cb="0"/><line nr="854" mi="2" ci="0" mb="0" cb="0"/><line nr="856" mi="10" ci="0" mb="0" cb="0"/><line nr="857" mi="3" ci="0" mb="0" cb="0"/><line nr="858" mi="4" ci="0" mb="0" cb="0"/><line nr="859" mi="2" ci="0" mb="0" cb="0"/><line nr="860" mi="31" ci="0" mb="0" cb="0"/><line nr="861" mi="3" ci="0" mb="0" cb="0"/><line nr="862" mi="4" ci="0" mb="0" cb="0"/><line nr="863" mi="2" ci="0" mb="0" cb="0"/><line nr="868" mi="3" ci="0" mb="2" cb="0"/><line nr="869" mi="6" ci="0" mb="0" cb="0"/><line nr="870" mi="2" ci="0" mb="0" cb="0"/><line nr="871" mi="4" ci="0" mb="0" cb="0"/><line nr="872" mi="13" ci="0" mb="0" cb="0"/><line nr="873" mi="8" ci="0" mb="0" cb="0"/><line nr="876" mi="13" ci="0" mb="0" cb="0"/><line nr="877" mi="15" ci="0" mb="0" cb="0"/><line nr="878" mi="14" ci="0" mb="0" cb="0"/><line nr="879" mi="6" ci="0" mb="0" cb="0"/><line nr="880" mi="32" ci="0" mb="8" cb="0"/><line nr="881" mi="1" ci="0" mb="0" cb="0"/><line nr="882" mi="6" ci="0" mb="0" cb="0"/><line nr="883" mi="3" ci="0" mb="0" cb="0"/><line nr="884" mi="3" ci="0" mb="0" cb="0"/><line nr="885" mi="4" ci="0" mb="0" cb="0"/><line nr="886" mi="16" ci="0" mb="0" cb="0"/><line nr="887" mi="8" ci="0" mb="0" cb="0"/><line nr="890" mi="3" ci="0" mb="0" cb="0"/><line nr="891" mi="3" ci="0" mb="0" cb="0"/><line nr="892" mi="4" ci="0" mb="0" cb="0"/><line nr="893" mi="5" ci="0" mb="0" cb="0"/><line nr="894" mi="7" ci="0" mb="0" cb="0"/><line nr="895" mi="17" ci="0" mb="0" cb="0"/><line nr="896" mi="23" ci="0" mb="0" cb="0"/><line nr="897" mi="6" ci="0" mb="0" cb="0"/><line nr="905" mi="2" ci="0" mb="0" cb="0"/><line nr="907" mi="10" ci="0" mb="0" cb="0"/><line nr="910" mi="6" ci="0" mb="0" cb="0"/><line nr="911" mi="3" ci="0" mb="0" cb="0"/><line nr="912" mi="9" ci="0" mb="0" cb="0"/><line nr="914" mi="3" ci="0" mb="0" cb="0"/><line nr="915" mi="12" ci="0" mb="0" cb="0"/><line nr="916" mi="17" ci="0" mb="0" cb="0"/><line nr="917" mi="34" ci="0" mb="0" cb="0"/><line nr="918" mi="50" ci="0" mb="8" cb="0"/><line nr="920" mi="31" ci="0" mb="2" cb="0"/><line nr="921" mi="2" ci="0" mb="0" cb="0"/><line nr="922" mi="25" ci="0" mb="0" cb="0"/><line nr="923" mi="9" ci="0" mb="4" cb="0"/><line nr="924" mi="6" ci="0" mb="0" cb="0"/><line nr="925" mi="3" ci="0" mb="0" cb="0"/><line nr="927" mi="2" ci="0" mb="0" cb="0"/><line nr="928" mi="6" ci="0" mb="0" cb="0"/><line nr="929" mi="43" ci="0" mb="8" cb="0"/><line nr="930" mi="1" ci="0" mb="0" cb="0"/><line nr="931" mi="1" ci="0" mb="0" cb="0"/><line nr="932" mi="1" ci="0" mb="0" cb="0"/><line nr="933" mi="1" ci="0" mb="0" cb="0"/><line nr="936" mi="4" ci="0" mb="4" cb="0"/><line nr="938" mi="9" ci="0" mb="0" cb="0"/><line nr="939" mi="25" ci="0" mb="2" cb="0"/><line nr="941" mi="5" ci="0" mb="2" cb="0"/><line nr="942" mi="15" ci="0" mb="0" cb="0"/><line nr="943" mi="10" ci="0" mb="0" cb="0"/><line nr="944" mi="20" ci="0" mb="8" cb="0"/><line nr="945" mi="10" ci="0" mb="2" cb="0"/><line nr="946" mi="3" ci="0" mb="0" cb="0"/><line nr="947" mi="17" ci="0" mb="0" cb="0"/><line nr="948" mi="2" ci="0" mb="0" cb="0"/><line nr="949" mi="1" ci="0" mb="0" cb="0"/><line nr="950" mi="23" ci="0" mb="0" cb="0"/><line nr="951" mi="31" ci="0" mb="6" cb="0"/><line nr="952" mi="3" ci="0" mb="0" cb="0"/><line nr="953" mi="3" ci="0" mb="0" cb="0"/><line nr="956" mi="13" ci="0" mb="2" cb="0"/><line nr="957" mi="1" ci="0" mb="0" cb="0"/><line nr="958" mi="4" ci="0" mb="0" cb="0"/><line nr="959" mi="2" ci="0" mb="0" cb="0"/><line nr="960" mi="2" ci="0" mb="0" cb="0"/><line nr="961" mi="4" ci="0" mb="0" cb="0"/><line nr="962" mi="5" ci="0" mb="0" cb="0"/><line nr="963" mi="8" ci="0" mb="0" cb="0"/><line nr="964" mi="7" ci="0" mb="0" cb="0"/><line nr="966" mi="9" ci="0" mb="0" cb="0"/><line nr="968" mi="1" ci="0" mb="0" cb="0"/><line nr="969" mi="7" ci="0" mb="2" cb="0"/><line nr="970" mi="3" ci="0" mb="0" cb="0"/><line nr="971" mi="17" ci="0" mb="0" cb="0"/><line nr="974" mi="3" ci="0" mb="0" cb="0"/><line nr="975" mi="1" ci="0" mb="0" cb="0"/><line nr="976" mi="14" ci="0" mb="0" cb="0"/><line nr="977" mi="33" ci="0" mb="8" cb="0"/><line nr="978" mi="30" ci="0" mb="0" cb="0"/><line nr="979" mi="6" ci="0" mb="0" cb="0"/><line nr="980" mi="43" ci="0" mb="8" cb="0"/><line nr="981" mi="3" ci="0" mb="0" cb="0"/><line nr="982" mi="1" ci="0" mb="0" cb="0"/><line nr="983" mi="28" ci="0" mb="8" cb="0"/><line nr="986" mi="53" ci="0" mb="2" cb="0"/><line nr="997" mi="94" ci="0" mb="26" cb="0"/><line nr="998" mi="2" ci="0" mb="0" cb="0"/><line nr="999" mi="16" ci="0" mb="0" cb="0"/><line nr="1000" mi="4" ci="0" mb="0" cb="0"/><line nr="1001" mi="4" ci="0" mb="0" cb="0"/><line nr="1002" mi="4" ci="0" mb="0" cb="0"/><line nr="1005" mi="23" ci="0" mb="0" cb="0"/><line nr="1007" mi="33" ci="0" mb="0" cb="0"/><line nr="1009" mi="5" ci="0" mb="2" cb="0"/><line nr="1010" mi="2" ci="0" mb="0" cb="0"/><line nr="1011" mi="4" ci="0" mb="0" cb="0"/><line nr="1012" mi="7" ci="0" mb="0" cb="0"/><line nr="1013" mi="15" ci="0" mb="0" cb="0"/><line nr="1014" mi="8" ci="0" mb="0" cb="0"/><line nr="1015" mi="17" ci="0" mb="0" cb="0"/><line nr="1016" mi="37" ci="0" mb="6" cb="0"/><line nr="1017" mi="2" ci="0" mb="0" cb="0"/><line nr="1018" mi="4" ci="0" mb="0" cb="0"/><line nr="1019" mi="6" ci="0" mb="0" cb="0"/><line nr="1020" mi="4" ci="0" mb="0" cb="0"/><line nr="1021" mi="3" ci="0" mb="0" cb="0"/><line nr="1023" mi="8" ci="0" mb="0" cb="0"/><line nr="1024" mi="7" ci="0" mb="0" cb="0"/><line nr="1025" mi="4" ci="0" mb="0" cb="0"/><line nr="1026" mi="5" ci="0" mb="0" cb="0"/><line nr="1028" mi="3" ci="0" mb="0" cb="0"/><line nr="1029" mi="3" ci="0" mb="0" cb="0"/><line nr="1030" mi="2" ci="0" mb="0" cb="0"/><line nr="1031" mi="3" ci="0" mb="0" cb="0"/><line nr="1032" mi="17" ci="0" mb="0" cb="0"/><line nr="1034" mi="1" ci="0" mb="0" cb="0"/><line nr="1035" mi="4" ci="0" mb="0" cb="0"/><line nr="1036" mi="2" ci="0" mb="0" cb="0"/><line nr="1037" mi="3" ci="0" mb="0" cb="0"/><line nr="1038" mi="17" ci="0" mb="0" cb="0"/><line nr="1040" mi="2" ci="0" mb="0" cb="0"/><line nr="1041" mi="4" ci="0" mb="0" cb="0"/><line nr="1042" mi="2" ci="0" mb="0" cb="0"/><line nr="1043" mi="19" ci="0" mb="0" cb="0"/><line nr="1045" mi="1" ci="0" mb="0" cb="0"/><line nr="1047" mi="1" ci="0" mb="0" cb="0"/><line nr="1048" mi="4" ci="0" mb="0" cb="0"/><line nr="1049" mi="2" ci="0" mb="0" cb="0"/><line nr="1050" mi="19" ci="0" mb="0" cb="0"/><line nr="1053" mi="1" ci="0" mb="0" cb="0"/><line nr="1054" mi="10" ci="0" mb="0" cb="0"/><line nr="1055" mi="4" ci="0" mb="0" cb="0"/><line nr="1056" mi="5" ci="0" mb="0" cb="0"/><line nr="1059" mi="7" ci="0" mb="0" cb="0"/><line nr="1060" mi="1" ci="0" mb="0" cb="0"/><line nr="1061" mi="11" ci="0" mb="0" cb="0"/><line nr="1062" mi="21" ci="0" mb="0" cb="0"/><line nr="1065" mi="3" ci="0" mb="2" cb="0"/><line nr="1066" mi="4" ci="0" mb="0" cb="0"/><line nr="1067" mi="4" ci="0" mb="0" cb="0"/><line nr="1068" mi="15" ci="0" mb="2" cb="0"/><line nr="1069" mi="16" ci="0" mb="2" cb="0"/><line nr="1070" mi="32" ci="0" mb="0" cb="0"/><line nr="1071" mi="18" ci="0" mb="0" cb="0"/><line nr="1072" mi="4" ci="0" mb="0" cb="0"/><line nr="1073" mi="2" ci="0" mb="0" cb="0"/><line nr="1076" mi="3" ci="0" mb="0" cb="0"/><line nr="1077" mi="1" ci="0" mb="0" cb="0"/><line nr="1078" mi="19" ci="0" mb="2" cb="0"/><line nr="1085" mi="66" ci="0" mb="18" cb="0"/><line nr="1086" mi="7" ci="0" mb="0" cb="0"/><line nr="1088" mi="5" ci="0" mb="2" cb="0"/><line nr="1089" mi="5" ci="0" mb="0" cb="0"/><line nr="1090" mi="2" ci="0" mb="0" cb="0"/><line nr="1091" mi="44" ci="0" mb="2" cb="0"/><line nr="1092" mi="27" ci="0" mb="0" cb="0"/><line nr="1093" mi="20" ci="0" mb="0" cb="0"/><line nr="1094" mi="20" ci="0" mb="6" cb="0"/><line nr="1095" mi="5" ci="0" mb="2" cb="0"/><line nr="1096" mi="1" ci="0" mb="0" cb="0"/><line nr="1097" mi="2" ci="0" mb="0" cb="0"/><line nr="1098" mi="19" ci="0" mb="0" cb="0"/><line nr="1099" mi="26" ci="0" mb="0" cb="0"/><line nr="1100" mi="2" ci="0" mb="0" cb="0"/><line nr="1101" mi="1" ci="0" mb="0" cb="0"/><line nr="1102" mi="2" ci="0" mb="0" cb="0"/><line nr="1103" mi="15" ci="0" mb="2" cb="0"/><line nr="1111" mi="80" ci="0" mb="22" cb="0"/><line nr="1112" mi="14" ci="0" mb="2" cb="0"/><line nr="1113" mi="5" ci="0" mb="0" cb="0"/><line nr="1115" mi="11" ci="0" mb="4" cb="0"/><line nr="1117" mi="5" ci="0" mb="2" cb="0"/><line nr="1118" mi="2" ci="0" mb="0" cb="0"/><line nr="1119" mi="5" ci="0" mb="0" cb="0"/><line nr="1120" mi="5" ci="0" mb="0" cb="0"/><line nr="1121" mi="43" ci="0" mb="2" cb="0"/><line nr="1122" mi="6" ci="0" mb="0" cb="0"/><line nr="1123" mi="9" ci="0" mb="0" cb="0"/><line nr="1124" mi="17" ci="0" mb="0" cb="0"/><line nr="1126" mi="28" ci="0" mb="8" cb="0"/><line nr="1127" mi="16" ci="0" mb="2" cb="0"/><line nr="1130" mi="1" ci="13" mb="1" cb="1"/><line nr="1131" mi="0" ci="8" mb="0" cb="2"/><line nr="1135" mi="7" ci="0" mb="10" cb="0"/><line nr="1136" mi="3" ci="0" mb="0" cb="0"/><line nr="1137" mi="3" ci="0" mb="0" cb="0"/><line nr="1138" mi="3" ci="0" mb="0" cb="0"/><line nr="1139" mi="3" ci="0" mb="0" cb="0"/><line nr="1140" mi="3" ci="0" mb="0" cb="0"/><line nr="1141" mi="3" ci="0" mb="0" cb="0"/><line nr="1142" mi="3" ci="0" mb="0" cb="0"/><line nr="1143" mi="3" ci="0" mb="0" cb="0"/><line nr="1144" mi="3" ci="0" mb="0" cb="0"/><line nr="1145" mi="3" ci="0" mb="0" cb="0"/><line nr="1150" mi="0" ci="3" mb="5" cb="6"/><line nr="1151" mi="0" ci="2" mb="0" cb="0"/><line nr="1152" mi="0" ci="2" mb="0" cb="0"/><line nr="1153" mi="2" ci="0" mb="0" cb="0"/><line nr="1154" mi="2" ci="0" mb="0" cb="0"/><line nr="1155" mi="0" ci="2" mb="0" cb="0"/><line nr="1156" mi="0" ci="2" mb="0" cb="0"/><line nr="1157" mi="0" ci="2" mb="0" cb="0"/><line nr="1158" mi="0" ci="2" mb="0" cb="0"/><line nr="1159" mi="2" ci="0" mb="0" cb="0"/><line nr="1160" mi="4" ci="0" mb="0" cb="0"/><line nr="1161" mi="5" ci="0" mb="0" cb="0"/><line nr="1172" mi="94" ci="0" mb="26" cb="0"/><line nr="1173" mi="12" ci="0" mb="0" cb="0"/><line nr="1174" mi="14" ci="0" mb="2" cb="0"/><line nr="1176" mi="5" ci="0" mb="2" cb="0"/><line nr="1177" mi="2" ci="0" mb="0" cb="0"/><line nr="1178" mi="5" ci="0" mb="0" cb="0"/><line nr="1179" mi="10" ci="0" mb="0" cb="0"/><line nr="1180" mi="1" ci="0" mb="0" cb="0"/><line nr="1181" mi="10" ci="0" mb="0" cb="0"/><line nr="1182" mi="20" ci="0" mb="8" cb="0"/><line nr="1183" mi="6" ci="0" mb="0" cb="0"/><line nr="1184" mi="33" ci="0" mb="0" cb="0"/><line nr="1185" mi="2" ci="0" mb="0" cb="0"/><line nr="1186" mi="2" ci="0" mb="0" cb="0"/><line nr="1188" mi="22" ci="0" mb="0" cb="0"/><line nr="1189" mi="2" ci="0" mb="0" cb="0"/><line nr="1190" mi="1" ci="0" mb="0" cb="0"/><line nr="1191" mi="29" ci="0" mb="0" cb="0"/><line nr="1192" mi="31" ci="0" mb="6" cb="0"/><line nr="1193" mi="2" ci="0" mb="0" cb="0"/><line nr="1194" mi="4" ci="0" mb="0" cb="0"/><line nr="1195" mi="9" ci="0" mb="0" cb="0"/><line nr="1196" mi="7" ci="0" mb="0" cb="0"/><line nr="1197" mi="6" ci="0" mb="0" cb="0"/><line nr="1198" mi="8" ci="0" mb="0" cb="0"/><line nr="1200" mi="13" ci="0" mb="0" cb="0"/><line nr="1201" mi="5" ci="0" mb="0" cb="0"/><line nr="1202" mi="14" ci="0" mb="2" cb="0"/><line nr="1203" mi="6" ci="0" mb="0" cb="0"/><line nr="1204" mi="2" ci="0" mb="0" cb="0"/><line nr="1205" mi="5" ci="0" mb="0" cb="0"/><line nr="1206" mi="5" ci="0" mb="0" cb="0"/><line nr="1207" mi="7" ci="0" mb="0" cb="0"/><line nr="1208" mi="5" ci="0" mb="0" cb="0"/><line nr="1209" mi="9" ci="0" mb="0" cb="0"/><line nr="1211" mi="5" ci="0" mb="0" cb="0"/><line nr="1213" mi="13" ci="0" mb="2" cb="0"/><line nr="1214" mi="1" ci="0" mb="0" cb="0"/><line nr="1215" mi="6" ci="0" mb="0" cb="0"/><line nr="1216" mi="4" ci="0" mb="0" cb="0"/><line nr="1217" mi="9" ci="0" mb="0" cb="0"/><line nr="1218" mi="2" ci="0" mb="0" cb="0"/><line nr="1219" mi="4" ci="0" mb="0" cb="0"/><line nr="1220" mi="9" ci="0" mb="2" cb="0"/><line nr="1222" mi="9" ci="0" mb="0" cb="0"/><line nr="1223" mi="1" ci="0" mb="0" cb="0"/><line nr="1224" mi="3" ci="0" mb="0" cb="0"/><line nr="1225" mi="2" ci="0" mb="0" cb="0"/><line nr="1226" mi="19" ci="0" mb="0" cb="0"/><line nr="1229" mi="1" ci="0" mb="0" cb="0"/><line nr="1230" mi="1" ci="0" mb="0" cb="0"/><line nr="1231" mi="3" ci="0" mb="0" cb="0"/><line nr="1232" mi="1" ci="0" mb="0" cb="0"/><line nr="1233" mi="12" ci="0" mb="0" cb="0"/><line nr="1234" mi="31" ci="0" mb="6" cb="0"/><line nr="1235" mi="7" ci="0" mb="0" cb="0"/><line nr="1236" mi="8" ci="0" mb="0" cb="0"/><line nr="1238" mi="31" ci="0" mb="0" cb="0"/><line nr="1239" mi="5" ci="0" mb="0" cb="0"/><line nr="1240" mi="1" ci="0" mb="0" cb="0"/><line nr="1241" mi="12" ci="0" mb="0" cb="0"/><line nr="1242" mi="6" ci="0" mb="0" cb="0"/><line nr="1243" mi="3" ci="0" mb="0" cb="0"/><line nr="1244" mi="2" ci="0" mb="0" cb="0"/><line nr="1245" mi="20" ci="0" mb="0" cb="0"/><line nr="1246" mi="8" ci="0" mb="0" cb="0"/><line nr="1247" mi="2" ci="0" mb="0" cb="0"/><line nr="1248" mi="4" ci="0" mb="0" cb="0"/><line nr="1249" mi="31" ci="0" mb="0" cb="0"/><line nr="1250" mi="13" ci="0" mb="0" cb="0"/><line nr="1251" mi="47" ci="0" mb="8" cb="0"/><line nr="1252" mi="1" ci="0" mb="0" cb="0"/><line nr="1253" mi="1" ci="0" mb="0" cb="0"/><line nr="1254" mi="2" ci="0" mb="0" cb="0"/><line nr="1255" mi="1" ci="0" mb="0" cb="0"/><line nr="1256" mi="25" ci="0" mb="0" cb="0"/><line nr="1257" mi="8" ci="0" mb="0" cb="0"/><line nr="1258" mi="2" ci="0" mb="0" cb="0"/><line nr="1259" mi="4" ci="0" mb="0" cb="0"/><line nr="1260" mi="11" ci="0" mb="0" cb="0"/><line nr="1261" mi="6" ci="0" mb="0" cb="0"/><line nr="1262" mi="44" ci="0" mb="8" cb="0"/><line nr="1263" mi="1" ci="0" mb="0" cb="0"/><line nr="1264" mi="3" ci="0" mb="0" cb="0"/><line nr="1265" mi="1" ci="0" mb="0" cb="0"/><line nr="1266" mi="29" ci="0" mb="8" cb="0"/><line nr="1268" mi="17" ci="0" mb="2" cb="0"/><line nr="1277" mi="6" ci="0" mb="2" cb="0"/><line nr="1278" mi="26" ci="0" mb="2" cb="0"/><line nr="1279" mi="170" ci="0" mb="42" cb="0"/><line nr="1281" mi="47" ci="0" mb="0" cb="0"/><line nr="1282" mi="30" ci="0" mb="0" cb="0"/><line nr="1284" mi="11" ci="0" mb="0" cb="0"/><line nr="1285" mi="2" ci="0" mb="0" cb="0"/><line nr="1286" mi="13" ci="0" mb="0" cb="0"/><line nr="1288" mi="32" ci="0" mb="4" cb="0"/><line nr="1289" mi="11" ci="0" mb="0" cb="0"/><line nr="1290" mi="1" ci="0" mb="0" cb="0"/><line nr="1291" mi="5" ci="0" mb="2" cb="0"/><line nr="1292" mi="12" ci="0" mb="2" cb="0"/><line nr="1293" mi="1" ci="0" mb="0" cb="0"/><line nr="1295" mi="12" ci="0" mb="0" cb="0"/><line nr="1298" mi="1" ci="0" mb="0" cb="0"/><line nr="1299" mi="14" ci="0" mb="0" cb="0"/><line nr="1300" mi="4" ci="0" mb="2" cb="0"/><line nr="1301" mi="3" ci="0" mb="0" cb="0"/><line nr="1302" mi="6" ci="0" mb="0" cb="0"/><line nr="1303" mi="3" ci="0" mb="0" cb="0"/><line nr="1304" mi="3" ci="0" mb="0" cb="0"/><line nr="1305" mi="2" ci="0" mb="0" cb="0"/><line nr="1306" mi="1" ci="0" mb="0" cb="0"/><line nr="1307" mi="15" ci="0" mb="0" cb="0"/><line nr="1308" mi="8" ci="0" mb="0" cb="0"/><line nr="1309" mi="53" ci="0" mb="6" cb="0"/><line nr="1310" mi="19" ci="0" mb="0" cb="0"/><line nr="1311" mi="45" ci="0" mb="8" cb="0"/><line nr="1312" mi="1" ci="0" mb="0" cb="0"/><line nr="1314" mi="10" ci="0" mb="0" cb="0"/><line nr="1317" mi="8" ci="0" mb="0" cb="0"/><line nr="1319" mi="35" ci="0" mb="2" cb="0"/><line nr="1320" mi="4" ci="0" mb="2" cb="0"/><line nr="1321" mi="7" ci="0" mb="0" cb="0"/><line nr="1322" mi="5" ci="0" mb="0" cb="0"/><line nr="1324" mi="2" ci="0" mb="0" cb="0"/><line nr="1325" mi="19" ci="0" mb="2" cb="0"/><line nr="1328" mi="38" ci="0" mb="10" cb="0"/><line nr="1329" mi="6" ci="0" mb="0" cb="0"/><line nr="1330" mi="2" ci="0" mb="0" cb="0"/><line nr="1331" mi="5" ci="0" mb="0" cb="0"/><line nr="1332" mi="9" ci="0" mb="0" cb="0"/><line nr="1333" mi="6" ci="0" mb="0" cb="0"/><line nr="1334" mi="5" ci="0" mb="0" cb="0"/><line nr="1336" mi="4" ci="0" mb="0" cb="0"/><line nr="1337" mi="11" ci="0" mb="4" cb="0"/><line nr="1338" mi="5" ci="0" mb="0" cb="0"/><line nr="1339" mi="19" ci="0" mb="0" cb="0"/><line nr="1340" mi="4" ci="0" mb="0" cb="0"/><line nr="1342" mi="1" ci="0" mb="0" cb="0"/><line nr="1343" mi="13" ci="0" mb="2" cb="0"/><counter type="INSTRUCTION" missed="10883" covered="45"/><counter type="BRANCH" missed="992" covered="9"/><counter type="LINE" missed="894" covered="9"/><counter type="COMPLEXITY" missed="647" covered="8"/><counter type="METHOD" missed="144" covered="2"/><counter type="CLASS" missed="45" covered="1"/></sourcefile><sourcefile name="SoundSelectionScreen.kt"><line nr="17" mi="19" ci="0" mb="6" cb="0"/><line nr="18" mi="32" ci="0" mb="0" cb="0"/><line nr="19" mi="43" ci="0" mb="0" cb="0"/><line nr="20" mi="33" ci="0" mb="0" cb="0"/><line nr="22" mi="15" ci="0" mb="0" cb="0"/><line nr="23" mi="30" ci="0" mb="0" cb="0"/><line nr="24" mi="5" ci="0" mb="0" cb="0"/><line nr="25" mi="13" ci="0" mb="0" cb="0"/><line nr="26" mi="3" ci="0" mb="0" cb="0"/><line nr="27" mi="4" ci="0" mb="0" cb="0"/><line nr="29" mi="32" ci="0" mb="0" cb="0"/><line nr="30" mi="44" ci="0" mb="8" cb="0"/><line nr="31" mi="1" ci="0" mb="0" cb="0"/><line nr="32" mi="1" ci="0" mb="0" cb="0"/><line nr="33" mi="9" ci="0" mb="4" cb="0"/><line nr="34" mi="30" ci="0" mb="0" cb="0"/><line nr="36" mi="1" ci="0" mb="0" cb="0"/><line nr="37" mi="12" ci="0" mb="2" cb="0"/><counter type="INSTRUCTION" missed="333" covered="0"/><counter type="BRANCH" missed="20" covered="0"/><counter type="LINE" missed="18" covered="0"/><counter type="COMPLEXITY" missed="17" covered="0"/><counter type="METHOD" missed="7" covered="0"/><counter type="CLASS" missed="2" covered="0"/></sourcefile><counter type="INSTRUCTION" missed="28330" covered="140"/><counter type="BRANCH" missed="2457" covered="45"/><counter type="LINE" missed="2103" covered="19"/><counter type="COMPLEXITY" missed="1658" covered="21"/><counter type="METHOD" missed="416" covered="3"/><counter type="CLASS" missed="166" covered="2"/></package><counter type="INSTRUCTION" missed="35718" covered="1990"/><counter type="BRANCH" missed="2789" covered="122"/><counter type="LINE" missed="2795" covered="328"/><counter type="COMPLEXITY" missed="2147" covered="129"/><counter type="METHOD" missed="726" covered="82"/><counter type="CLASS" missed="214" covered="28"/></report>